M	.gitignore
M	Dataset-Generator/Dataset_Generator.sh
M	Dataset-Generator/batch_copy.sh
A	Datasets/HDV/bpseq/SEQUENCE_100.bpseq
A	Datasets/HDV/bpseq/SEQUENCE_101.bpseq
A	Datasets/HDV/bpseq/SEQUENCE_102.bpseq
A	Datasets/HDV/bpseq/SEQUENCE_103.bpseq
A	Datasets/HDV/bpseq/SEQUENCE_104.bpseq
A	Datasets/HDV/bpseq/SEQUENCE_105.bpseq
A	Datasets/HDV/bpseq/SEQUENCE_106.bpseq
A	Datasets/HDV/bpseq/SEQUENCE_107.bpseq
A	Datasets/HDV/bpseq/SEQUENCE_108.bpseq
A	Datasets/HDV/bpseq/SEQUENCE_109.bpseq
A	Datasets/HDV/bpseq/SEQUENCE_110.bpseq
A	Datasets/HDV/bpseq/SEQUENCE_111.bpseq
A	Datasets/HDV/bpseq/SEQUENCE_112.bpseq
A	Datasets/HDV/bpseq/SEQUENCE_113.bpseq
A	Datasets/HDV/bpseq/SEQUENCE_114.bpseq
A	Datasets/HDV/bpseq/SEQUENCE_115.bpseq
A	Datasets/HDV/bpseq/SEQUENCE_116.bpseq
A	Datasets/HDV/bpseq/SEQUENCE_117.bpseq
A	Datasets/HDV/bpseq/SEQUENCE_118.bpseq
A	Datasets/HDV/bpseq/SEQUENCE_119.bpseq
A	Datasets/HDV/bpseq/SEQUENCE_120.bpseq
A	Datasets/HDV/bpseq/SEQUENCE_121.bpseq
A	Datasets/HDV/bpseq/SEQUENCE_122.bpseq
A	Datasets/HDV/bpseq/SEQUENCE_123.bpseq
A	Datasets/HDV/bpseq/SEQUENCE_124.bpseq
A	Datasets/HDV/bpseq/SEQUENCE_125.bpseq
A	Datasets/HDV/bpseq/SEQUENCE_126.bpseq
A	Datasets/HDV/bpseq/SEQUENCE_127.bpseq
A	Datasets/HDV/bpseq/SEQUENCE_128.bpseq
A	Datasets/HDV/bpseq/SEQUENCE_129.bpseq
A	Datasets/HDV/bpseq/SEQUENCE_130.bpseq
A	Datasets/HDV/bpseq/SEQUENCE_131.bpseq
A	Datasets/HDV/bpseq/SEQUENCE_132.bpseq
A	Datasets/HDV/bpseq/SEQUENCE_133.bpseq
A	Datasets/HDV/bpseq/SEQUENCE_134.bpseq
A	Datasets/HDV/bpseq/SEQUENCE_135.bpseq
A	Datasets/HDV/bpseq/SEQUENCE_136.bpseq
A	Datasets/HDV/bpseq/SEQUENCE_137.bpseq
A	Datasets/HDV/bpseq/SEQUENCE_138.bpseq
A	Datasets/HDV/bpseq/SEQUENCE_139.bpseq
A	Datasets/HDV/bpseq/SEQUENCE_140.bpseq
A	Datasets/HDV/bpseq/SEQUENCE_141.bpseq
A	Datasets/HDV/bpseq/SEQUENCE_142.bpseq
A	Datasets/HDV/bpseq/SEQUENCE_143.bpseq
A	Datasets/HDV/bpseq/SEQUENCE_144.bpseq
A	Datasets/HDV/bpseq/SEQUENCE_145.bpseq
A	Datasets/HDV/bpseq/SEQUENCE_146.bpseq
A	Datasets/HDV/bpseq/SEQUENCE_147.bpseq
A	Datasets/HDV/bpseq/SEQUENCE_148.bpseq
A	Datasets/HDV/bpseq/SEQUENCE_149.bpseq
A	Datasets/HDV/bpseq/SEQUENCE_150.bpseq
A	Datasets/HDV/bpseq/SEQUENCE_151.bpseq
A	Datasets/HDV/bpseq/SEQUENCE_152.bpseq
A	Datasets/HDV/bpseq/SEQUENCE_153.bpseq
A	Datasets/HDV/bpseq/SEQUENCE_154.bpseq
A	Datasets/HDV/bpseq/SEQUENCE_155.bpseq
A	Datasets/HDV/bpseq/SEQUENCE_156.bpseq
A	Datasets/HDV/bpseq/SEQUENCE_157.bpseq
A	Datasets/HDV/bpseq/SEQUENCE_158.bpseq
A	Datasets/HDV/bpseq/SEQUENCE_159.bpseq
A	Datasets/HDV/bpseq/SEQUENCE_160.bpseq
A	Datasets/HDV/bpseq/SEQUENCE_161.bpseq
A	Datasets/HDV/bpseq/SEQUENCE_162.bpseq
A	Datasets/HDV/bpseq/SEQUENCE_163.bpseq
A	Datasets/HDV/bpseq/SEQUENCE_164.bpseq
A	Datasets/HDV/bpseq/SEQUENCE_165.bpseq
A	Datasets/HDV/bpseq/SEQUENCE_166.bpseq
A	Datasets/HDV/bpseq/SEQUENCE_167.bpseq
A	Datasets/HDV/bpseq/SEQUENCE_168.bpseq
A	Datasets/HDV/bpseq/SEQUENCE_169.bpseq
A	Datasets/HDV/bpseq/SEQUENCE_170.bpseq
A	Datasets/HDV/bpseq/SEQUENCE_171.bpseq
A	Datasets/HDV/bpseq/SEQUENCE_172.bpseq
A	Datasets/HDV/bpseq/SEQUENCE_173.bpseq
A	Datasets/HDV/bpseq/SEQUENCE_174.bpseq
A	Datasets/HDV/bpseq/SEQUENCE_175.bpseq
A	Datasets/HDV/bpseq/SEQUENCE_176.bpseq
A	Datasets/HDV/bpseq/SEQUENCE_177.bpseq
A	Datasets/HDV/bpseq/SEQUENCE_178.bpseq
A	Datasets/HDV/bpseq/SEQUENCE_179.bpseq
A	Datasets/HDV/bpseq/SEQUENCE_180.bpseq
A	Datasets/HDV/bpseq/SEQUENCE_181.bpseq
A	Datasets/HDV/bpseq/SEQUENCE_182.bpseq
A	Datasets/HDV/bpseq/SEQUENCE_183.bpseq
A	Datasets/HDV/bpseq/SEQUENCE_184.bpseq
A	Datasets/HDV/bpseq/SEQUENCE_185.bpseq
A	Datasets/HDV/bpseq/SEQUENCE_186.bpseq
A	Datasets/HDV/bpseq/SEQUENCE_187.bpseq
A	Datasets/HDV/bpseq/SEQUENCE_188.bpseq
A	Datasets/HDV/bpseq/SEQUENCE_189.bpseq
A	Datasets/HDV/bpseq/SEQUENCE_190.bpseq
A	Datasets/HDV/bpseq/SEQUENCE_191.bpseq
A	Datasets/HDV/bpseq/SEQUENCE_192.bpseq
A	Datasets/HDV/bpseq/SEQUENCE_193.bpseq
A	Datasets/HDV/bpseq/SEQUENCE_194.bpseq
A	Datasets/HDV/bpseq/SEQUENCE_195.bpseq
A	Datasets/HDV/bpseq/SEQUENCE_196.bpseq
A	Datasets/HDV/bpseq/SEQUENCE_197.bpseq
A	Datasets/HDV/bpseq/SEQUENCE_198.bpseq
A	Datasets/HDV/bpseq/SEQUENCE_199.bpseq
A	Datasets/HDV/bpseq/SEQUENCE_200.bpseq
A	Datasets/HDV/bpseq/SEQUENCE_201.bpseq
A	Datasets/HDV/bpseq/SEQUENCE_202.bpseq
A	Datasets/HDV/bpseq/SEQUENCE_203.bpseq
A	Datasets/HDV/bpseq/SEQUENCE_204.bpseq
A	Datasets/HDV/bpseq/SEQUENCE_205.bpseq
A	Datasets/HDV/bpseq/SEQUENCE_206.bpseq
A	Datasets/HDV/bpseq/SEQUENCE_207.bpseq
A	Datasets/HDV/bpseq/SEQUENCE_208.bpseq
A	Datasets/HDV/bpseq/SEQUENCE_209.bpseq
A	Datasets/HDV/bpseq/SEQUENCE_210.bpseq
A	Datasets/HDV/bpseq/SEQUENCE_211.bpseq
A	Datasets/HDV/bpseq/SEQUENCE_212.bpseq
A	Datasets/HDV/bpseq/SEQUENCE_213.bpseq
A	Datasets/HDV/bpseq/SEQUENCE_214.bpseq
A	Datasets/HDV/bpseq/SEQUENCE_215.bpseq
A	Datasets/HDV/bpseq/SEQUENCE_216.bpseq
A	Datasets/HDV/bpseq/SEQUENCE_217.bpseq
A	Datasets/HDV/bpseq/SEQUENCE_218.bpseq
A	Datasets/HDV/bpseq/SEQUENCE_219.bpseq
A	Datasets/HDV/bpseq/SEQUENCE_220.bpseq
A	Datasets/HDV/bpseq/SEQUENCE_221.bpseq
A	Datasets/HDV/bpseq/SEQUENCE_222.bpseq
A	Datasets/HDV/bpseq/SEQUENCE_223.bpseq
A	Datasets/HDV/bpseq/SEQUENCE_224.bpseq
A	Datasets/HDV/bpseq/SEQUENCE_225.bpseq
A	Datasets/HDV/bpseq/SEQUENCE_226.bpseq
A	Datasets/HDV/bpseq/SEQUENCE_227.bpseq
A	Datasets/HDV/bpseq/SEQUENCE_228.bpseq
A	Datasets/HDV/bpseq/SEQUENCE_229.bpseq
A	Datasets/HDV/bpseq/SEQUENCE_230.bpseq
A	Datasets/HDV/bpseq/SEQUENCE_231.bpseq
A	Datasets/HDV/bpseq/SEQUENCE_232.bpseq
A	Datasets/HDV/bpseq/SEQUENCE_233.bpseq
A	Datasets/HDV/bpseq/SEQUENCE_234.bpseq
A	Datasets/HDV/bpseq/SEQUENCE_235.bpseq
A	Datasets/HDV/bpseq/SEQUENCE_236.bpseq
A	Datasets/HDV/bpseq/SEQUENCE_237.bpseq
A	Datasets/HDV/bpseq/SEQUENCE_238.bpseq
A	Datasets/HDV/bpseq/SEQUENCE_239.bpseq
A	Datasets/HDV/bpseq/SEQUENCE_240.bpseq
A	Datasets/HDV/bpseq/SEQUENCE_241.bpseq
A	Datasets/HDV/bpseq/SEQUENCE_242.bpseq
A	Datasets/HDV/bpseq/SEQUENCE_243.bpseq
A	Datasets/HDV/bpseq/SEQUENCE_244.bpseq
A	Datasets/HDV/bpseq/SEQUENCE_245.bpseq
A	Datasets/HDV/bpseq/SEQUENCE_246.bpseq
A	Datasets/HDV/bpseq/SEQUENCE_247.bpseq
A	Datasets/HDV/bpseq/SEQUENCE_248.bpseq
A	Datasets/HDV/bpseq/SEQUENCE_249.bpseq
A	Datasets/HDV/bpseq/SEQUENCE_250.bpseq
A	Datasets/HDV/bpseq/SEQUENCE_251.bpseq
A	Datasets/HDV/bpseq/SEQUENCE_252.bpseq
A	Datasets/HDV/bpseq/SEQUENCE_253.bpseq
A	Datasets/HDV/bpseq/SEQUENCE_254.bpseq
A	Datasets/HDV/bpseq/SEQUENCE_255.bpseq
A	Datasets/HDV/bpseq/SEQUENCE_256.bpseq
A	Datasets/HDV/bpseq/SEQUENCE_257.bpseq
A	Datasets/HDV/bpseq/SEQUENCE_258.bpseq
A	Datasets/HDV/bpseq/SEQUENCE_259.bpseq
A	Datasets/HDV/bpseq/SEQUENCE_260.bpseq
A	Datasets/HDV/bpseq/SEQUENCE_261.bpseq
A	Datasets/HDV/bpseq/SEQUENCE_262.bpseq
A	Datasets/HDV/bpseq/SEQUENCE_263.bpseq
A	Datasets/HDV/bpseq/SEQUENCE_264.bpseq
A	Datasets/HDV/bpseq/SEQUENCE_265.bpseq
A	Datasets/HDV/bpseq/SEQUENCE_266.bpseq
A	Datasets/HDV/bpseq/SEQUENCE_267.bpseq
A	Datasets/HDV/bpseq/SEQUENCE_268.bpseq
A	Datasets/HDV/bpseq/SEQUENCE_269.bpseq
A	Datasets/HDV/bpseq/SEQUENCE_270.bpseq
A	Datasets/HDV/bpseq/SEQUENCE_271.bpseq
A	Datasets/HDV/bpseq/SEQUENCE_272.bpseq
A	Datasets/HDV/bpseq/SEQUENCE_273.bpseq
A	Datasets/HDV/bpseq/SEQUENCE_274.bpseq
A	Datasets/HDV/bpseq/SEQUENCE_275.bpseq
A	Datasets/HDV/bpseq/SEQUENCE_276.bpseq
A	Datasets/HDV/bpseq/SEQUENCE_277.bpseq
A	Datasets/HDV/bpseq/SEQUENCE_278.bpseq
A	Datasets/HDV/bpseq/SEQUENCE_279.bpseq
A	Datasets/HDV/bpseq/SEQUENCE_280.bpseq
A	Datasets/HDV/bpseq/SEQUENCE_281.bpseq
A	Datasets/HDV/bpseq/SEQUENCE_282.bpseq
A	Datasets/HDV/bpseq/SEQUENCE_283.bpseq
A	Datasets/HDV/bpseq/SEQUENCE_284.bpseq
A	Datasets/HDV/bpseq/SEQUENCE_285.bpseq
A	Datasets/HDV/bpseq/SEQUENCE_286.bpseq
A	Datasets/HDV/bpseq/SEQUENCE_287.bpseq
A	Datasets/HDV/bpseq/SEQUENCE_288.bpseq
A	Datasets/HDV/bpseq/SEQUENCE_289.bpseq
A	Datasets/HDV/bpseq/SEQUENCE_290.bpseq
A	Datasets/HDV/bpseq/SEQUENCE_291.bpseq
A	Datasets/HDV/bpseq/SEQUENCE_292.bpseq
A	Datasets/HDV/bpseq/SEQUENCE_293.bpseq
A	Datasets/HDV/bpseq/SEQUENCE_294.bpseq
A	Datasets/HDV/bpseq/SEQUENCE_295.bpseq
A	Datasets/HDV/bpseq/SEQUENCE_296.bpseq
A	Datasets/HDV/bpseq/SEQUENCE_297.bpseq
A	Datasets/HDV/bpseq/SEQUENCE_298.bpseq
A	Datasets/HDV/bpseq/SEQUENCE_299.bpseq
A	Datasets/HDV/ct/SEQUENCE_100.ct
A	Datasets/HDV/ct/SEQUENCE_101.ct
A	Datasets/HDV/ct/SEQUENCE_102.ct
A	Datasets/HDV/ct/SEQUENCE_103.ct
A	Datasets/HDV/ct/SEQUENCE_104.ct
A	Datasets/HDV/ct/SEQUENCE_105.ct
A	Datasets/HDV/ct/SEQUENCE_106.ct
A	Datasets/HDV/ct/SEQUENCE_107.ct
A	Datasets/HDV/ct/SEQUENCE_108.ct
A	Datasets/HDV/ct/SEQUENCE_109.ct
A	Datasets/HDV/ct/SEQUENCE_110.ct
A	Datasets/HDV/ct/SEQUENCE_111.ct
A	Datasets/HDV/ct/SEQUENCE_112.ct
A	Datasets/HDV/ct/SEQUENCE_113.ct
A	Datasets/HDV/ct/SEQUENCE_114.ct
A	Datasets/HDV/ct/SEQUENCE_115.ct
A	Datasets/HDV/ct/SEQUENCE_116.ct
A	Datasets/HDV/ct/SEQUENCE_117.ct
A	Datasets/HDV/ct/SEQUENCE_118.ct
A	Datasets/HDV/ct/SEQUENCE_119.ct
A	Datasets/HDV/ct/SEQUENCE_120.ct
A	Datasets/HDV/ct/SEQUENCE_121.ct
A	Datasets/HDV/ct/SEQUENCE_122.ct
A	Datasets/HDV/ct/SEQUENCE_123.ct
A	Datasets/HDV/ct/SEQUENCE_124.ct
A	Datasets/HDV/ct/SEQUENCE_125.ct
A	Datasets/HDV/ct/SEQUENCE_126.ct
A	Datasets/HDV/ct/SEQUENCE_127.ct
A	Datasets/HDV/ct/SEQUENCE_128.ct
A	Datasets/HDV/ct/SEQUENCE_129.ct
A	Datasets/HDV/ct/SEQUENCE_130.ct
A	Datasets/HDV/ct/SEQUENCE_131.ct
A	Datasets/HDV/ct/SEQUENCE_132.ct
A	Datasets/HDV/ct/SEQUENCE_133.ct
A	Datasets/HDV/ct/SEQUENCE_134.ct
A	Datasets/HDV/ct/SEQUENCE_135.ct
A	Datasets/HDV/ct/SEQUENCE_136.ct
A	Datasets/HDV/ct/SEQUENCE_137.ct
A	Datasets/HDV/ct/SEQUENCE_138.ct
A	Datasets/HDV/ct/SEQUENCE_139.ct
A	Datasets/HDV/ct/SEQUENCE_140.ct
A	Datasets/HDV/ct/SEQUENCE_141.ct
A	Datasets/HDV/ct/SEQUENCE_142.ct
A	Datasets/HDV/ct/SEQUENCE_143.ct
A	Datasets/HDV/ct/SEQUENCE_144.ct
A	Datasets/HDV/ct/SEQUENCE_145.ct
A	Datasets/HDV/ct/SEQUENCE_146.ct
A	Datasets/HDV/ct/SEQUENCE_147.ct
A	Datasets/HDV/ct/SEQUENCE_148.ct
A	Datasets/HDV/ct/SEQUENCE_149.ct
A	Datasets/HDV/ct/SEQUENCE_150.ct
A	Datasets/HDV/ct/SEQUENCE_151.ct
A	Datasets/HDV/ct/SEQUENCE_152.ct
A	Datasets/HDV/ct/SEQUENCE_153.ct
A	Datasets/HDV/ct/SEQUENCE_154.ct
A	Datasets/HDV/ct/SEQUENCE_155.ct
A	Datasets/HDV/ct/SEQUENCE_156.ct
A	Datasets/HDV/ct/SEQUENCE_157.ct
A	Datasets/HDV/ct/SEQUENCE_158.ct
A	Datasets/HDV/ct/SEQUENCE_159.ct
A	Datasets/HDV/ct/SEQUENCE_160.ct
A	Datasets/HDV/ct/SEQUENCE_161.ct
A	Datasets/HDV/ct/SEQUENCE_162.ct
A	Datasets/HDV/ct/SEQUENCE_163.ct
A	Datasets/HDV/ct/SEQUENCE_164.ct
A	Datasets/HDV/ct/SEQUENCE_165.ct
A	Datasets/HDV/ct/SEQUENCE_166.ct
A	Datasets/HDV/ct/SEQUENCE_167.ct
A	Datasets/HDV/ct/SEQUENCE_168.ct
A	Datasets/HDV/ct/SEQUENCE_169.ct
A	Datasets/HDV/ct/SEQUENCE_170.ct
A	Datasets/HDV/ct/SEQUENCE_171.ct
A	Datasets/HDV/ct/SEQUENCE_172.ct
A	Datasets/HDV/ct/SEQUENCE_173.ct
A	Datasets/HDV/ct/SEQUENCE_174.ct
A	Datasets/HDV/ct/SEQUENCE_175.ct
A	Datasets/HDV/ct/SEQUENCE_176.ct
A	Datasets/HDV/ct/SEQUENCE_177.ct
A	Datasets/HDV/ct/SEQUENCE_178.ct
A	Datasets/HDV/ct/SEQUENCE_179.ct
A	Datasets/HDV/ct/SEQUENCE_180.ct
A	Datasets/HDV/ct/SEQUENCE_181.ct
A	Datasets/HDV/ct/SEQUENCE_182.ct
A	Datasets/HDV/ct/SEQUENCE_183.ct
A	Datasets/HDV/ct/SEQUENCE_184.ct
A	Datasets/HDV/ct/SEQUENCE_185.ct
A	Datasets/HDV/ct/SEQUENCE_186.ct
A	Datasets/HDV/ct/SEQUENCE_187.ct
A	Datasets/HDV/ct/SEQUENCE_188.ct
A	Datasets/HDV/ct/SEQUENCE_189.ct
A	Datasets/HDV/ct/SEQUENCE_190.ct
A	Datasets/HDV/ct/SEQUENCE_191.ct
A	Datasets/HDV/ct/SEQUENCE_192.ct
A	Datasets/HDV/ct/SEQUENCE_193.ct
A	Datasets/HDV/ct/SEQUENCE_194.ct
A	Datasets/HDV/ct/SEQUENCE_195.ct
A	Datasets/HDV/ct/SEQUENCE_196.ct
A	Datasets/HDV/ct/SEQUENCE_197.ct
A	Datasets/HDV/ct/SEQUENCE_198.ct
A	Datasets/HDV/ct/SEQUENCE_199.ct
A	Datasets/HDV/ct/SEQUENCE_200.ct
A	Datasets/HDV/ct/SEQUENCE_201.ct
A	Datasets/HDV/ct/SEQUENCE_202.ct
A	Datasets/HDV/ct/SEQUENCE_203.ct
A	Datasets/HDV/ct/SEQUENCE_204.ct
A	Datasets/HDV/ct/SEQUENCE_205.ct
A	Datasets/HDV/ct/SEQUENCE_206.ct
A	Datasets/HDV/ct/SEQUENCE_207.ct
A	Datasets/HDV/ct/SEQUENCE_208.ct
A	Datasets/HDV/ct/SEQUENCE_209.ct
A	Datasets/HDV/ct/SEQUENCE_210.ct
A	Datasets/HDV/ct/SEQUENCE_211.ct
A	Datasets/HDV/ct/SEQUENCE_212.ct
A	Datasets/HDV/ct/SEQUENCE_213.ct
A	Datasets/HDV/ct/SEQUENCE_214.ct
A	Datasets/HDV/ct/SEQUENCE_215.ct
A	Datasets/HDV/ct/SEQUENCE_216.ct
A	Datasets/HDV/ct/SEQUENCE_217.ct
A	Datasets/HDV/ct/SEQUENCE_218.ct
A	Datasets/HDV/ct/SEQUENCE_219.ct
A	Datasets/HDV/ct/SEQUENCE_220.ct
A	Datasets/HDV/ct/SEQUENCE_221.ct
A	Datasets/HDV/ct/SEQUENCE_222.ct
A	Datasets/HDV/ct/SEQUENCE_223.ct
A	Datasets/HDV/ct/SEQUENCE_224.ct
A	Datasets/HDV/ct/SEQUENCE_225.ct
A	Datasets/HDV/ct/SEQUENCE_226.ct
A	Datasets/HDV/ct/SEQUENCE_227.ct
A	Datasets/HDV/ct/SEQUENCE_228.ct
A	Datasets/HDV/ct/SEQUENCE_229.ct
A	Datasets/HDV/ct/SEQUENCE_230.ct
A	Datasets/HDV/ct/SEQUENCE_231.ct
A	Datasets/HDV/ct/SEQUENCE_232.ct
A	Datasets/HDV/ct/SEQUENCE_233.ct
A	Datasets/HDV/ct/SEQUENCE_234.ct
A	Datasets/HDV/ct/SEQUENCE_235.ct
A	Datasets/HDV/ct/SEQUENCE_236.ct
A	Datasets/HDV/ct/SEQUENCE_237.ct
A	Datasets/HDV/ct/SEQUENCE_238.ct
A	Datasets/HDV/ct/SEQUENCE_239.ct
A	Datasets/HDV/ct/SEQUENCE_240.ct
A	Datasets/HDV/ct/SEQUENCE_241.ct
A	Datasets/HDV/ct/SEQUENCE_242.ct
A	Datasets/HDV/ct/SEQUENCE_243.ct
A	Datasets/HDV/ct/SEQUENCE_244.ct
A	Datasets/HDV/ct/SEQUENCE_245.ct
A	Datasets/HDV/ct/SEQUENCE_246.ct
A	Datasets/HDV/ct/SEQUENCE_247.ct
A	Datasets/HDV/ct/SEQUENCE_248.ct
A	Datasets/HDV/ct/SEQUENCE_249.ct
A	Datasets/HDV/ct/SEQUENCE_250.ct
A	Datasets/HDV/ct/SEQUENCE_251.ct
A	Datasets/HDV/ct/SEQUENCE_252.ct
A	Datasets/HDV/ct/SEQUENCE_253.ct
A	Datasets/HDV/ct/SEQUENCE_254.ct
A	Datasets/HDV/ct/SEQUENCE_255.ct
A	Datasets/HDV/ct/SEQUENCE_256.ct
A	Datasets/HDV/ct/SEQUENCE_257.ct
A	Datasets/HDV/ct/SEQUENCE_258.ct
A	Datasets/HDV/ct/SEQUENCE_259.ct
A	Datasets/HDV/ct/SEQUENCE_260.ct
A	Datasets/HDV/ct/SEQUENCE_261.ct
A	Datasets/HDV/ct/SEQUENCE_262.ct
A	Datasets/HDV/ct/SEQUENCE_263.ct
A	Datasets/HDV/ct/SEQUENCE_264.ct
A	Datasets/HDV/ct/SEQUENCE_265.ct
A	Datasets/HDV/ct/SEQUENCE_266.ct
A	Datasets/HDV/ct/SEQUENCE_267.ct
A	Datasets/HDV/ct/SEQUENCE_268.ct
A	Datasets/HDV/ct/SEQUENCE_269.ct
A	Datasets/HDV/ct/SEQUENCE_270.ct
A	Datasets/HDV/ct/SEQUENCE_271.ct
A	Datasets/HDV/ct/SEQUENCE_272.ct
A	Datasets/HDV/ct/SEQUENCE_273.ct
A	Datasets/HDV/ct/SEQUENCE_274.ct
A	Datasets/HDV/ct/SEQUENCE_275.ct
A	Datasets/HDV/ct/SEQUENCE_276.ct
A	Datasets/HDV/ct/SEQUENCE_277.ct
A	Datasets/HDV/ct/SEQUENCE_278.ct
A	Datasets/HDV/ct/SEQUENCE_279.ct
A	Datasets/HDV/ct/SEQUENCE_280.ct
A	Datasets/HDV/ct/SEQUENCE_281.ct
A	Datasets/HDV/ct/SEQUENCE_282.ct
A	Datasets/HDV/ct/SEQUENCE_283.ct
A	Datasets/HDV/ct/SEQUENCE_284.ct
A	Datasets/HDV/ct/SEQUENCE_285.ct
A	Datasets/HDV/ct/SEQUENCE_286.ct
A	Datasets/HDV/ct/SEQUENCE_287.ct
A	Datasets/HDV/ct/SEQUENCE_288.ct
A	Datasets/HDV/ct/SEQUENCE_289.ct
A	Datasets/HDV/ct/SEQUENCE_290.ct
A	Datasets/HDV/ct/SEQUENCE_291.ct
A	Datasets/HDV/ct/SEQUENCE_292.ct
A	Datasets/HDV/ct/SEQUENCE_293.ct
A	Datasets/HDV/ct/SEQUENCE_294.ct
A	Datasets/HDV/ct/SEQUENCE_295.ct
A	Datasets/HDV/ct/SEQUENCE_296.ct
A	Datasets/HDV/ct/SEQUENCE_297.ct
A	Datasets/HDV/ct/SEQUENCE_298.ct
A	Datasets/HDV/ct/SEQUENCE_299.ct
A	Datasets/HDV/dbn/SEQUENCE_100.dbn
A	Datasets/HDV/dbn/SEQUENCE_101.dbn
A	Datasets/HDV/dbn/SEQUENCE_102.dbn
A	Datasets/HDV/dbn/SEQUENCE_103.dbn
A	Datasets/HDV/dbn/SEQUENCE_104.dbn
A	Datasets/HDV/dbn/SEQUENCE_105.dbn
A	Datasets/HDV/dbn/SEQUENCE_106.dbn
A	Datasets/HDV/dbn/SEQUENCE_107.dbn
A	Datasets/HDV/dbn/SEQUENCE_108.dbn
A	Datasets/HDV/dbn/SEQUENCE_109.dbn
A	Datasets/HDV/dbn/SEQUENCE_110.dbn
A	Datasets/HDV/dbn/SEQUENCE_111.dbn
A	Datasets/HDV/dbn/SEQUENCE_112.dbn
A	Datasets/HDV/dbn/SEQUENCE_113.dbn
A	Datasets/HDV/dbn/SEQUENCE_114.dbn
A	Datasets/HDV/dbn/SEQUENCE_115.dbn
A	Datasets/HDV/dbn/SEQUENCE_116.dbn
A	Datasets/HDV/dbn/SEQUENCE_117.dbn
A	Datasets/HDV/dbn/SEQUENCE_118.dbn
A	Datasets/HDV/dbn/SEQUENCE_119.dbn
A	Datasets/HDV/dbn/SEQUENCE_120.dbn
A	Datasets/HDV/dbn/SEQUENCE_121.dbn
A	Datasets/HDV/dbn/SEQUENCE_122.dbn
A	Datasets/HDV/dbn/SEQUENCE_123.dbn
A	Datasets/HDV/dbn/SEQUENCE_124.dbn
A	Datasets/HDV/dbn/SEQUENCE_125.dbn
A	Datasets/HDV/dbn/SEQUENCE_126.dbn
A	Datasets/HDV/dbn/SEQUENCE_127.dbn
A	Datasets/HDV/dbn/SEQUENCE_128.dbn
A	Datasets/HDV/dbn/SEQUENCE_129.dbn
A	Datasets/HDV/dbn/SEQUENCE_130.dbn
A	Datasets/HDV/dbn/SEQUENCE_131.dbn
A	Datasets/HDV/dbn/SEQUENCE_132.dbn
A	Datasets/HDV/dbn/SEQUENCE_133.dbn
A	Datasets/HDV/dbn/SEQUENCE_134.dbn
A	Datasets/HDV/dbn/SEQUENCE_135.dbn
A	Datasets/HDV/dbn/SEQUENCE_136.dbn
A	Datasets/HDV/dbn/SEQUENCE_137.dbn
A	Datasets/HDV/dbn/SEQUENCE_138.dbn
A	Datasets/HDV/dbn/SEQUENCE_139.dbn
A	Datasets/HDV/dbn/SEQUENCE_140.dbn
A	Datasets/HDV/dbn/SEQUENCE_141.dbn
A	Datasets/HDV/dbn/SEQUENCE_142.dbn
A	Datasets/HDV/dbn/SEQUENCE_143.dbn
A	Datasets/HDV/dbn/SEQUENCE_144.dbn
A	Datasets/HDV/dbn/SEQUENCE_145.dbn
A	Datasets/HDV/dbn/SEQUENCE_146.dbn
A	Datasets/HDV/dbn/SEQUENCE_147.dbn
A	Datasets/HDV/dbn/SEQUENCE_148.dbn
A	Datasets/HDV/dbn/SEQUENCE_149.dbn
A	Datasets/HDV/dbn/SEQUENCE_150.dbn
A	Datasets/HDV/dbn/SEQUENCE_151.dbn
A	Datasets/HDV/dbn/SEQUENCE_152.dbn
A	Datasets/HDV/dbn/SEQUENCE_153.dbn
A	Datasets/HDV/dbn/SEQUENCE_154.dbn
A	Datasets/HDV/dbn/SEQUENCE_155.dbn
A	Datasets/HDV/dbn/SEQUENCE_156.dbn
A	Datasets/HDV/dbn/SEQUENCE_157.dbn
A	Datasets/HDV/dbn/SEQUENCE_158.dbn
A	Datasets/HDV/dbn/SEQUENCE_159.dbn
A	Datasets/HDV/dbn/SEQUENCE_160.dbn
A	Datasets/HDV/dbn/SEQUENCE_161.dbn
A	Datasets/HDV/dbn/SEQUENCE_162.dbn
A	Datasets/HDV/dbn/SEQUENCE_163.dbn
A	Datasets/HDV/dbn/SEQUENCE_164.dbn
A	Datasets/HDV/dbn/SEQUENCE_165.dbn
A	Datasets/HDV/dbn/SEQUENCE_166.dbn
A	Datasets/HDV/dbn/SEQUENCE_167.dbn
A	Datasets/HDV/dbn/SEQUENCE_168.dbn
A	Datasets/HDV/dbn/SEQUENCE_169.dbn
A	Datasets/HDV/dbn/SEQUENCE_170.dbn
A	Datasets/HDV/dbn/SEQUENCE_171.dbn
A	Datasets/HDV/dbn/SEQUENCE_172.dbn
A	Datasets/HDV/dbn/SEQUENCE_173.dbn
A	Datasets/HDV/dbn/SEQUENCE_174.dbn
A	Datasets/HDV/dbn/SEQUENCE_175.dbn
A	Datasets/HDV/dbn/SEQUENCE_176.dbn
A	Datasets/HDV/dbn/SEQUENCE_177.dbn
A	Datasets/HDV/dbn/SEQUENCE_178.dbn
A	Datasets/HDV/dbn/SEQUENCE_179.dbn
A	Datasets/HDV/dbn/SEQUENCE_180.dbn
A	Datasets/HDV/dbn/SEQUENCE_181.dbn
A	Datasets/HDV/dbn/SEQUENCE_182.dbn
A	Datasets/HDV/dbn/SEQUENCE_183.dbn
A	Datasets/HDV/dbn/SEQUENCE_184.dbn
A	Datasets/HDV/dbn/SEQUENCE_185.dbn
A	Datasets/HDV/dbn/SEQUENCE_186.dbn
A	Datasets/HDV/dbn/SEQUENCE_187.dbn
A	Datasets/HDV/dbn/SEQUENCE_188.dbn
A	Datasets/HDV/dbn/SEQUENCE_189.dbn
A	Datasets/HDV/dbn/SEQUENCE_190.dbn
A	Datasets/HDV/dbn/SEQUENCE_191.dbn
A	Datasets/HDV/dbn/SEQUENCE_192.dbn
A	Datasets/HDV/dbn/SEQUENCE_193.dbn
A	Datasets/HDV/dbn/SEQUENCE_194.dbn
A	Datasets/HDV/dbn/SEQUENCE_195.dbn
A	Datasets/HDV/dbn/SEQUENCE_196.dbn
A	Datasets/HDV/dbn/SEQUENCE_197.dbn
A	Datasets/HDV/dbn/SEQUENCE_198.dbn
A	Datasets/HDV/dbn/SEQUENCE_199.dbn
A	Datasets/HDV/dbn/SEQUENCE_200.dbn
A	Datasets/HDV/dbn/SEQUENCE_201.dbn
A	Datasets/HDV/dbn/SEQUENCE_202.dbn
A	Datasets/HDV/dbn/SEQUENCE_203.dbn
A	Datasets/HDV/dbn/SEQUENCE_204.dbn
A	Datasets/HDV/dbn/SEQUENCE_205.dbn
A	Datasets/HDV/dbn/SEQUENCE_206.dbn
A	Datasets/HDV/dbn/SEQUENCE_207.dbn
A	Datasets/HDV/dbn/SEQUENCE_208.dbn
A	Datasets/HDV/dbn/SEQUENCE_209.dbn
A	Datasets/HDV/dbn/SEQUENCE_210.dbn
A	Datasets/HDV/dbn/SEQUENCE_211.dbn
A	Datasets/HDV/dbn/SEQUENCE_212.dbn
A	Datasets/HDV/dbn/SEQUENCE_213.dbn
A	Datasets/HDV/dbn/SEQUENCE_214.dbn
A	Datasets/HDV/dbn/SEQUENCE_215.dbn
A	Datasets/HDV/dbn/SEQUENCE_216.dbn
A	Datasets/HDV/dbn/SEQUENCE_217.dbn
A	Datasets/HDV/dbn/SEQUENCE_218.dbn
A	Datasets/HDV/dbn/SEQUENCE_219.dbn
A	Datasets/HDV/dbn/SEQUENCE_220.dbn
A	Datasets/HDV/dbn/SEQUENCE_221.dbn
A	Datasets/HDV/dbn/SEQUENCE_222.dbn
A	Datasets/HDV/dbn/SEQUENCE_223.dbn
A	Datasets/HDV/dbn/SEQUENCE_224.dbn
A	Datasets/HDV/dbn/SEQUENCE_225.dbn
A	Datasets/HDV/dbn/SEQUENCE_226.dbn
A	Datasets/HDV/dbn/SEQUENCE_227.dbn
A	Datasets/HDV/dbn/SEQUENCE_228.dbn
A	Datasets/HDV/dbn/SEQUENCE_229.dbn
A	Datasets/HDV/dbn/SEQUENCE_230.dbn
A	Datasets/HDV/dbn/SEQUENCE_231.dbn
A	Datasets/HDV/dbn/SEQUENCE_232.dbn
A	Datasets/HDV/dbn/SEQUENCE_233.dbn
A	Datasets/HDV/dbn/SEQUENCE_234.dbn
A	Datasets/HDV/dbn/SEQUENCE_235.dbn
A	Datasets/HDV/dbn/SEQUENCE_236.dbn
A	Datasets/HDV/dbn/SEQUENCE_237.dbn
A	Datasets/HDV/dbn/SEQUENCE_238.dbn
A	Datasets/HDV/dbn/SEQUENCE_239.dbn
A	Datasets/HDV/dbn/SEQUENCE_240.dbn
A	Datasets/HDV/dbn/SEQUENCE_241.dbn
A	Datasets/HDV/dbn/SEQUENCE_242.dbn
A	Datasets/HDV/dbn/SEQUENCE_243.dbn
A	Datasets/HDV/dbn/SEQUENCE_244.dbn
A	Datasets/HDV/dbn/SEQUENCE_245.dbn
A	Datasets/HDV/dbn/SEQUENCE_246.dbn
A	Datasets/HDV/dbn/SEQUENCE_247.dbn
A	Datasets/HDV/dbn/SEQUENCE_248.dbn
A	Datasets/HDV/dbn/SEQUENCE_249.dbn
A	Datasets/HDV/dbn/SEQUENCE_250.dbn
A	Datasets/HDV/dbn/SEQUENCE_251.dbn
A	Datasets/HDV/dbn/SEQUENCE_252.dbn
A	Datasets/HDV/dbn/SEQUENCE_253.dbn
A	Datasets/HDV/dbn/SEQUENCE_254.dbn
A	Datasets/HDV/dbn/SEQUENCE_255.dbn
A	Datasets/HDV/dbn/SEQUENCE_256.dbn
A	Datasets/HDV/dbn/SEQUENCE_257.dbn
A	Datasets/HDV/dbn/SEQUENCE_258.dbn
A	Datasets/HDV/dbn/SEQUENCE_259.dbn
A	Datasets/HDV/dbn/SEQUENCE_260.dbn
A	Datasets/HDV/dbn/SEQUENCE_261.dbn
A	Datasets/HDV/dbn/SEQUENCE_262.dbn
A	Datasets/HDV/dbn/SEQUENCE_263.dbn
A	Datasets/HDV/dbn/SEQUENCE_264.dbn
A	Datasets/HDV/dbn/SEQUENCE_265.dbn
A	Datasets/HDV/dbn/SEQUENCE_266.dbn
A	Datasets/HDV/dbn/SEQUENCE_267.dbn
A	Datasets/HDV/dbn/SEQUENCE_268.dbn
A	Datasets/HDV/dbn/SEQUENCE_269.dbn
A	Datasets/HDV/dbn/SEQUENCE_270.dbn
A	Datasets/HDV/dbn/SEQUENCE_271.dbn
A	Datasets/HDV/dbn/SEQUENCE_272.dbn
A	Datasets/HDV/dbn/SEQUENCE_273.dbn
A	Datasets/HDV/dbn/SEQUENCE_274.dbn
A	Datasets/HDV/dbn/SEQUENCE_275.dbn
A	Datasets/HDV/dbn/SEQUENCE_276.dbn
A	Datasets/HDV/dbn/SEQUENCE_277.dbn
A	Datasets/HDV/dbn/SEQUENCE_278.dbn
A	Datasets/HDV/dbn/SEQUENCE_279.dbn
A	Datasets/HDV/dbn/SEQUENCE_280.dbn
A	Datasets/HDV/dbn/SEQUENCE_281.dbn
A	Datasets/HDV/dbn/SEQUENCE_282.dbn
A	Datasets/HDV/dbn/SEQUENCE_283.dbn
A	Datasets/HDV/dbn/SEQUENCE_284.dbn
A	Datasets/HDV/dbn/SEQUENCE_285.dbn
A	Datasets/HDV/dbn/SEQUENCE_286.dbn
A	Datasets/HDV/dbn/SEQUENCE_287.dbn
A	Datasets/HDV/dbn/SEQUENCE_288.dbn
A	Datasets/HDV/dbn/SEQUENCE_289.dbn
A	Datasets/HDV/dbn/SEQUENCE_290.dbn
A	Datasets/HDV/dbn/SEQUENCE_291.dbn
A	Datasets/HDV/dbn/SEQUENCE_292.dbn
A	Datasets/HDV/dbn/SEQUENCE_293.dbn
A	Datasets/HDV/dbn/SEQUENCE_294.dbn
A	Datasets/HDV/dbn/SEQUENCE_295.dbn
A	Datasets/HDV/dbn/SEQUENCE_296.dbn
A	Datasets/HDV/dbn/SEQUENCE_297.dbn
A	Datasets/HDV/dbn/SEQUENCE_298.dbn
A	Datasets/HDV/dbn/SEQUENCE_299.dbn
A	Datasets/HDV/line/SEQUENCE_100_line.png
A	Datasets/HDV/line/SEQUENCE_101_line.png
A	Datasets/HDV/line/SEQUENCE_102_line.png
A	Datasets/HDV/line/SEQUENCE_103_line.png
A	Datasets/HDV/line/SEQUENCE_104_line.png
A	Datasets/HDV/line/SEQUENCE_105_line.png
A	Datasets/HDV/line/SEQUENCE_106_line.png
A	Datasets/HDV/line/SEQUENCE_107_line.png
A	Datasets/HDV/line/SEQUENCE_108_line.png
A	Datasets/HDV/line/SEQUENCE_109_line.png
A	Datasets/HDV/line/SEQUENCE_110_line.png
A	Datasets/HDV/line/SEQUENCE_111_line.png
A	Datasets/HDV/line/SEQUENCE_112_line.png
A	Datasets/HDV/line/SEQUENCE_113_line.png
A	Datasets/HDV/line/SEQUENCE_114_line.png
A	Datasets/HDV/line/SEQUENCE_115_line.png
A	Datasets/HDV/line/SEQUENCE_116_line.png
A	Datasets/HDV/line/SEQUENCE_117_line.png
A	Datasets/HDV/line/SEQUENCE_118_line.png
A	Datasets/HDV/line/SEQUENCE_119_line.png
A	Datasets/HDV/line/SEQUENCE_120_line.png
A	Datasets/HDV/line/SEQUENCE_121_line.png
A	Datasets/HDV/line/SEQUENCE_122_line.png
A	Datasets/HDV/line/SEQUENCE_123_line.png
A	Datasets/HDV/line/SEQUENCE_124_line.png
A	Datasets/HDV/line/SEQUENCE_125_line.png
A	Datasets/HDV/line/SEQUENCE_126_line.png
A	Datasets/HDV/line/SEQUENCE_127_line.png
A	Datasets/HDV/line/SEQUENCE_128_line.png
A	Datasets/HDV/line/SEQUENCE_129_line.png
A	Datasets/HDV/line/SEQUENCE_130_line.png
A	Datasets/HDV/line/SEQUENCE_131_line.png
A	Datasets/HDV/line/SEQUENCE_132_line.png
A	Datasets/HDV/line/SEQUENCE_133_line.png
A	Datasets/HDV/line/SEQUENCE_134_line.png
A	Datasets/HDV/line/SEQUENCE_135_line.png
A	Datasets/HDV/line/SEQUENCE_136_line.png
A	Datasets/HDV/line/SEQUENCE_137_line.png
A	Datasets/HDV/line/SEQUENCE_138_line.png
A	Datasets/HDV/line/SEQUENCE_139_line.png
A	Datasets/HDV/line/SEQUENCE_140_line.png
A	Datasets/HDV/line/SEQUENCE_141_line.png
A	Datasets/HDV/line/SEQUENCE_142_line.png
A	Datasets/HDV/line/SEQUENCE_143_line.png
A	Datasets/HDV/line/SEQUENCE_144_line.png
A	Datasets/HDV/line/SEQUENCE_145_line.png
A	Datasets/HDV/line/SEQUENCE_146_line.png
A	Datasets/HDV/line/SEQUENCE_147_line.png
A	Datasets/HDV/line/SEQUENCE_148_line.png
A	Datasets/HDV/line/SEQUENCE_149_line.png
A	Datasets/HDV/line/SEQUENCE_150_line.png
A	Datasets/HDV/line/SEQUENCE_151_line.png
A	Datasets/HDV/line/SEQUENCE_152_line.png
A	Datasets/HDV/line/SEQUENCE_153_line.png
A	Datasets/HDV/line/SEQUENCE_154_line.png
A	Datasets/HDV/line/SEQUENCE_155_line.png
A	Datasets/HDV/line/SEQUENCE_156_line.png
A	Datasets/HDV/line/SEQUENCE_157_line.png
A	Datasets/HDV/line/SEQUENCE_158_line.png
A	Datasets/HDV/line/SEQUENCE_159_line.png
A	Datasets/HDV/line/SEQUENCE_160_line.png
A	Datasets/HDV/line/SEQUENCE_161_line.png
A	Datasets/HDV/line/SEQUENCE_162_line.png
A	Datasets/HDV/line/SEQUENCE_163_line.png
A	Datasets/HDV/line/SEQUENCE_164_line.png
A	Datasets/HDV/line/SEQUENCE_165_line.png
A	Datasets/HDV/line/SEQUENCE_166_line.png
A	Datasets/HDV/line/SEQUENCE_167_line.png
A	Datasets/HDV/line/SEQUENCE_168_line.png
A	Datasets/HDV/line/SEQUENCE_169_line.png
A	Datasets/HDV/line/SEQUENCE_170_line.png
A	Datasets/HDV/line/SEQUENCE_171_line.png
A	Datasets/HDV/line/SEQUENCE_172_line.png
A	Datasets/HDV/line/SEQUENCE_173_line.png
A	Datasets/HDV/line/SEQUENCE_174_line.png
A	Datasets/HDV/line/SEQUENCE_175_line.png
A	Datasets/HDV/line/SEQUENCE_176_line.png
A	Datasets/HDV/line/SEQUENCE_177_line.png
A	Datasets/HDV/line/SEQUENCE_178_line.png
A	Datasets/HDV/line/SEQUENCE_179_line.png
A	Datasets/HDV/line/SEQUENCE_180_line.png
A	Datasets/HDV/line/SEQUENCE_181_line.png
A	Datasets/HDV/line/SEQUENCE_182_line.png
A	Datasets/HDV/line/SEQUENCE_183_line.png
A	Datasets/HDV/line/SEQUENCE_184_line.png
A	Datasets/HDV/line/SEQUENCE_185_line.png
A	Datasets/HDV/line/SEQUENCE_186_line.png
A	Datasets/HDV/line/SEQUENCE_187_line.png
A	Datasets/HDV/line/SEQUENCE_188_line.png
A	Datasets/HDV/line/SEQUENCE_189_line.png
A	Datasets/HDV/line/SEQUENCE_190_line.png
A	Datasets/HDV/line/SEQUENCE_191_line.png
A	Datasets/HDV/line/SEQUENCE_192_line.png
A	Datasets/HDV/line/SEQUENCE_193_line.png
A	Datasets/HDV/line/SEQUENCE_194_line.png
A	Datasets/HDV/line/SEQUENCE_195_line.png
A	Datasets/HDV/line/SEQUENCE_196_line.png
A	Datasets/HDV/line/SEQUENCE_197_line.png
A	Datasets/HDV/line/SEQUENCE_198_line.png
A	Datasets/HDV/line/SEQUENCE_199_line.png
A	Datasets/HDV/line/SEQUENCE_200_line.png
A	Datasets/HDV/line/SEQUENCE_201_line.png
A	Datasets/HDV/line/SEQUENCE_202_line.png
A	Datasets/HDV/line/SEQUENCE_203_line.png
A	Datasets/HDV/line/SEQUENCE_204_line.png
A	Datasets/HDV/line/SEQUENCE_205_line.png
A	Datasets/HDV/line/SEQUENCE_206_line.png
A	Datasets/HDV/line/SEQUENCE_207_line.png
A	Datasets/HDV/line/SEQUENCE_208_line.png
A	Datasets/HDV/line/SEQUENCE_209_line.png
A	Datasets/HDV/line/SEQUENCE_210_line.png
A	Datasets/HDV/line/SEQUENCE_211_line.png
A	Datasets/HDV/line/SEQUENCE_212_line.png
A	Datasets/HDV/line/SEQUENCE_213_line.png
A	Datasets/HDV/line/SEQUENCE_214_line.png
A	Datasets/HDV/line/SEQUENCE_215_line.png
A	Datasets/HDV/line/SEQUENCE_216_line.png
A	Datasets/HDV/line/SEQUENCE_217_line.png
A	Datasets/HDV/line/SEQUENCE_218_line.png
A	Datasets/HDV/line/SEQUENCE_219_line.png
A	Datasets/HDV/line/SEQUENCE_220_line.png
A	Datasets/HDV/line/SEQUENCE_221_line.png
A	Datasets/HDV/line/SEQUENCE_222_line.png
A	Datasets/HDV/line/SEQUENCE_223_line.png
A	Datasets/HDV/line/SEQUENCE_224_line.png
A	Datasets/HDV/line/SEQUENCE_225_line.png
A	Datasets/HDV/line/SEQUENCE_226_line.png
A	Datasets/HDV/line/SEQUENCE_227_line.png
A	Datasets/HDV/line/SEQUENCE_228_line.png
A	Datasets/HDV/line/SEQUENCE_229_line.png
A	Datasets/HDV/line/SEQUENCE_230_line.png
A	Datasets/HDV/line/SEQUENCE_231_line.png
A	Datasets/HDV/line/SEQUENCE_232_line.png
A	Datasets/HDV/line/SEQUENCE_233_line.png
A	Datasets/HDV/line/SEQUENCE_234_line.png
A	Datasets/HDV/line/SEQUENCE_235_line.png
A	Datasets/HDV/line/SEQUENCE_236_line.png
A	Datasets/HDV/line/SEQUENCE_237_line.png
A	Datasets/HDV/line/SEQUENCE_238_line.png
A	Datasets/HDV/line/SEQUENCE_239_line.png
A	Datasets/HDV/line/SEQUENCE_240_line.png
A	Datasets/HDV/line/SEQUENCE_241_line.png
A	Datasets/HDV/line/SEQUENCE_242_line.png
A	Datasets/HDV/line/SEQUENCE_243_line.png
A	Datasets/HDV/line/SEQUENCE_244_line.png
A	Datasets/HDV/line/SEQUENCE_245_line.png
A	Datasets/HDV/line/SEQUENCE_246_line.png
A	Datasets/HDV/line/SEQUENCE_247_line.png
A	Datasets/HDV/line/SEQUENCE_248_line.png
A	Datasets/HDV/line/SEQUENCE_249_line.png
A	Datasets/HDV/line/SEQUENCE_250_line.png
A	Datasets/HDV/line/SEQUENCE_251_line.png
A	Datasets/HDV/line/SEQUENCE_252_line.png
A	Datasets/HDV/line/SEQUENCE_253_line.png
A	Datasets/HDV/line/SEQUENCE_254_line.png
A	Datasets/HDV/line/SEQUENCE_255_line.png
A	Datasets/HDV/line/SEQUENCE_256_line.png
A	Datasets/HDV/line/SEQUENCE_257_line.png
A	Datasets/HDV/line/SEQUENCE_258_line.png
A	Datasets/HDV/line/SEQUENCE_259_line.png
A	Datasets/HDV/line/SEQUENCE_260_line.png
A	Datasets/HDV/line/SEQUENCE_261_line.png
A	Datasets/HDV/line/SEQUENCE_262_line.png
A	Datasets/HDV/line/SEQUENCE_263_line.png
A	Datasets/HDV/line/SEQUENCE_264_line.png
A	Datasets/HDV/line/SEQUENCE_265_line.png
A	Datasets/HDV/line/SEQUENCE_266_line.png
A	Datasets/HDV/line/SEQUENCE_267_line.png
A	Datasets/HDV/line/SEQUENCE_268_line.png
A	Datasets/HDV/line/SEQUENCE_269_line.png
A	Datasets/HDV/line/SEQUENCE_270_line.png
A	Datasets/HDV/line/SEQUENCE_271_line.png
A	Datasets/HDV/line/SEQUENCE_272_line.png
A	Datasets/HDV/line/SEQUENCE_273_line.png
A	Datasets/HDV/line/SEQUENCE_274_line.png
A	Datasets/HDV/line/SEQUENCE_275_line.png
A	Datasets/HDV/line/SEQUENCE_276_line.png
A	Datasets/HDV/line/SEQUENCE_277_line.png
A	Datasets/HDV/line/SEQUENCE_278_line.png
A	Datasets/HDV/line/SEQUENCE_279_line.png
A	Datasets/HDV/line/SEQUENCE_280_line.png
A	Datasets/HDV/line/SEQUENCE_281_line.png
A	Datasets/HDV/line/SEQUENCE_282_line.png
A	Datasets/HDV/line/SEQUENCE_283_line.png
A	Datasets/HDV/line/SEQUENCE_284_line.png
A	Datasets/HDV/line/SEQUENCE_285_line.png
A	Datasets/HDV/line/SEQUENCE_286_line.png
A	Datasets/HDV/line/SEQUENCE_287_line.png
A	Datasets/HDV/line/SEQUENCE_288_line.png
A	Datasets/HDV/line/SEQUENCE_289_line.png
A	Datasets/HDV/line/SEQUENCE_290_line.png
A	Datasets/HDV/line/SEQUENCE_291_line.png
A	Datasets/HDV/line/SEQUENCE_292_line.png
A	Datasets/HDV/line/SEQUENCE_293_line.png
A	Datasets/HDV/line/SEQUENCE_294_line.png
A	Datasets/HDV/line/SEQUENCE_295_line.png
A	Datasets/HDV/line/SEQUENCE_296_line.png
A	Datasets/HDV/line/SEQUENCE_297_line.png
A	Datasets/HDV/line/SEQUENCE_298_line.png
A	Datasets/HDV/line/SEQUENCE_299_line.png
A	Datasets/HDV/prob/SEQUENCE_100.prob
A	Datasets/HDV/prob/SEQUENCE_101.prob
A	Datasets/HDV/prob/SEQUENCE_102.prob
A	Datasets/HDV/prob/SEQUENCE_103.prob
A	Datasets/HDV/prob/SEQUENCE_104.prob
A	Datasets/HDV/prob/SEQUENCE_105.prob
A	Datasets/HDV/prob/SEQUENCE_106.prob
A	Datasets/HDV/prob/SEQUENCE_107.prob
A	Datasets/HDV/prob/SEQUENCE_108.prob
A	Datasets/HDV/prob/SEQUENCE_109.prob
A	Datasets/HDV/prob/SEQUENCE_110.prob
A	Datasets/HDV/prob/SEQUENCE_111.prob
A	Datasets/HDV/prob/SEQUENCE_112.prob
A	Datasets/HDV/prob/SEQUENCE_113.prob
A	Datasets/HDV/prob/SEQUENCE_114.prob
A	Datasets/HDV/prob/SEQUENCE_115.prob
A	Datasets/HDV/prob/SEQUENCE_116.prob
A	Datasets/HDV/prob/SEQUENCE_117.prob
A	Datasets/HDV/prob/SEQUENCE_118.prob
A	Datasets/HDV/prob/SEQUENCE_119.prob
A	Datasets/HDV/prob/SEQUENCE_120.prob
A	Datasets/HDV/prob/SEQUENCE_121.prob
A	Datasets/HDV/prob/SEQUENCE_122.prob
A	Datasets/HDV/prob/SEQUENCE_123.prob
A	Datasets/HDV/prob/SEQUENCE_124.prob
A	Datasets/HDV/prob/SEQUENCE_125.prob
A	Datasets/HDV/prob/SEQUENCE_126.prob
A	Datasets/HDV/prob/SEQUENCE_127.prob
A	Datasets/HDV/prob/SEQUENCE_128.prob
A	Datasets/HDV/prob/SEQUENCE_129.prob
A	Datasets/HDV/prob/SEQUENCE_130.prob
A	Datasets/HDV/prob/SEQUENCE_131.prob
A	Datasets/HDV/prob/SEQUENCE_132.prob
A	Datasets/HDV/prob/SEQUENCE_133.prob
A	Datasets/HDV/prob/SEQUENCE_134.prob
A	Datasets/HDV/prob/SEQUENCE_135.prob
A	Datasets/HDV/prob/SEQUENCE_136.prob
A	Datasets/HDV/prob/SEQUENCE_137.prob
A	Datasets/HDV/prob/SEQUENCE_138.prob
A	Datasets/HDV/prob/SEQUENCE_139.prob
A	Datasets/HDV/prob/SEQUENCE_140.prob
A	Datasets/HDV/prob/SEQUENCE_141.prob
A	Datasets/HDV/prob/SEQUENCE_142.prob
A	Datasets/HDV/prob/SEQUENCE_143.prob
A	Datasets/HDV/prob/SEQUENCE_144.prob
A	Datasets/HDV/prob/SEQUENCE_145.prob
A	Datasets/HDV/prob/SEQUENCE_146.prob
A	Datasets/HDV/prob/SEQUENCE_147.prob
A	Datasets/HDV/prob/SEQUENCE_148.prob
A	Datasets/HDV/prob/SEQUENCE_149.prob
A	Datasets/HDV/prob/SEQUENCE_150.prob
A	Datasets/HDV/prob/SEQUENCE_151.prob
A	Datasets/HDV/prob/SEQUENCE_152.prob
A	Datasets/HDV/prob/SEQUENCE_153.prob
A	Datasets/HDV/prob/SEQUENCE_154.prob
A	Datasets/HDV/prob/SEQUENCE_155.prob
A	Datasets/HDV/prob/SEQUENCE_156.prob
A	Datasets/HDV/prob/SEQUENCE_157.prob
A	Datasets/HDV/prob/SEQUENCE_158.prob
A	Datasets/HDV/prob/SEQUENCE_159.prob
A	Datasets/HDV/prob/SEQUENCE_160.prob
A	Datasets/HDV/prob/SEQUENCE_161.prob
A	Datasets/HDV/prob/SEQUENCE_162.prob
A	Datasets/HDV/prob/SEQUENCE_163.prob
A	Datasets/HDV/prob/SEQUENCE_164.prob
A	Datasets/HDV/prob/SEQUENCE_165.prob
A	Datasets/HDV/prob/SEQUENCE_166.prob
A	Datasets/HDV/prob/SEQUENCE_167.prob
A	Datasets/HDV/prob/SEQUENCE_168.prob
A	Datasets/HDV/prob/SEQUENCE_169.prob
A	Datasets/HDV/prob/SEQUENCE_170.prob
A	Datasets/HDV/prob/SEQUENCE_171.prob
A	Datasets/HDV/prob/SEQUENCE_172.prob
A	Datasets/HDV/prob/SEQUENCE_173.prob
A	Datasets/HDV/prob/SEQUENCE_174.prob
A	Datasets/HDV/prob/SEQUENCE_175.prob
A	Datasets/HDV/prob/SEQUENCE_176.prob
A	Datasets/HDV/prob/SEQUENCE_177.prob
A	Datasets/HDV/prob/SEQUENCE_178.prob
A	Datasets/HDV/prob/SEQUENCE_179.prob
A	Datasets/HDV/prob/SEQUENCE_180.prob
A	Datasets/HDV/prob/SEQUENCE_181.prob
A	Datasets/HDV/prob/SEQUENCE_182.prob
A	Datasets/HDV/prob/SEQUENCE_183.prob
A	Datasets/HDV/prob/SEQUENCE_184.prob
A	Datasets/HDV/prob/SEQUENCE_185.prob
A	Datasets/HDV/prob/SEQUENCE_186.prob
A	Datasets/HDV/prob/SEQUENCE_187.prob
A	Datasets/HDV/prob/SEQUENCE_188.prob
A	Datasets/HDV/prob/SEQUENCE_189.prob
A	Datasets/HDV/prob/SEQUENCE_190.prob
A	Datasets/HDV/prob/SEQUENCE_191.prob
A	Datasets/HDV/prob/SEQUENCE_192.prob
A	Datasets/HDV/prob/SEQUENCE_193.prob
A	Datasets/HDV/prob/SEQUENCE_194.prob
A	Datasets/HDV/prob/SEQUENCE_195.prob
A	Datasets/HDV/prob/SEQUENCE_196.prob
A	Datasets/HDV/prob/SEQUENCE_197.prob
A	Datasets/HDV/prob/SEQUENCE_198.prob
A	Datasets/HDV/prob/SEQUENCE_199.prob
A	Datasets/HDV/prob/SEQUENCE_200.prob
A	Datasets/HDV/prob/SEQUENCE_201.prob
A	Datasets/HDV/prob/SEQUENCE_202.prob
A	Datasets/HDV/prob/SEQUENCE_203.prob
A	Datasets/HDV/prob/SEQUENCE_204.prob
A	Datasets/HDV/prob/SEQUENCE_205.prob
A	Datasets/HDV/prob/SEQUENCE_206.prob
A	Datasets/HDV/prob/SEQUENCE_207.prob
A	Datasets/HDV/prob/SEQUENCE_208.prob
A	Datasets/HDV/prob/SEQUENCE_209.prob
A	Datasets/HDV/prob/SEQUENCE_210.prob
A	Datasets/HDV/prob/SEQUENCE_211.prob
A	Datasets/HDV/prob/SEQUENCE_212.prob
A	Datasets/HDV/prob/SEQUENCE_213.prob
A	Datasets/HDV/prob/SEQUENCE_214.prob
A	Datasets/HDV/prob/SEQUENCE_215.prob
A	Datasets/HDV/prob/SEQUENCE_216.prob
A	Datasets/HDV/prob/SEQUENCE_217.prob
A	Datasets/HDV/prob/SEQUENCE_218.prob
A	Datasets/HDV/prob/SEQUENCE_219.prob
A	Datasets/HDV/prob/SEQUENCE_220.prob
A	Datasets/HDV/prob/SEQUENCE_221.prob
A	Datasets/HDV/prob/SEQUENCE_222.prob
A	Datasets/HDV/prob/SEQUENCE_223.prob
A	Datasets/HDV/prob/SEQUENCE_224.prob
A	Datasets/HDV/prob/SEQUENCE_225.prob
A	Datasets/HDV/prob/SEQUENCE_226.prob
A	Datasets/HDV/prob/SEQUENCE_227.prob
A	Datasets/HDV/prob/SEQUENCE_228.prob
A	Datasets/HDV/prob/SEQUENCE_229.prob
A	Datasets/HDV/prob/SEQUENCE_230.prob
A	Datasets/HDV/prob/SEQUENCE_231.prob
A	Datasets/HDV/prob/SEQUENCE_232.prob
A	Datasets/HDV/prob/SEQUENCE_233.prob
A	Datasets/HDV/prob/SEQUENCE_234.prob
A	Datasets/HDV/prob/SEQUENCE_235.prob
A	Datasets/HDV/prob/SEQUENCE_236.prob
A	Datasets/HDV/prob/SEQUENCE_237.prob
A	Datasets/HDV/prob/SEQUENCE_238.prob
A	Datasets/HDV/prob/SEQUENCE_239.prob
A	Datasets/HDV/prob/SEQUENCE_240.prob
A	Datasets/HDV/prob/SEQUENCE_241.prob
A	Datasets/HDV/prob/SEQUENCE_242.prob
A	Datasets/HDV/prob/SEQUENCE_243.prob
A	Datasets/HDV/prob/SEQUENCE_244.prob
A	Datasets/HDV/prob/SEQUENCE_245.prob
A	Datasets/HDV/prob/SEQUENCE_246.prob
A	Datasets/HDV/prob/SEQUENCE_247.prob
A	Datasets/HDV/prob/SEQUENCE_248.prob
A	Datasets/HDV/prob/SEQUENCE_249.prob
A	Datasets/HDV/prob/SEQUENCE_250.prob
A	Datasets/HDV/prob/SEQUENCE_251.prob
A	Datasets/HDV/prob/SEQUENCE_252.prob
A	Datasets/HDV/prob/SEQUENCE_253.prob
A	Datasets/HDV/prob/SEQUENCE_254.prob
A	Datasets/HDV/prob/SEQUENCE_255.prob
A	Datasets/HDV/prob/SEQUENCE_256.prob
A	Datasets/HDV/prob/SEQUENCE_257.prob
A	Datasets/HDV/prob/SEQUENCE_258.prob
A	Datasets/HDV/prob/SEQUENCE_259.prob
A	Datasets/HDV/prob/SEQUENCE_260.prob
A	Datasets/HDV/prob/SEQUENCE_261.prob
A	Datasets/HDV/prob/SEQUENCE_262.prob
A	Datasets/HDV/prob/SEQUENCE_263.prob
A	Datasets/HDV/prob/SEQUENCE_264.prob
A	Datasets/HDV/prob/SEQUENCE_265.prob
A	Datasets/HDV/prob/SEQUENCE_266.prob
A	Datasets/HDV/prob/SEQUENCE_267.prob
A	Datasets/HDV/prob/SEQUENCE_268.prob
A	Datasets/HDV/prob/SEQUENCE_269.prob
A	Datasets/HDV/prob/SEQUENCE_270.prob
A	Datasets/HDV/prob/SEQUENCE_271.prob
A	Datasets/HDV/prob/SEQUENCE_272.prob
A	Datasets/HDV/prob/SEQUENCE_273.prob
A	Datasets/HDV/prob/SEQUENCE_274.prob
A	Datasets/HDV/prob/SEQUENCE_275.prob
A	Datasets/HDV/prob/SEQUENCE_276.prob
A	Datasets/HDV/prob/SEQUENCE_277.prob
A	Datasets/HDV/prob/SEQUENCE_278.prob
A	Datasets/HDV/prob/SEQUENCE_279.prob
A	Datasets/HDV/prob/SEQUENCE_280.prob
A	Datasets/HDV/prob/SEQUENCE_281.prob
A	Datasets/HDV/prob/SEQUENCE_282.prob
A	Datasets/HDV/prob/SEQUENCE_283.prob
A	Datasets/HDV/prob/SEQUENCE_284.prob
A	Datasets/HDV/prob/SEQUENCE_285.prob
A	Datasets/HDV/prob/SEQUENCE_286.prob
A	Datasets/HDV/prob/SEQUENCE_287.prob
A	Datasets/HDV/prob/SEQUENCE_288.prob
A	Datasets/HDV/prob/SEQUENCE_289.prob
A	Datasets/HDV/prob/SEQUENCE_290.prob
A	Datasets/HDV/prob/SEQUENCE_291.prob
A	Datasets/HDV/prob/SEQUENCE_292.prob
A	Datasets/HDV/prob/SEQUENCE_293.prob
A	Datasets/HDV/prob/SEQUENCE_294.prob
A	Datasets/HDV/prob/SEQUENCE_295.prob
A	Datasets/HDV/prob/SEQUENCE_296.prob
A	Datasets/HDV/prob/SEQUENCE_297.prob
A	Datasets/HDV/prob/SEQUENCE_298.prob
A	Datasets/HDV/prob/SEQUENCE_299.prob
A	Datasets/HDV/radiate/SEQUENCE_100_radiate.png
A	Datasets/HDV/radiate/SEQUENCE_101_radiate.png
A	Datasets/HDV/radiate/SEQUENCE_102_radiate.png
A	Datasets/HDV/radiate/SEQUENCE_103_radiate.png
A	Datasets/HDV/radiate/SEQUENCE_104_radiate.png
A	Datasets/HDV/radiate/SEQUENCE_105_radiate.png
A	Datasets/HDV/radiate/SEQUENCE_106_radiate.png
A	Datasets/HDV/radiate/SEQUENCE_107_radiate.png
A	Datasets/HDV/radiate/SEQUENCE_108_radiate.png
A	Datasets/HDV/radiate/SEQUENCE_109_radiate.png
A	Datasets/HDV/radiate/SEQUENCE_110_radiate.png
A	Datasets/HDV/radiate/SEQUENCE_111_radiate.png
A	Datasets/HDV/radiate/SEQUENCE_112_radiate.png
A	Datasets/HDV/radiate/SEQUENCE_113_radiate.png
A	Datasets/HDV/radiate/SEQUENCE_114_radiate.png
A	Datasets/HDV/radiate/SEQUENCE_115_radiate.png
A	Datasets/HDV/radiate/SEQUENCE_116_radiate.png
A	Datasets/HDV/radiate/SEQUENCE_117_radiate.png
A	Datasets/HDV/radiate/SEQUENCE_118_radiate.png
A	Datasets/HDV/radiate/SEQUENCE_119_radiate.png
A	Datasets/HDV/radiate/SEQUENCE_120_radiate.png
A	Datasets/HDV/radiate/SEQUENCE_121_radiate.png
A	Datasets/HDV/radiate/SEQUENCE_122_radiate.png
A	Datasets/HDV/radiate/SEQUENCE_123_radiate.png
A	Datasets/HDV/radiate/SEQUENCE_124_radiate.png
A	Datasets/HDV/radiate/SEQUENCE_125_radiate.png
A	Datasets/HDV/radiate/SEQUENCE_126_radiate.png
A	Datasets/HDV/radiate/SEQUENCE_127_radiate.png
A	Datasets/HDV/radiate/SEQUENCE_128_radiate.png
A	Datasets/HDV/radiate/SEQUENCE_129_radiate.png
A	Datasets/HDV/radiate/SEQUENCE_130_radiate.png
A	Datasets/HDV/radiate/SEQUENCE_131_radiate.png
A	Datasets/HDV/radiate/SEQUENCE_132_radiate.png
A	Datasets/HDV/radiate/SEQUENCE_133_radiate.png
A	Datasets/HDV/radiate/SEQUENCE_134_radiate.png
A	Datasets/HDV/radiate/SEQUENCE_135_radiate.png
A	Datasets/HDV/radiate/SEQUENCE_136_radiate.png
A	Datasets/HDV/radiate/SEQUENCE_137_radiate.png
A	Datasets/HDV/radiate/SEQUENCE_138_radiate.png
A	Datasets/HDV/radiate/SEQUENCE_139_radiate.png
A	Datasets/HDV/radiate/SEQUENCE_140_radiate.png
A	Datasets/HDV/radiate/SEQUENCE_141_radiate.png
A	Datasets/HDV/radiate/SEQUENCE_142_radiate.png
A	Datasets/HDV/radiate/SEQUENCE_143_radiate.png
A	Datasets/HDV/radiate/SEQUENCE_144_radiate.png
A	Datasets/HDV/radiate/SEQUENCE_145_radiate.png
A	Datasets/HDV/radiate/SEQUENCE_146_radiate.png
A	Datasets/HDV/radiate/SEQUENCE_147_radiate.png
A	Datasets/HDV/radiate/SEQUENCE_148_radiate.png
A	Datasets/HDV/radiate/SEQUENCE_149_radiate.png
A	Datasets/HDV/radiate/SEQUENCE_150_radiate.png
A	Datasets/HDV/radiate/SEQUENCE_151_radiate.png
A	Datasets/HDV/radiate/SEQUENCE_152_radiate.png
A	Datasets/HDV/radiate/SEQUENCE_153_radiate.png
A	Datasets/HDV/radiate/SEQUENCE_154_radiate.png
A	Datasets/HDV/radiate/SEQUENCE_155_radiate.png
A	Datasets/HDV/radiate/SEQUENCE_156_radiate.png
A	Datasets/HDV/radiate/SEQUENCE_157_radiate.png
A	Datasets/HDV/radiate/SEQUENCE_158_radiate.png
A	Datasets/HDV/radiate/SEQUENCE_159_radiate.png
A	Datasets/HDV/radiate/SEQUENCE_160_radiate.png
A	Datasets/HDV/radiate/SEQUENCE_161_radiate.png
A	Datasets/HDV/radiate/SEQUENCE_162_radiate.png
A	Datasets/HDV/radiate/SEQUENCE_163_radiate.png
A	Datasets/HDV/radiate/SEQUENCE_164_radiate.png
A	Datasets/HDV/radiate/SEQUENCE_165_radiate.png
A	Datasets/HDV/radiate/SEQUENCE_166_radiate.png
A	Datasets/HDV/radiate/SEQUENCE_167_radiate.png
A	Datasets/HDV/radiate/SEQUENCE_168_radiate.png
A	Datasets/HDV/radiate/SEQUENCE_169_radiate.png
A	Datasets/HDV/radiate/SEQUENCE_170_radiate.png
A	Datasets/HDV/radiate/SEQUENCE_171_radiate.png
A	Datasets/HDV/radiate/SEQUENCE_172_radiate.png
A	Datasets/HDV/radiate/SEQUENCE_173_radiate.png
A	Datasets/HDV/radiate/SEQUENCE_174_radiate.png
A	Datasets/HDV/radiate/SEQUENCE_175_radiate.png
A	Datasets/HDV/radiate/SEQUENCE_176_radiate.png
A	Datasets/HDV/radiate/SEQUENCE_177_radiate.png
A	Datasets/HDV/radiate/SEQUENCE_178_radiate.png
A	Datasets/HDV/radiate/SEQUENCE_179_radiate.png
A	Datasets/HDV/radiate/SEQUENCE_180_radiate.png
A	Datasets/HDV/radiate/SEQUENCE_181_radiate.png
A	Datasets/HDV/radiate/SEQUENCE_182_radiate.png
A	Datasets/HDV/radiate/SEQUENCE_183_radiate.png
A	Datasets/HDV/radiate/SEQUENCE_184_radiate.png
A	Datasets/HDV/radiate/SEQUENCE_185_radiate.png
A	Datasets/HDV/radiate/SEQUENCE_186_radiate.png
A	Datasets/HDV/radiate/SEQUENCE_187_radiate.png
A	Datasets/HDV/radiate/SEQUENCE_188_radiate.png
A	Datasets/HDV/radiate/SEQUENCE_189_radiate.png
A	Datasets/HDV/radiate/SEQUENCE_190_radiate.png
A	Datasets/HDV/radiate/SEQUENCE_191_radiate.png
A	Datasets/HDV/radiate/SEQUENCE_192_radiate.png
A	Datasets/HDV/radiate/SEQUENCE_193_radiate.png
A	Datasets/HDV/radiate/SEQUENCE_194_radiate.png
A	Datasets/HDV/radiate/SEQUENCE_195_radiate.png
A	Datasets/HDV/radiate/SEQUENCE_196_radiate.png
A	Datasets/HDV/radiate/SEQUENCE_197_radiate.png
A	Datasets/HDV/radiate/SEQUENCE_198_radiate.png
A	Datasets/HDV/radiate/SEQUENCE_199_radiate.png
A	Datasets/HDV/radiate/SEQUENCE_200_radiate.png
A	Datasets/HDV/radiate/SEQUENCE_201_radiate.png
A	Datasets/HDV/radiate/SEQUENCE_202_radiate.png
A	Datasets/HDV/radiate/SEQUENCE_203_radiate.png
A	Datasets/HDV/radiate/SEQUENCE_204_radiate.png
A	Datasets/HDV/radiate/SEQUENCE_205_radiate.png
A	Datasets/HDV/radiate/SEQUENCE_206_radiate.png
A	Datasets/HDV/radiate/SEQUENCE_207_radiate.png
A	Datasets/HDV/radiate/SEQUENCE_208_radiate.png
A	Datasets/HDV/radiate/SEQUENCE_209_radiate.png
A	Datasets/HDV/radiate/SEQUENCE_210_radiate.png
A	Datasets/HDV/radiate/SEQUENCE_211_radiate.png
A	Datasets/HDV/radiate/SEQUENCE_212_radiate.png
A	Datasets/HDV/radiate/SEQUENCE_213_radiate.png
A	Datasets/HDV/radiate/SEQUENCE_214_radiate.png
A	Datasets/HDV/radiate/SEQUENCE_215_radiate.png
A	Datasets/HDV/radiate/SEQUENCE_216_radiate.png
A	Datasets/HDV/radiate/SEQUENCE_217_radiate.png
A	Datasets/HDV/radiate/SEQUENCE_218_radiate.png
A	Datasets/HDV/radiate/SEQUENCE_219_radiate.png
A	Datasets/HDV/radiate/SEQUENCE_220_radiate.png
A	Datasets/HDV/radiate/SEQUENCE_221_radiate.png
A	Datasets/HDV/radiate/SEQUENCE_222_radiate.png
A	Datasets/HDV/radiate/SEQUENCE_223_radiate.png
A	Datasets/HDV/radiate/SEQUENCE_224_radiate.png
A	Datasets/HDV/radiate/SEQUENCE_225_radiate.png
A	Datasets/HDV/radiate/SEQUENCE_226_radiate.png
A	Datasets/HDV/radiate/SEQUENCE_227_radiate.png
A	Datasets/HDV/radiate/SEQUENCE_228_radiate.png
A	Datasets/HDV/radiate/SEQUENCE_229_radiate.png
A	Datasets/HDV/radiate/SEQUENCE_230_radiate.png
A	Datasets/HDV/radiate/SEQUENCE_231_radiate.png
A	Datasets/HDV/radiate/SEQUENCE_232_radiate.png
A	Datasets/HDV/radiate/SEQUENCE_233_radiate.png
A	Datasets/HDV/radiate/SEQUENCE_234_radiate.png
A	Datasets/HDV/radiate/SEQUENCE_235_radiate.png
A	Datasets/HDV/radiate/SEQUENCE_236_radiate.png
A	Datasets/HDV/radiate/SEQUENCE_237_radiate.png
A	Datasets/HDV/radiate/SEQUENCE_238_radiate.png
A	Datasets/HDV/radiate/SEQUENCE_239_radiate.png
A	Datasets/HDV/radiate/SEQUENCE_240_radiate.png
A	Datasets/HDV/radiate/SEQUENCE_241_radiate.png
A	Datasets/HDV/radiate/SEQUENCE_242_radiate.png
A	Datasets/HDV/radiate/SEQUENCE_243_radiate.png
A	Datasets/HDV/radiate/SEQUENCE_244_radiate.png
A	Datasets/HDV/radiate/SEQUENCE_245_radiate.png
A	Datasets/HDV/radiate/SEQUENCE_246_radiate.png
A	Datasets/HDV/radiate/SEQUENCE_247_radiate.png
A	Datasets/HDV/radiate/SEQUENCE_248_radiate.png
A	Datasets/HDV/radiate/SEQUENCE_249_radiate.png
A	Datasets/HDV/radiate/SEQUENCE_250_radiate.png
A	Datasets/HDV/radiate/SEQUENCE_251_radiate.png
A	Datasets/HDV/radiate/SEQUENCE_252_radiate.png
A	Datasets/HDV/radiate/SEQUENCE_253_radiate.png
A	Datasets/HDV/radiate/SEQUENCE_254_radiate.png
A	Datasets/HDV/radiate/SEQUENCE_255_radiate.png
A	Datasets/HDV/radiate/SEQUENCE_256_radiate.png
A	Datasets/HDV/radiate/SEQUENCE_257_radiate.png
A	Datasets/HDV/radiate/SEQUENCE_258_radiate.png
A	Datasets/HDV/radiate/SEQUENCE_259_radiate.png
A	Datasets/HDV/radiate/SEQUENCE_260_radiate.png
A	Datasets/HDV/radiate/SEQUENCE_261_radiate.png
A	Datasets/HDV/radiate/SEQUENCE_262_radiate.png
A	Datasets/HDV/radiate/SEQUENCE_263_radiate.png
A	Datasets/HDV/radiate/SEQUENCE_264_radiate.png
A	Datasets/HDV/radiate/SEQUENCE_265_radiate.png
A	Datasets/HDV/radiate/SEQUENCE_266_radiate.png
A	Datasets/HDV/radiate/SEQUENCE_267_radiate.png
A	Datasets/HDV/radiate/SEQUENCE_268_radiate.png
A	Datasets/HDV/radiate/SEQUENCE_269_radiate.png
A	Datasets/HDV/radiate/SEQUENCE_270_radiate.png
A	Datasets/HDV/radiate/SEQUENCE_271_radiate.png
A	Datasets/HDV/radiate/SEQUENCE_272_radiate.png
A	Datasets/HDV/radiate/SEQUENCE_273_radiate.png
A	Datasets/HDV/radiate/SEQUENCE_274_radiate.png
A	Datasets/HDV/radiate/SEQUENCE_275_radiate.png
A	Datasets/HDV/radiate/SEQUENCE_276_radiate.png
A	Datasets/HDV/radiate/SEQUENCE_277_radiate.png
A	Datasets/HDV/radiate/SEQUENCE_278_radiate.png
A	Datasets/HDV/radiate/SEQUENCE_279_radiate.png
A	Datasets/HDV/radiate/SEQUENCE_280_radiate.png
A	Datasets/HDV/radiate/SEQUENCE_281_radiate.png
A	Datasets/HDV/radiate/SEQUENCE_282_radiate.png
A	Datasets/HDV/radiate/SEQUENCE_283_radiate.png
A	Datasets/HDV/radiate/SEQUENCE_284_radiate.png
A	Datasets/HDV/radiate/SEQUENCE_285_radiate.png
A	Datasets/HDV/radiate/SEQUENCE_286_radiate.png
A	Datasets/HDV/radiate/SEQUENCE_287_radiate.png
A	Datasets/HDV/radiate/SEQUENCE_288_radiate.png
A	Datasets/HDV/radiate/SEQUENCE_289_radiate.png
A	Datasets/HDV/radiate/SEQUENCE_290_radiate.png
A	Datasets/HDV/radiate/SEQUENCE_291_radiate.png
A	Datasets/HDV/radiate/SEQUENCE_292_radiate.png
A	Datasets/HDV/radiate/SEQUENCE_293_radiate.png
A	Datasets/HDV/radiate/SEQUENCE_294_radiate.png
A	Datasets/HDV/radiate/SEQUENCE_295_radiate.png
A	Datasets/HDV/radiate/SEQUENCE_296_radiate.png
A	Datasets/HDV/radiate/SEQUENCE_297_radiate.png
A	Datasets/HDV/radiate/SEQUENCE_298_radiate.png
A	Datasets/HDV/radiate/SEQUENCE_299_radiate.png
A	Datasets/HDV/st/SEQUENCE_100.st
A	Datasets/HDV/st/SEQUENCE_101.st
A	Datasets/HDV/st/SEQUENCE_102.st
A	Datasets/HDV/st/SEQUENCE_103.st
A	Datasets/HDV/st/SEQUENCE_104.st
A	Datasets/HDV/st/SEQUENCE_105.st
A	Datasets/HDV/st/SEQUENCE_106.st
A	Datasets/HDV/st/SEQUENCE_107.st
A	Datasets/HDV/st/SEQUENCE_108.st
A	Datasets/HDV/st/SEQUENCE_109.st
A	Datasets/HDV/st/SEQUENCE_110.st
A	Datasets/HDV/st/SEQUENCE_111.st
A	Datasets/HDV/st/SEQUENCE_112.st
A	Datasets/HDV/st/SEQUENCE_113.st
A	Datasets/HDV/st/SEQUENCE_114.st
A	Datasets/HDV/st/SEQUENCE_115.st
A	Datasets/HDV/st/SEQUENCE_116.st
A	Datasets/HDV/st/SEQUENCE_117.st
A	Datasets/HDV/st/SEQUENCE_118.st
A	Datasets/HDV/st/SEQUENCE_119.st
A	Datasets/HDV/st/SEQUENCE_120.st
A	Datasets/HDV/st/SEQUENCE_121.st
A	Datasets/HDV/st/SEQUENCE_122.st
A	Datasets/HDV/st/SEQUENCE_123.st
A	Datasets/HDV/st/SEQUENCE_124.st
A	Datasets/HDV/st/SEQUENCE_125.st
A	Datasets/HDV/st/SEQUENCE_126.st
A	Datasets/HDV/st/SEQUENCE_127.st
A	Datasets/HDV/st/SEQUENCE_128.st
A	Datasets/HDV/st/SEQUENCE_129.st
A	Datasets/HDV/st/SEQUENCE_130.st
A	Datasets/HDV/st/SEQUENCE_131.st
A	Datasets/HDV/st/SEQUENCE_132.st
A	Datasets/HDV/st/SEQUENCE_133.st
A	Datasets/HDV/st/SEQUENCE_134.st
A	Datasets/HDV/st/SEQUENCE_135.st
A	Datasets/HDV/st/SEQUENCE_136.st
A	Datasets/HDV/st/SEQUENCE_137.st
A	Datasets/HDV/st/SEQUENCE_138.st
A	Datasets/HDV/st/SEQUENCE_139.st
A	Datasets/HDV/st/SEQUENCE_140.st
A	Datasets/HDV/st/SEQUENCE_141.st
A	Datasets/HDV/st/SEQUENCE_142.st
A	Datasets/HDV/st/SEQUENCE_143.st
A	Datasets/HDV/st/SEQUENCE_144.st
A	Datasets/HDV/st/SEQUENCE_145.st
A	Datasets/HDV/st/SEQUENCE_146.st
A	Datasets/HDV/st/SEQUENCE_147.st
A	Datasets/HDV/st/SEQUENCE_148.st
A	Datasets/HDV/st/SEQUENCE_149.st
A	Datasets/HDV/st/SEQUENCE_150.st
A	Datasets/HDV/st/SEQUENCE_151.st
A	Datasets/HDV/st/SEQUENCE_152.st
A	Datasets/HDV/st/SEQUENCE_153.st
A	Datasets/HDV/st/SEQUENCE_154.st
A	Datasets/HDV/st/SEQUENCE_155.st
A	Datasets/HDV/st/SEQUENCE_156.st
A	Datasets/HDV/st/SEQUENCE_157.st
A	Datasets/HDV/st/SEQUENCE_158.st
A	Datasets/HDV/st/SEQUENCE_159.st
A	Datasets/HDV/st/SEQUENCE_160.st
A	Datasets/HDV/st/SEQUENCE_161.st
A	Datasets/HDV/st/SEQUENCE_162.st
A	Datasets/HDV/st/SEQUENCE_163.st
A	Datasets/HDV/st/SEQUENCE_164.st
A	Datasets/HDV/st/SEQUENCE_165.st
A	Datasets/HDV/st/SEQUENCE_166.st
A	Datasets/HDV/st/SEQUENCE_167.st
A	Datasets/HDV/st/SEQUENCE_168.st
A	Datasets/HDV/st/SEQUENCE_169.st
A	Datasets/HDV/st/SEQUENCE_170.st
A	Datasets/HDV/st/SEQUENCE_171.st
A	Datasets/HDV/st/SEQUENCE_172.st
A	Datasets/HDV/st/SEQUENCE_173.st
A	Datasets/HDV/st/SEQUENCE_174.st
A	Datasets/HDV/st/SEQUENCE_175.st
A	Datasets/HDV/st/SEQUENCE_176.st
A	Datasets/HDV/st/SEQUENCE_177.st
A	Datasets/HDV/st/SEQUENCE_178.st
A	Datasets/HDV/st/SEQUENCE_179.st
A	Datasets/HDV/st/SEQUENCE_180.st
A	Datasets/HDV/st/SEQUENCE_181.st
A	Datasets/HDV/st/SEQUENCE_182.st
A	Datasets/HDV/st/SEQUENCE_183.st
A	Datasets/HDV/st/SEQUENCE_184.st
A	Datasets/HDV/st/SEQUENCE_185.st
A	Datasets/HDV/st/SEQUENCE_186.st
A	Datasets/HDV/st/SEQUENCE_187.st
A	Datasets/HDV/st/SEQUENCE_188.st
A	Datasets/HDV/st/SEQUENCE_189.st
A	Datasets/HDV/st/SEQUENCE_190.st
A	Datasets/HDV/st/SEQUENCE_191.st
A	Datasets/HDV/st/SEQUENCE_192.st
A	Datasets/HDV/st/SEQUENCE_193.st
A	Datasets/HDV/st/SEQUENCE_194.st
A	Datasets/HDV/st/SEQUENCE_195.st
A	Datasets/HDV/st/SEQUENCE_196.st
A	Datasets/HDV/st/SEQUENCE_197.st
A	Datasets/HDV/st/SEQUENCE_198.st
A	Datasets/HDV/st/SEQUENCE_199.st
A	Datasets/HDV/st/SEQUENCE_200.st
A	Datasets/HDV/st/SEQUENCE_201.st
A	Datasets/HDV/st/SEQUENCE_202.st
A	Datasets/HDV/st/SEQUENCE_203.st
A	Datasets/HDV/st/SEQUENCE_204.st
A	Datasets/HDV/st/SEQUENCE_205.st
A	Datasets/HDV/st/SEQUENCE_206.st
A	Datasets/HDV/st/SEQUENCE_207.st
A	Datasets/HDV/st/SEQUENCE_208.st
A	Datasets/HDV/st/SEQUENCE_209.st
A	Datasets/HDV/st/SEQUENCE_210.st
A	Datasets/HDV/st/SEQUENCE_211.st
A	Datasets/HDV/st/SEQUENCE_212.st
A	Datasets/HDV/st/SEQUENCE_213.st
A	Datasets/HDV/st/SEQUENCE_214.st
A	Datasets/HDV/st/SEQUENCE_215.st
A	Datasets/HDV/st/SEQUENCE_216.st
A	Datasets/HDV/st/SEQUENCE_217.st
A	Datasets/HDV/st/SEQUENCE_218.st
A	Datasets/HDV/st/SEQUENCE_219.st
A	Datasets/HDV/st/SEQUENCE_220.st
A	Datasets/HDV/st/SEQUENCE_221.st
A	Datasets/HDV/st/SEQUENCE_222.st
A	Datasets/HDV/st/SEQUENCE_223.st
A	Datasets/HDV/st/SEQUENCE_224.st
A	Datasets/HDV/st/SEQUENCE_225.st
A	Datasets/HDV/st/SEQUENCE_226.st
A	Datasets/HDV/st/SEQUENCE_227.st
A	Datasets/HDV/st/SEQUENCE_228.st
A	Datasets/HDV/st/SEQUENCE_229.st
A	Datasets/HDV/st/SEQUENCE_230.st
A	Datasets/HDV/st/SEQUENCE_231.st
A	Datasets/HDV/st/SEQUENCE_232.st
A	Datasets/HDV/st/SEQUENCE_233.st
A	Datasets/HDV/st/SEQUENCE_234.st
A	Datasets/HDV/st/SEQUENCE_235.st
A	Datasets/HDV/st/SEQUENCE_236.st
A	Datasets/HDV/st/SEQUENCE_237.st
A	Datasets/HDV/st/SEQUENCE_238.st
A	Datasets/HDV/st/SEQUENCE_239.st
A	Datasets/HDV/st/SEQUENCE_240.st
A	Datasets/HDV/st/SEQUENCE_241.st
A	Datasets/HDV/st/SEQUENCE_242.st
A	Datasets/HDV/st/SEQUENCE_243.st
A	Datasets/HDV/st/SEQUENCE_244.st
A	Datasets/HDV/st/SEQUENCE_245.st
A	Datasets/HDV/st/SEQUENCE_246.st
A	Datasets/HDV/st/SEQUENCE_247.st
A	Datasets/HDV/st/SEQUENCE_248.st
A	Datasets/HDV/st/SEQUENCE_249.st
A	Datasets/HDV/st/SEQUENCE_250.st
A	Datasets/HDV/st/SEQUENCE_251.st
A	Datasets/HDV/st/SEQUENCE_252.st
A	Datasets/HDV/st/SEQUENCE_253.st
A	Datasets/HDV/st/SEQUENCE_254.st
A	Datasets/HDV/st/SEQUENCE_255.st
A	Datasets/HDV/st/SEQUENCE_256.st
A	Datasets/HDV/st/SEQUENCE_257.st
A	Datasets/HDV/st/SEQUENCE_258.st
A	Datasets/HDV/st/SEQUENCE_259.st
A	Datasets/HDV/st/SEQUENCE_260.st
A	Datasets/HDV/st/SEQUENCE_261.st
A	Datasets/HDV/st/SEQUENCE_262.st
A	Datasets/HDV/st/SEQUENCE_263.st
A	Datasets/HDV/st/SEQUENCE_264.st
A	Datasets/HDV/st/SEQUENCE_265.st
A	Datasets/HDV/st/SEQUENCE_266.st
A	Datasets/HDV/st/SEQUENCE_267.st
A	Datasets/HDV/st/SEQUENCE_268.st
A	Datasets/HDV/st/SEQUENCE_269.st
A	Datasets/HDV/st/SEQUENCE_270.st
A	Datasets/HDV/st/SEQUENCE_271.st
A	Datasets/HDV/st/SEQUENCE_272.st
A	Datasets/HDV/st/SEQUENCE_273.st
A	Datasets/HDV/st/SEQUENCE_274.st
A	Datasets/HDV/st/SEQUENCE_275.st
A	Datasets/HDV/st/SEQUENCE_276.st
A	Datasets/HDV/st/SEQUENCE_277.st
A	Datasets/HDV/st/SEQUENCE_278.st
A	Datasets/HDV/st/SEQUENCE_279.st
A	Datasets/HDV/st/SEQUENCE_280.st
A	Datasets/HDV/st/SEQUENCE_281.st
A	Datasets/HDV/st/SEQUENCE_282.st
A	Datasets/HDV/st/SEQUENCE_283.st
A	Datasets/HDV/st/SEQUENCE_284.st
A	Datasets/HDV/st/SEQUENCE_285.st
A	Datasets/HDV/st/SEQUENCE_286.st
A	Datasets/HDV/st/SEQUENCE_287.st
A	Datasets/HDV/st/SEQUENCE_288.st
A	Datasets/HDV/st/SEQUENCE_289.st
A	Datasets/HDV/st/SEQUENCE_290.st
A	Datasets/HDV/st/SEQUENCE_291.st
A	Datasets/HDV/st/SEQUENCE_292.st
A	Datasets/HDV/st/SEQUENCE_293.st
A	Datasets/HDV/st/SEQUENCE_294.st
A	Datasets/HDV/st/SEQUENCE_295.st
A	Datasets/HDV/st/SEQUENCE_296.st
A	Datasets/HDV/st/SEQUENCE_297.st
A	Datasets/HDV/st/SEQUENCE_298.st
A	Datasets/HDV/st/SEQUENCE_299.st
Your branch is up to date with 'origin/DatasetGenerator'.
Everything up-to-date
Branch 'DatasetGenerator' set up to track remote branch 'DatasetGenerator' from 'origin'.
[1mGenerating batch #300[0m
>> Opening FASTA file...
>> Converting FASTA file from multiline to single line and writing to file.
>> Done!

Preparing tfr records file for SPOT-RNA:
  0%|          | 0/100 [00:00<?, ?it/s]  3%|         | 3/100 [00:00<00:03, 28.72it/s]  6%|         | 6/100 [00:00<00:03, 29.28it/s] 10%|         | 10/100 [00:00<00:03, 29.58it/s] 13%|        | 13/100 [00:00<00:02, 29.18it/s] 17%|        | 17/100 [00:00<00:02, 30.84it/s] 21%|        | 21/100 [00:00<00:02, 32.13it/s] 25%|       | 25/100 [00:00<00:02, 32.27it/s] 29%|       | 29/100 [00:00<00:02, 33.22it/s] 33%|      | 33/100 [00:01<00:01, 33.75it/s] 37%|      | 37/100 [00:01<00:01, 32.60it/s] 41%|      | 41/100 [00:01<00:01, 33.16it/s] 45%|     | 45/100 [00:01<00:01, 34.00it/s] 49%|     | 49/100 [00:01<00:01, 33.91it/s] 53%|    | 53/100 [00:01<00:01, 34.27it/s] 57%|    | 57/100 [00:01<00:01, 34.50it/s] 61%|    | 61/100 [00:01<00:01, 34.07it/s] 65%|   | 65/100 [00:01<00:01, 34.53it/s] 69%|   | 69/100 [00:02<00:00, 34.82it/s] 73%|  | 73/100 [00:02<00:00, 34.82it/s] 77%|  | 77/100 [00:02<00:00, 34.71it/s] 81%|  | 81/100 [00:02<00:00, 34.66it/s] 85%| | 85/100 [00:02<00:00, 34.63it/s] 89%| | 89/100 [00:02<00:00, 34.79it/s] 93%|| 93/100 [00:02<00:00, 34.15it/s] 97%|| 97/100 [00:02<00:00, 34.05it/s]100%|| 100/100 [00:02<00:00, 33.52it/s]

Predicting for SPOT-RNA model 0
  0%|          | 0/100 [00:00<?, ?it/s]  1%|          | 1/100 [00:02<03:55,  2.38s/it]  2%|         | 2/100 [00:03<02:31,  1.55s/it]  3%|         | 3/100 [00:04<02:04,  1.28s/it]  4%|         | 4/100 [00:05<01:51,  1.16s/it]  5%|         | 5/100 [00:06<01:43,  1.09s/it]  6%|         | 6/100 [00:07<01:37,  1.04s/it]  7%|         | 7/100 [00:08<01:33,  1.00s/it]  8%|         | 8/100 [00:09<01:30,  1.02it/s]  9%|         | 9/100 [00:09<01:28,  1.03it/s] 10%|         | 10/100 [00:10<01:26,  1.05it/s] 11%|         | 11/100 [00:11<01:24,  1.05it/s] 12%|        | 12/100 [00:12<01:23,  1.05it/s] 13%|        | 13/100 [00:13<01:22,  1.05it/s] 14%|        | 14/100 [00:14<01:27,  1.02s/it] 15%|        | 15/100 [00:15<01:24,  1.00it/s] 16%|        | 16/100 [00:16<01:22,  1.01it/s] 17%|        | 17/100 [00:17<01:20,  1.03it/s] 18%|        | 18/100 [00:18<01:19,  1.03it/s] 19%|        | 19/100 [00:19<01:19,  1.02it/s] 20%|        | 20/100 [00:20<01:17,  1.04it/s] 21%|        | 21/100 [00:21<01:15,  1.05it/s] 22%|       | 22/100 [00:22<01:14,  1.04it/s] 23%|       | 23/100 [00:23<01:14,  1.04it/s] 24%|       | 24/100 [00:24<01:13,  1.04it/s] 25%|       | 25/100 [00:25<01:12,  1.03it/s] 26%|       | 26/100 [00:26<01:12,  1.03it/s] 27%|       | 27/100 [00:27<01:11,  1.03it/s] 28%|       | 28/100 [00:28<01:10,  1.03it/s] 29%|       | 29/100 [00:29<01:08,  1.03it/s] 30%|       | 30/100 [00:30<01:07,  1.03it/s] 31%|       | 31/100 [00:31<01:06,  1.03it/s] 32%|      | 32/100 [00:32<01:06,  1.03it/s] 33%|      | 33/100 [00:33<01:07,  1.00s/it] 34%|      | 34/100 [00:34<01:06,  1.01s/it] 35%|      | 35/100 [00:35<01:06,  1.02s/it] 36%|      | 36/100 [00:36<01:06,  1.04s/it] 37%|      | 37/100 [00:37<01:04,  1.03s/it] 38%|      | 38/100 [00:38<01:02,  1.01s/it] 39%|      | 39/100 [00:39<01:00,  1.01it/s] 40%|      | 40/100 [00:40<00:58,  1.02it/s] 41%|      | 41/100 [00:41<00:57,  1.03it/s] 42%|     | 42/100 [00:42<00:57,  1.01it/s] 43%|     | 43/100 [00:43<00:56,  1.01it/s] 44%|     | 44/100 [00:44<00:55,  1.01it/s] 45%|     | 45/100 [00:45<00:54,  1.01it/s] 46%|     | 46/100 [00:46<00:53,  1.01it/s] 47%|     | 47/100 [00:47<00:52,  1.01it/s] 48%|     | 48/100 [00:48<00:51,  1.00it/s] 49%|     | 49/100 [00:49<00:52,  1.02s/it] 50%|     | 50/100 [00:50<00:50,  1.01s/it] 51%|     | 51/100 [00:51<00:49,  1.01s/it] 52%|    | 52/100 [00:52<00:48,  1.01s/it] 53%|    | 53/100 [00:53<00:46,  1.00it/s] 54%|    | 54/100 [00:54<00:45,  1.02it/s] 55%|    | 55/100 [00:55<00:46,  1.03s/it] 56%|    | 56/100 [00:56<00:48,  1.09s/it] 57%|    | 57/100 [00:57<00:47,  1.10s/it] 58%|    | 58/100 [00:58<00:44,  1.07s/it] 59%|    | 59/100 [00:59<00:44,  1.09s/it] 60%|    | 60/100 [01:01<00:50,  1.26s/it] 61%|    | 61/100 [01:03<00:55,  1.43s/it] 62%|   | 62/100 [01:05<00:55,  1.47s/it] 63%|   | 63/100 [01:06<00:51,  1.38s/it] 64%|   | 64/100 [01:07<00:46,  1.30s/it] 65%|   | 65/100 [01:08<00:43,  1.24s/it] 66%|   | 66/100 [01:09<00:40,  1.20s/it] 67%|   | 67/100 [01:10<00:38,  1.17s/it] 68%|   | 68/100 [01:11<00:36,  1.14s/it] 69%|   | 69/100 [01:12<00:34,  1.13s/it] 70%|   | 70/100 [01:13<00:33,  1.12s/it] 71%|   | 71/100 [01:14<00:32,  1.11s/it] 72%|  | 72/100 [01:16<00:30,  1.10s/it] 73%|  | 73/100 [01:17<00:29,  1.09s/it] 74%|  | 74/100 [01:18<00:28,  1.08s/it] 75%|  | 75/100 [01:19<00:27,  1.09s/it] 76%|  | 76/100 [01:20<00:25,  1.08s/it] 77%|  | 77/100 [01:21<00:24,  1.08s/it] 78%|  | 78/100 [01:22<00:23,  1.08s/it] 79%|  | 79/100 [01:23<00:22,  1.06s/it] 80%|  | 80/100 [01:24<00:20,  1.05s/it] 81%|  | 81/100 [01:25<00:19,  1.04s/it] 82%| | 82/100 [01:26<00:19,  1.07s/it] 83%| | 83/100 [01:27<00:17,  1.04s/it] 84%| | 84/100 [01:28<00:16,  1.02s/it] 85%| | 85/100 [01:29<00:15,  1.02s/it] 86%| | 86/100 [01:30<00:14,  1.05s/it] 87%| | 87/100 [01:31<00:13,  1.05s/it] 88%| | 88/100 [01:32<00:12,  1.04s/it] 89%| | 89/100 [01:33<00:11,  1.05s/it] 90%| | 90/100 [01:35<00:10,  1.07s/it] 91%| | 91/100 [01:36<00:09,  1.05s/it] 92%|| 92/100 [01:37<00:08,  1.05s/it] 93%|| 93/100 [01:38<00:07,  1.05s/it] 94%|| 94/100 [01:39<00:06,  1.05s/it] 95%|| 95/100 [01:40<00:05,  1.04s/it] 96%|| 96/100 [01:41<00:04,  1.04s/it] 97%|| 97/100 [01:42<00:03,  1.03s/it] 98%|| 98/100 [01:43<00:02,  1.02s/it] 99%|| 99/100 [01:44<00:01,  1.01s/it]100%|| 100/100 [01:45<00:00,  1.01s/it]100%|| 100/100 [01:45<00:00,  1.05s/it]

Predicting for SPOT-RNA model 1
  0%|          | 0/100 [00:00<?, ?it/s]  1%|          | 1/100 [00:03<06:06,  3.70s/it]  2%|         | 2/100 [00:05<04:08,  2.53s/it]  3%|         | 3/100 [00:07<03:30,  2.17s/it]  4%|         | 4/100 [00:09<03:16,  2.05s/it]  5%|         | 5/100 [00:10<03:09,  2.00s/it]  6%|         | 6/100 [00:12<03:06,  1.99s/it]  7%|         | 7/100 [00:14<03:04,  1.99s/it]  8%|         | 8/100 [00:16<03:01,  1.97s/it]  9%|         | 9/100 [00:18<03:01,  1.99s/it] 10%|         | 10/100 [00:20<03:00,  2.00s/it] 11%|         | 11/100 [00:22<03:00,  2.03s/it] 12%|        | 12/100 [00:25<03:01,  2.07s/it] 13%|        | 13/100 [00:27<03:04,  2.12s/it] 14%|        | 14/100 [00:29<03:05,  2.15s/it] 15%|        | 15/100 [00:31<03:03,  2.15s/it] 16%|        | 16/100 [00:33<03:01,  2.16s/it] 17%|        | 17/100 [00:36<03:04,  2.22s/it] 18%|        | 18/100 [00:38<03:00,  2.20s/it] 19%|        | 19/100 [00:40<02:55,  2.17s/it] 20%|        | 20/100 [00:42<02:55,  2.19s/it] 21%|        | 21/100 [00:45<03:00,  2.28s/it] 22%|       | 22/100 [00:47<03:00,  2.31s/it] 23%|       | 23/100 [00:49<02:56,  2.29s/it] 24%|       | 24/100 [00:52<02:52,  2.27s/it] 25%|       | 25/100 [00:54<02:47,  2.24s/it] 26%|       | 26/100 [00:56<02:47,  2.27s/it] 27%|       | 27/100 [00:58<02:47,  2.30s/it] 28%|       | 28/100 [01:01<02:50,  2.37s/it] 29%|       | 29/100 [01:03<02:47,  2.37s/it] 30%|       | 30/100 [01:06<02:47,  2.39s/it] 31%|       | 31/100 [01:08<02:45,  2.40s/it] 32%|      | 32/100 [01:11<02:45,  2.43s/it] 33%|      | 33/100 [01:13<02:42,  2.42s/it] 34%|      | 34/100 [01:16<02:42,  2.46s/it] 35%|      | 35/100 [01:19<02:47,  2.57s/it] 36%|      | 36/100 [01:21<02:47,  2.61s/it] 37%|      | 37/100 [01:24<02:41,  2.57s/it] 38%|      | 38/100 [01:26<02:38,  2.55s/it] 39%|      | 39/100 [01:29<02:32,  2.50s/it] 40%|      | 40/100 [01:31<02:26,  2.45s/it] 41%|      | 41/100 [01:33<02:20,  2.39s/it] 42%|     | 42/100 [01:35<02:12,  2.29s/it] 43%|     | 43/100 [01:37<02:04,  2.18s/it] 44%|     | 44/100 [01:39<01:57,  2.10s/it] 45%|     | 45/100 [01:41<01:53,  2.06s/it] 46%|     | 46/100 [01:43<01:49,  2.03s/it] 47%|     | 47/100 [01:45<01:46,  2.01s/it] 48%|     | 48/100 [01:47<01:42,  1.96s/it] 49%|     | 49/100 [01:49<01:38,  1.93s/it] 50%|     | 50/100 [01:51<01:35,  1.90s/it] 51%|     | 51/100 [01:52<01:31,  1.88s/it] 52%|    | 52/100 [01:54<01:29,  1.86s/it] 53%|    | 53/100 [01:56<01:26,  1.83s/it] 54%|    | 54/100 [01:58<01:23,  1.82s/it] 55%|    | 55/100 [01:59<01:21,  1.80s/it] 56%|    | 56/100 [02:01<01:19,  1.80s/it] 57%|    | 57/100 [02:03<01:16,  1.79s/it] 58%|    | 58/100 [02:05<01:14,  1.77s/it] 59%|    | 59/100 [02:07<01:12,  1.76s/it] 60%|    | 60/100 [02:08<01:10,  1.76s/it] 61%|    | 61/100 [02:10<01:08,  1.76s/it] 62%|   | 62/100 [02:12<01:06,  1.76s/it] 63%|   | 63/100 [02:14<01:05,  1.77s/it] 64%|   | 64/100 [02:15<01:03,  1.76s/it] 65%|   | 65/100 [02:17<01:01,  1.76s/it] 66%|   | 66/100 [02:19<00:59,  1.76s/it] 67%|   | 67/100 [02:21<00:58,  1.76s/it] 68%|   | 68/100 [02:22<00:56,  1.76s/it] 69%|   | 69/100 [02:24<00:54,  1.76s/it] 70%|   | 70/100 [02:26<00:52,  1.76s/it] 71%|   | 71/100 [02:28<00:51,  1.76s/it] 72%|  | 72/100 [02:29<00:49,  1.76s/it] 73%|  | 73/100 [02:31<00:47,  1.76s/it] 74%|  | 74/100 [02:33<00:45,  1.77s/it] 75%|  | 75/100 [02:35<00:44,  1.77s/it] 76%|  | 76/100 [02:36<00:42,  1.76s/it] 77%|  | 77/100 [02:38<00:40,  1.76s/it] 78%|  | 78/100 [02:40<00:38,  1.76s/it] 79%|  | 79/100 [02:42<00:36,  1.76s/it] 80%|  | 80/100 [02:43<00:35,  1.76s/it] 81%|  | 81/100 [02:45<00:33,  1.76s/it] 82%| | 82/100 [02:47<00:31,  1.76s/it] 83%| | 83/100 [02:49<00:29,  1.76s/it] 84%| | 84/100 [02:51<00:28,  1.76s/it] 85%| | 85/100 [02:52<00:26,  1.76s/it] 86%| | 86/100 [02:54<00:24,  1.75s/it] 87%| | 87/100 [02:56<00:22,  1.76s/it] 88%| | 88/100 [02:58<00:21,  1.76s/it] 89%| | 89/100 [02:59<00:19,  1.76s/it] 90%| | 90/100 [03:01<00:17,  1.76s/it] 91%| | 91/100 [03:03<00:15,  1.76s/it] 92%|| 92/100 [03:05<00:14,  1.75s/it] 93%|| 93/100 [03:06<00:12,  1.75s/it] 94%|| 94/100 [03:08<00:10,  1.75s/it] 95%|| 95/100 [03:10<00:08,  1.76s/it] 96%|| 96/100 [03:12<00:07,  1.76s/it] 97%|| 97/100 [03:13<00:05,  1.76s/it] 98%|| 98/100 [03:15<00:03,  1.77s/it] 99%|| 99/100 [03:17<00:01,  1.76s/it]100%|| 100/100 [03:19<00:00,  1.76s/it]100%|| 100/100 [03:19<00:00,  1.99s/it]

Predicting for SPOT-RNA model 2
  0%|          | 0/100 [00:00<?, ?it/s]  1%|          | 1/100 [00:05<08:19,  5.04s/it]  2%|         | 2/100 [00:07<05:26,  3.34s/it]  3%|         | 3/100 [00:09<04:29,  2.78s/it]  4%|         | 4/100 [00:11<04:01,  2.51s/it]  5%|         | 5/100 [00:13<03:48,  2.40s/it]  6%|         | 6/100 [00:15<03:41,  2.35s/it]  7%|         | 7/100 [00:18<03:36,  2.33s/it]  8%|         | 8/100 [00:20<03:32,  2.31s/it]  9%|         | 9/100 [00:22<03:27,  2.29s/it] 10%|         | 10/100 [00:24<03:21,  2.23s/it] 11%|         | 11/100 [00:26<03:15,  2.20s/it] 12%|        | 12/100 [00:29<03:13,  2.20s/it] 13%|        | 13/100 [00:31<03:13,  2.22s/it] 14%|        | 14/100 [00:33<03:12,  2.24s/it] 15%|        | 15/100 [00:35<03:11,  2.26s/it] 16%|        | 16/100 [00:38<03:09,  2.26s/it] 17%|        | 17/100 [00:40<03:07,  2.26s/it] 18%|        | 18/100 [00:42<03:02,  2.22s/it] 19%|        | 19/100 [00:44<02:57,  2.19s/it] 20%|        | 20/100 [00:46<02:55,  2.20s/it] 21%|        | 21/100 [00:49<02:55,  2.22s/it] 22%|       | 22/100 [00:51<02:54,  2.24s/it] 23%|       | 23/100 [00:53<02:52,  2.24s/it] 24%|       | 24/100 [00:56<02:51,  2.25s/it] 25%|       | 25/100 [00:58<02:49,  2.26s/it] 26%|       | 26/100 [01:00<02:47,  2.26s/it] 27%|       | 27/100 [01:02<02:41,  2.21s/it] 28%|       | 28/100 [01:04<02:37,  2.19s/it] 29%|       | 29/100 [01:07<02:36,  2.20s/it] 30%|       | 30/100 [01:09<02:37,  2.26s/it] 31%|       | 31/100 [01:11<02:38,  2.29s/it] 32%|      | 32/100 [01:14<02:37,  2.31s/it] 33%|      | 33/100 [01:16<02:36,  2.34s/it] 34%|      | 34/100 [01:18<02:35,  2.36s/it] 35%|      | 35/100 [01:21<02:33,  2.36s/it] 36%|      | 36/100 [01:23<02:30,  2.35s/it] 37%|      | 37/100 [01:25<02:26,  2.33s/it] 38%|      | 38/100 [01:28<02:23,  2.31s/it] 39%|      | 39/100 [01:30<02:20,  2.30s/it] 40%|      | 40/100 [01:32<02:17,  2.29s/it] 41%|      | 41/100 [01:35<02:14,  2.29s/it] 42%|     | 42/100 [01:37<02:12,  2.28s/it] 43%|     | 43/100 [01:39<02:10,  2.29s/it] 44%|     | 44/100 [01:41<02:07,  2.28s/it] 45%|     | 45/100 [01:44<02:05,  2.28s/it] 46%|     | 46/100 [01:46<02:02,  2.27s/it] 47%|     | 47/100 [01:48<02:00,  2.28s/it] 48%|     | 48/100 [01:50<01:58,  2.28s/it] 49%|     | 49/100 [01:53<01:56,  2.28s/it] 50%|     | 50/100 [01:55<01:54,  2.28s/it] 51%|     | 51/100 [01:57<01:51,  2.28s/it] 52%|    | 52/100 [01:59<01:48,  2.26s/it] 53%|    | 53/100 [02:02<01:43,  2.21s/it] 54%|    | 54/100 [02:04<01:40,  2.18s/it] 55%|    | 55/100 [02:06<01:39,  2.22s/it] 56%|    | 56/100 [02:08<01:38,  2.24s/it] 57%|    | 57/100 [02:11<01:36,  2.25s/it] 58%|    | 58/100 [02:13<01:34,  2.26s/it] 59%|    | 59/100 [02:15<01:32,  2.26s/it] 60%|    | 60/100 [02:17<01:30,  2.26s/it] 61%|    | 61/100 [02:20<01:28,  2.27s/it] 62%|   | 62/100 [02:22<01:26,  2.27s/it] 63%|   | 63/100 [02:24<01:22,  2.22s/it] 64%|   | 64/100 [02:26<01:18,  2.18s/it] 65%|   | 65/100 [02:28<01:17,  2.21s/it] 66%|   | 66/100 [02:31<01:15,  2.23s/it] 67%|   | 67/100 [02:33<01:13,  2.24s/it] 68%|   | 68/100 [02:35<01:12,  2.25s/it] 69%|   | 69/100 [02:38<01:09,  2.26s/it] 70%|   | 70/100 [02:40<01:07,  2.27s/it] 71%|   | 71/100 [02:42<01:05,  2.27s/it] 72%|  | 72/100 [02:44<01:03,  2.27s/it] 73%|  | 73/100 [02:47<01:01,  2.27s/it] 74%|  | 74/100 [02:49<00:58,  2.25s/it] 75%|  | 75/100 [02:51<00:55,  2.21s/it] 76%|  | 76/100 [02:53<00:52,  2.20s/it] 77%|  | 77/100 [02:55<00:51,  2.23s/it] 78%|  | 78/100 [02:58<00:49,  2.24s/it] 79%|  | 79/100 [03:00<00:47,  2.25s/it] 80%|  | 80/100 [03:02<00:45,  2.26s/it] 81%|  | 81/100 [03:04<00:42,  2.26s/it] 82%| | 82/100 [03:07<00:40,  2.27s/it] 83%| | 83/100 [03:09<00:38,  2.27s/it] 84%| | 84/100 [03:11<00:36,  2.27s/it] 85%| | 85/100 [03:14<00:34,  2.27s/it] 86%| | 86/100 [03:16<00:32,  2.29s/it] 87%| | 87/100 [03:18<00:29,  2.30s/it] 88%| | 88/100 [03:21<00:27,  2.30s/it] 89%| | 89/100 [03:23<00:25,  2.30s/it] 90%| | 90/100 [03:25<00:22,  2.29s/it] 91%| | 91/100 [03:27<00:20,  2.29s/it] 92%|| 92/100 [03:30<00:18,  2.29s/it] 93%|| 93/100 [03:32<00:16,  2.29s/it] 94%|| 94/100 [03:34<00:13,  2.28s/it] 95%|| 95/100 [03:37<00:11,  2.28s/it] 96%|| 96/100 [03:39<00:09,  2.28s/it] 97%|| 97/100 [03:41<00:06,  2.28s/it] 98%|| 98/100 [03:43<00:04,  2.28s/it] 99%|| 99/100 [03:46<00:02,  2.28s/it]100%|| 100/100 [03:48<00:00,  2.27s/it]100%|| 100/100 [03:48<00:00,  2.28s/it]

Predicting for SPOT-RNA model 3
  0%|          | 0/100 [00:00<?, ?it/s]  1%|          | 1/100 [00:05<09:30,  5.76s/it]  2%|         | 2/100 [00:08<06:46,  4.14s/it]  3%|         | 3/100 [00:11<05:51,  3.63s/it]  4%|         | 4/100 [00:14<05:30,  3.44s/it]  5%|         | 5/100 [00:18<05:15,  3.33s/it]  6%|         | 6/100 [00:21<05:06,  3.26s/it]  7%|         | 7/100 [00:24<04:59,  3.22s/it]  8%|         | 8/100 [00:27<04:53,  3.19s/it]  9%|         | 9/100 [00:30<04:51,  3.20s/it] 10%|         | 10/100 [00:33<04:50,  3.22s/it] 11%|         | 11/100 [00:37<04:50,  3.27s/it] 12%|        | 12/100 [00:40<04:52,  3.32s/it] 13%|        | 13/100 [00:44<04:52,  3.36s/it] 14%|        | 14/100 [00:47<04:51,  3.39s/it] 15%|        | 15/100 [00:51<04:49,  3.41s/it] 16%|        | 16/100 [00:54<04:47,  3.42s/it] 17%|        | 17/100 [00:58<04:45,  3.43s/it] 18%|        | 18/100 [01:01<04:41,  3.44s/it] 19%|        | 19/100 [01:04<04:38,  3.44s/it] 20%|        | 20/100 [01:08<04:35,  3.44s/it] 21%|        | 21/100 [01:11<04:30,  3.42s/it] 22%|       | 22/100 [01:15<04:25,  3.40s/it] 23%|       | 23/100 [01:18<04:21,  3.39s/it] 24%|       | 24/100 [01:21<04:16,  3.38s/it] 25%|       | 25/100 [01:25<04:12,  3.37s/it] 26%|       | 26/100 [01:28<04:08,  3.36s/it] 27%|       | 27/100 [01:31<04:04,  3.35s/it] 28%|       | 28/100 [01:35<04:01,  3.35s/it] 29%|       | 29/100 [01:38<03:57,  3.35s/it] 30%|       | 30/100 [01:41<03:54,  3.35s/it] 31%|       | 31/100 [01:45<03:51,  3.35s/it] 32%|      | 32/100 [01:48<03:47,  3.35s/it] 33%|      | 33/100 [01:51<03:44,  3.35s/it] 34%|      | 34/100 [01:55<03:40,  3.35s/it] 35%|      | 35/100 [01:58<03:38,  3.35s/it] 36%|      | 36/100 [02:02<03:34,  3.36s/it] 37%|      | 37/100 [02:05<03:30,  3.35s/it] 38%|      | 38/100 [02:08<03:27,  3.35s/it] 39%|      | 39/100 [02:12<03:26,  3.38s/it] 40%|      | 40/100 [02:15<03:24,  3.41s/it] 41%|      | 41/100 [02:19<03:21,  3.42s/it] 42%|     | 42/100 [02:22<03:18,  3.43s/it] 43%|     | 43/100 [02:25<03:14,  3.41s/it] 44%|     | 44/100 [02:29<03:11,  3.42s/it] 45%|     | 45/100 [02:32<03:07,  3.40s/it] 46%|     | 46/100 [02:36<03:02,  3.38s/it] 47%|     | 47/100 [02:39<02:58,  3.38s/it] 48%|     | 48/100 [02:42<02:55,  3.37s/it] 49%|     | 49/100 [02:46<02:51,  3.36s/it] 50%|     | 50/100 [02:49<02:51,  3.42s/it] 51%|     | 51/100 [02:53<02:46,  3.40s/it] 52%|    | 52/100 [02:56<02:42,  3.39s/it] 53%|    | 53/100 [02:59<02:39,  3.38s/it] 54%|    | 54/100 [03:03<02:35,  3.38s/it] 55%|    | 55/100 [03:06<02:31,  3.37s/it] 56%|    | 56/100 [03:09<02:28,  3.37s/it] 57%|    | 57/100 [03:13<02:24,  3.37s/it] 58%|    | 58/100 [03:16<02:21,  3.37s/it] 59%|    | 59/100 [03:19<02:18,  3.37s/it] 60%|    | 60/100 [03:23<02:14,  3.36s/it] 61%|    | 61/100 [03:26<02:10,  3.36s/it] 62%|   | 62/100 [03:29<02:07,  3.35s/it] 63%|   | 63/100 [03:33<02:04,  3.35s/it] 64%|   | 64/100 [03:36<02:00,  3.36s/it] 65%|   | 65/100 [03:40<01:57,  3.36s/it] 66%|   | 66/100 [03:43<01:54,  3.36s/it] 67%|   | 67/100 [03:46<01:50,  3.36s/it] 68%|   | 68/100 [03:50<01:47,  3.36s/it] 69%|   | 69/100 [03:53<01:44,  3.36s/it] 70%|   | 70/100 [03:56<01:40,  3.36s/it] 71%|   | 71/100 [04:00<01:37,  3.36s/it] 72%|  | 72/100 [04:03<01:34,  3.36s/it] 73%|  | 73/100 [04:07<01:31,  3.39s/it] 74%|  | 74/100 [04:10<01:28,  3.42s/it] 75%|  | 75/100 [04:14<01:25,  3.43s/it] 76%|  | 76/100 [04:17<01:22,  3.43s/it] 77%|  | 77/100 [04:20<01:18,  3.43s/it] 78%|  | 78/100 [04:24<01:15,  3.44s/it] 79%|  | 79/100 [04:27<01:11,  3.42s/it] 80%|  | 80/100 [04:31<01:08,  3.42s/it] 81%|  | 81/100 [04:34<01:05,  3.44s/it] 82%| | 82/100 [04:38<01:02,  3.46s/it] 83%| | 83/100 [04:41<00:59,  3.48s/it] 84%| | 84/100 [04:45<00:56,  3.52s/it] 85%| | 85/100 [04:48<00:52,  3.53s/it] 86%| | 86/100 [04:52<00:49,  3.51s/it] 87%| | 87/100 [04:55<00:45,  3.47s/it] 88%| | 88/100 [04:59<00:41,  3.44s/it] 89%| | 89/100 [05:02<00:37,  3.41s/it] 90%| | 90/100 [05:05<00:33,  3.39s/it] 91%| | 91/100 [05:09<00:30,  3.37s/it] 92%|| 92/100 [05:12<00:27,  3.38s/it] 93%|| 93/100 [05:15<00:23,  3.37s/it] 94%|| 94/100 [05:19<00:20,  3.37s/it] 95%|| 95/100 [05:22<00:16,  3.36s/it] 96%|| 96/100 [05:25<00:13,  3.36s/it] 97%|| 97/100 [05:29<00:10,  3.36s/it] 98%|| 98/100 [05:32<00:06,  3.36s/it] 99%|| 99/100 [05:35<00:03,  3.37s/it]100%|| 100/100 [05:39<00:00,  3.36s/it]100%|| 100/100 [05:39<00:00,  3.39s/it]

Predicting for SPOT-RNA model 4
  0%|          | 0/100 [00:00<?, ?it/s]  1%|          | 1/100 [00:06<11:32,  6.99s/it]  2%|         | 2/100 [00:09<06:59,  4.28s/it]  3%|         | 3/100 [00:11<05:31,  3.42s/it]  4%|         | 4/100 [00:14<04:52,  3.05s/it]  5%|         | 5/100 [00:16<04:35,  2.90s/it]  6%|         | 6/100 [00:19<04:23,  2.80s/it]  7%|         | 7/100 [00:22<04:15,  2.74s/it]  8%|         | 8/100 [00:24<04:04,  2.66s/it]  9%|         | 9/100 [00:26<03:54,  2.57s/it] 10%|         | 10/100 [00:29<03:50,  2.56s/it] 11%|         | 11/100 [00:32<03:49,  2.58s/it] 12%|        | 12/100 [00:34<03:48,  2.59s/it] 13%|        | 13/100 [00:37<03:46,  2.60s/it] 14%|        | 14/100 [00:39<03:43,  2.60s/it] 15%|        | 15/100 [00:42<03:35,  2.54s/it] 16%|        | 16/100 [00:44<03:30,  2.50s/it] 17%|        | 17/100 [00:47<03:30,  2.53s/it] 18%|        | 18/100 [00:49<03:29,  2.56s/it] 19%|        | 19/100 [00:52<03:28,  2.57s/it] 20%|        | 20/100 [00:55<03:26,  2.59s/it] 21%|        | 21/100 [00:57<03:25,  2.60s/it] 22%|       | 22/100 [01:00<03:20,  2.58s/it] 23%|       | 23/100 [01:02<03:14,  2.53s/it] 24%|       | 24/100 [01:05<03:11,  2.52s/it] 25%|       | 25/100 [01:07<03:11,  2.55s/it] 26%|       | 26/100 [01:10<03:10,  2.57s/it] 27%|       | 27/100 [01:13<03:08,  2.58s/it] 28%|       | 28/100 [01:15<03:06,  2.59s/it] 29%|       | 29/100 [01:18<03:04,  2.60s/it] 30%|       | 30/100 [01:20<03:00,  2.58s/it] 31%|       | 31/100 [01:23<02:54,  2.52s/it] 32%|      | 32/100 [01:25<02:51,  2.52s/it] 33%|      | 33/100 [01:28<02:51,  2.55s/it] 34%|      | 34/100 [01:31<02:49,  2.57s/it] 35%|      | 35/100 [01:33<02:47,  2.58s/it] 36%|      | 36/100 [01:36<02:46,  2.59s/it] 37%|      | 37/100 [01:38<02:44,  2.60s/it] 38%|      | 38/100 [01:41<02:41,  2.60s/it] 39%|      | 39/100 [01:43<02:34,  2.54s/it] 40%|      | 40/100 [01:46<02:31,  2.52s/it] 41%|      | 41/100 [01:48<02:30,  2.55s/it] 42%|     | 42/100 [01:51<02:29,  2.57s/it] 43%|     | 43/100 [01:54<02:27,  2.58s/it] 44%|     | 44/100 [01:56<02:25,  2.60s/it] 45%|     | 45/100 [01:59<02:23,  2.61s/it] 46%|     | 46/100 [02:02<02:20,  2.60s/it] 47%|     | 47/100 [02:04<02:14,  2.54s/it] 48%|     | 48/100 [02:06<02:11,  2.53s/it] 49%|     | 49/100 [02:09<02:10,  2.56s/it] 50%|     | 50/100 [02:12<02:08,  2.57s/it] 51%|     | 51/100 [02:14<02:06,  2.59s/it] 52%|    | 52/100 [02:17<02:04,  2.60s/it] 53%|    | 53/100 [02:20<02:02,  2.60s/it] 54%|    | 54/100 [02:22<01:59,  2.61s/it] 55%|    | 55/100 [02:25<01:55,  2.58s/it] 56%|    | 56/100 [02:27<01:51,  2.53s/it] 57%|    | 57/100 [02:30<01:49,  2.54s/it] 58%|    | 58/100 [02:32<01:47,  2.56s/it] 59%|    | 59/100 [02:35<01:45,  2.58s/it] 60%|    | 60/100 [02:38<01:43,  2.60s/it] 61%|    | 61/100 [02:40<01:41,  2.60s/it] 62%|   | 62/100 [02:43<01:39,  2.61s/it] 63%|   | 63/100 [02:45<01:35,  2.59s/it] 64%|   | 64/100 [02:48<01:31,  2.54s/it] 65%|   | 65/100 [02:50<01:28,  2.53s/it] 66%|   | 66/100 [02:53<01:26,  2.55s/it] 67%|   | 67/100 [02:55<01:24,  2.57s/it] 68%|   | 68/100 [02:58<01:22,  2.59s/it] 69%|   | 69/100 [03:01<01:20,  2.60s/it] 70%|   | 70/100 [03:03<01:18,  2.60s/it] 71%|   | 71/100 [03:06<01:15,  2.61s/it] 72%|  | 72/100 [03:08<01:12,  2.57s/it] 73%|  | 73/100 [03:11<01:08,  2.52s/it] 74%|  | 74/100 [03:13<01:06,  2.55s/it] 75%|  | 75/100 [03:16<01:04,  2.58s/it] 76%|  | 76/100 [03:19<01:02,  2.59s/it] 77%|  | 77/100 [03:21<00:59,  2.60s/it] 78%|  | 78/100 [03:24<00:57,  2.60s/it] 79%|  | 79/100 [03:27<00:54,  2.62s/it] 80%|  | 80/100 [03:29<00:52,  2.62s/it] 81%|  | 81/100 [03:32<00:49,  2.61s/it] 82%| | 82/100 [03:34<00:45,  2.55s/it] 83%| | 83/100 [03:37<00:43,  2.55s/it] 84%| | 84/100 [03:39<00:41,  2.58s/it] 85%| | 85/100 [03:42<00:39,  2.61s/it] 86%| | 86/100 [03:45<00:36,  2.62s/it] 87%| | 87/100 [03:47<00:34,  2.62s/it] 88%| | 88/100 [03:50<00:31,  2.63s/it] 89%| | 89/100 [03:53<00:28,  2.63s/it] 90%| | 90/100 [03:55<00:26,  2.63s/it] 91%| | 91/100 [03:58<00:23,  2.64s/it] 92%|| 92/100 [04:01<00:21,  2.64s/it] 93%|| 93/100 [04:03<00:18,  2.63s/it] 94%|| 94/100 [04:06<00:15,  2.63s/it] 95%|| 95/100 [04:08<00:13,  2.62s/it] 96%|| 96/100 [04:11<00:10,  2.62s/it] 97%|| 97/100 [04:14<00:07,  2.62s/it] 98%|| 98/100 [04:16<00:05,  2.62s/it] 99%|| 99/100 [04:19<00:02,  2.62s/it]100%|| 100/100 [04:22<00:00,  2.62s/it]100%|| 100/100 [04:22<00:00,  2.62s/it]

Post Processing and Saving Output

Finished!

Processsing Time 1552.037430047989 seconds

[32m[1ARelocating SEQUENCE_300 to Datasets/HDV[0m
[32m[1A[0KAdding SEQUENCE_300[0m
[0m[31m[0m[32m[1mSEQUENCE_300 Added![0m

[32m[1ARelocating SEQUENCE_301 to Datasets/HDV[0m
[32m[1A[0KAdding SEQUENCE_301[0m
[0m[31m[0m[32m[1mSEQUENCE_301 Added![0m

[32m[1ARelocating SEQUENCE_302 to Datasets/HDV[0m
[32m[1A[0KAdding SEQUENCE_302[0m
[0m[31m[0m[32m[1mSEQUENCE_302 Added![0m

[32m[1ARelocating SEQUENCE_303 to Datasets/HDV[0m
[32m[1A[0KAdding SEQUENCE_303[0m
[0m[31m[0m[32m[1mSEQUENCE_303 Added![0m

[32m[1ARelocating SEQUENCE_304 to Datasets/HDV[0m
[32m[1A[0KAdding SEQUENCE_304[0m
[0m[31m[0m[32m[1mSEQUENCE_304 Added![0m

[32m[1ARelocating SEQUENCE_305 to Datasets/HDV[0m
[32m[1A[0KAdding SEQUENCE_305[0m
[0m[31m[0m[32m[1mSEQUENCE_305 Added![0m

[32m[1ARelocating SEQUENCE_306 to Datasets/HDV[0m
[32m[1A[0KAdding SEQUENCE_306[0m
[0m[31m[0m[32m[1mSEQUENCE_306 Added![0m

[32m[1ARelocating SEQUENCE_307 to Datasets/HDV[0m
[32m[1A[0KAdding SEQUENCE_307[0m
[0m[31m[0m[32m[1mSEQUENCE_307 Added![0m

[32m[1ARelocating SEQUENCE_308 to Datasets/HDV[0m
[32m[1A[0KAdding SEQUENCE_308[0m
[0m[31m[0m[32m[1mSEQUENCE_308 Added![0m

[32m[1ARelocating SEQUENCE_309 to Datasets/HDV[0m
[32m[1A[0KAdding SEQUENCE_309[0m
[0m[31m[0m[32m[1mSEQUENCE_309 Added![0m

[32m[1ARelocating SEQUENCE_310 to Datasets/HDV[0m
[32m[1A[0KAdding SEQUENCE_310[0m
[0m[31m[0m[32m[1mSEQUENCE_310 Added![0m

[32m[1ARelocating SEQUENCE_311 to Datasets/HDV[0m
[32m[1A[0KAdding SEQUENCE_311[0m
[0m[31m[0m[32m[1mSEQUENCE_311 Added![0m

[32m[1ARelocating SEQUENCE_312 to Datasets/HDV[0m
[32m[1A[0KAdding SEQUENCE_312[0m
[0m[31m[0m[32m[1mSEQUENCE_312 Added![0m

[32m[1ARelocating SEQUENCE_313 to Datasets/HDV[0m
[32m[1A[0KAdding SEQUENCE_313[0m
[0m[31m[0m[32m[1mSEQUENCE_313 Added![0m

[32m[1ARelocating SEQUENCE_314 to Datasets/HDV[0m
[32m[1A[0KAdding SEQUENCE_314[0m
[0m[31m[0m[32m[1mSEQUENCE_314 Added![0m

[32m[1ARelocating SEQUENCE_315 to Datasets/HDV[0m
[32m[1A[0KAdding SEQUENCE_315[0m
[0m[31m[0m[32m[1mSEQUENCE_315 Added![0m

[32m[1ARelocating SEQUENCE_316 to Datasets/HDV[0m
[32m[1A[0KAdding SEQUENCE_316[0m
[0m[31m[0m[32m[1mSEQUENCE_316 Added![0m

[32m[1ARelocating SEQUENCE_317 to Datasets/HDV[0m
[32m[1A[0KAdding SEQUENCE_317[0m
[0m[31m[0m[32m[1mSEQUENCE_317 Added![0m

[32m[1ARelocating SEQUENCE_318 to Datasets/HDV[0m
[32m[1A[0KAdding SEQUENCE_318[0m
[0m[31m[0m[32m[1mSEQUENCE_318 Added![0m

[32m[1ARelocating SEQUENCE_319 to Datasets/HDV[0m
[32m[1A[0KAdding SEQUENCE_319[0m
[0m[31m[0m[32m[1mSEQUENCE_319 Added![0m

[32m[1ARelocating SEQUENCE_320 to Datasets/HDV[0m
[32m[1A[0KAdding SEQUENCE_320[0m
[0m[31m[0m[32m[1mSEQUENCE_320 Added![0m

[32m[1ARelocating SEQUENCE_321 to Datasets/HDV[0m
[32m[1A[0KAdding SEQUENCE_321[0m
[0m[31m[0m[32m[1mSEQUENCE_321 Added![0m

[32m[1ARelocating SEQUENCE_322 to Datasets/HDV[0m
[32m[1A[0KAdding SEQUENCE_322[0m
[0m[31m[0m[32m[1mSEQUENCE_322 Added![0m

[32m[1ARelocating SEQUENCE_323 to Datasets/HDV[0m
[32m[1A[0KAdding SEQUENCE_323[0m
[0m[31m[0m[32m[1mSEQUENCE_323 Added![0m

[32m[1ARelocating SEQUENCE_324 to Datasets/HDV[0m
[32m[1A[0KAdding SEQUENCE_324[0m
[0m[31m[0m[32m[1mSEQUENCE_324 Added![0m

[32m[1ARelocating SEQUENCE_325 to Datasets/HDV[0m
[32m[1A[0KAdding SEQUENCE_325[0m
[0m[31m[0m[32m[1mSEQUENCE_325 Added![0m

[32m[1ARelocating SEQUENCE_326 to Datasets/HDV[0m
[32m[1A[0KAdding SEQUENCE_326[0m
[0m[31m[0m[32m[1mSEQUENCE_326 Added![0m

[32m[1ARelocating SEQUENCE_327 to Datasets/HDV[0m
[32m[1A[0KAdding SEQUENCE_327[0m
[0m[31m[0m[32m[1mSEQUENCE_327 Added![0m

[32m[1ARelocating SEQUENCE_328 to Datasets/HDV[0m
[32m[1A[0KAdding SEQUENCE_328[0m
[0m[31m[0m[32m[1mSEQUENCE_328 Added![0m

[32m[1ARelocating SEQUENCE_329 to Datasets/HDV[0m
[32m[1A[0KAdding SEQUENCE_329[0m
[0m[31m[0m[32m[1mSEQUENCE_329 Added![0m

[32m[1ARelocating SEQUENCE_330 to Datasets/HDV[0m
[32m[1A[0KAdding SEQUENCE_330[0m
[0m[31m[0m[32m[1mSEQUENCE_330 Added![0m

[32m[1ARelocating SEQUENCE_331 to Datasets/HDV[0m
[32m[1A[0KAdding SEQUENCE_331[0m
[0m[31m[0m[32m[1mSEQUENCE_331 Added![0m

[32m[1ARelocating SEQUENCE_332 to Datasets/HDV[0m
[32m[1A[0KAdding SEQUENCE_332[0m
[0m[31m[0m[32m[1mSEQUENCE_332 Added![0m

[32m[1ARelocating SEQUENCE_333 to Datasets/HDV[0m
[32m[1A[0KAdding SEQUENCE_333[0m
[0m[31m[0m[32m[1mSEQUENCE_333 Added![0m

[32m[1ARelocating SEQUENCE_334 to Datasets/HDV[0m
[32m[1A[0KAdding SEQUENCE_334[0m
[0m[31m[0m[32m[1mSEQUENCE_334 Added![0m

[32m[1ARelocating SEQUENCE_335 to Datasets/HDV[0m
[32m[1A[0KAdding SEQUENCE_335[0m
[0m[31m[0m[32m[1mSEQUENCE_335 Added![0m

[32m[1ARelocating SEQUENCE_336 to Datasets/HDV[0m
[32m[1A[0KAdding SEQUENCE_336[0m
[0m[31m[0m[32m[1mSEQUENCE_336 Added![0m

[32m[1ARelocating SEQUENCE_337 to Datasets/HDV[0m
[32m[1A[0KAdding SEQUENCE_337[0m
[0m[31m[0m[32m[1mSEQUENCE_337 Added![0m

[32m[1ARelocating SEQUENCE_338 to Datasets/HDV[0m
[32m[1A[0KAdding SEQUENCE_338[0m
[0m[31m[0m[32m[1mSEQUENCE_338 Added![0m

[32m[1ARelocating SEQUENCE_339 to Datasets/HDV[0m
[32m[1A[0KAdding SEQUENCE_339[0m
[0m[31m[0m[32m[1mSEQUENCE_339 Added![0m

[32m[1ARelocating SEQUENCE_340 to Datasets/HDV[0m
[32m[1A[0KAdding SEQUENCE_340[0m
[0m[31m[0m[32m[1mSEQUENCE_340 Added![0m

[32m[1ARelocating SEQUENCE_341 to Datasets/HDV[0m
[32m[1A[0KAdding SEQUENCE_341[0m
[0m[31m[0m[32m[1mSEQUENCE_341 Added![0m

[32m[1ARelocating SEQUENCE_342 to Datasets/HDV[0m
[32m[1A[0KAdding SEQUENCE_342[0m
[0m[31m[0m[32m[1mSEQUENCE_342 Added![0m

[32m[1ARelocating SEQUENCE_343 to Datasets/HDV[0m
[32m[1A[0KAdding SEQUENCE_343[0m
[0m[31m[0m[32m[1mSEQUENCE_343 Added![0m

[32m[1ARelocating SEQUENCE_344 to Datasets/HDV[0m
[32m[1A[0KAdding SEQUENCE_344[0m
[0m[31m[0m[32m[1mSEQUENCE_344 Added![0m

[32m[1ARelocating SEQUENCE_345 to Datasets/HDV[0m
[32m[1A[0KAdding SEQUENCE_345[0m
[0m[31m[0m[32m[1mSEQUENCE_345 Added![0m

[32m[1ARelocating SEQUENCE_346 to Datasets/HDV[0m
[32m[1A[0KAdding SEQUENCE_346[0m
[0m[31m[0m[32m[1mSEQUENCE_346 Added![0m

[32m[1ARelocating SEQUENCE_347 to Datasets/HDV[0m
[32m[1A[0KAdding SEQUENCE_347[0m
[0m[31m[0m[32m[1mSEQUENCE_347 Added![0m

[32m[1ARelocating SEQUENCE_348 to Datasets/HDV[0m
[32m[1A[0KAdding SEQUENCE_348[0m
[0m[31m[0m[32m[1mSEQUENCE_348 Added![0m

[32m[1ARelocating SEQUENCE_349 to Datasets/HDV[0m
[32m[1A[0KAdding SEQUENCE_349[0m
[0m[31m[0m[32m[1mSEQUENCE_349 Added![0m
Commit Ready for SEQUENCE_300_to_349

[32m[1ARelocating SEQUENCE_350 to Datasets/HDV[0m
[32m[1A[0KAdding SEQUENCE_350[0m
[0m[31m[0m[32m[1mSEQUENCE_350 Added![0m

[32m[1ARelocating SEQUENCE_351 to Datasets/HDV[0m
[32m[1A[0KAdding SEQUENCE_351[0m
[0m[31m[0m[32m[1mSEQUENCE_351 Added![0m

[32m[1ARelocating SEQUENCE_352 to Datasets/HDV[0m
[32m[1A[0KAdding SEQUENCE_352[0m
[0m[31m[0m[32m[1mSEQUENCE_352 Added![0m

[32m[1ARelocating SEQUENCE_353 to Datasets/HDV[0m
[32m[1A[0KAdding SEQUENCE_353[0m
[0m[31m[0m[32m[1mSEQUENCE_353 Added![0m

[32m[1ARelocating SEQUENCE_354 to Datasets/HDV[0m
[32m[1A[0KAdding SEQUENCE_354[0m
[0m[31m[0m[32m[1mSEQUENCE_354 Added![0m

[32m[1ARelocating SEQUENCE_355 to Datasets/HDV[0m
[32m[1A[0KAdding SEQUENCE_355[0m
[0m[31m[0m[32m[1mSEQUENCE_355 Added![0m

[32m[1ARelocating SEQUENCE_356 to Datasets/HDV[0m
[32m[1A[0KAdding SEQUENCE_356[0m
[0m[31m[0m[32m[1mSEQUENCE_356 Added![0m

[32m[1ARelocating SEQUENCE_357 to Datasets/HDV[0m
[32m[1A[0KAdding SEQUENCE_357[0m
[0m[31m[0m[32m[1mSEQUENCE_357 Added![0m

[32m[1ARelocating SEQUENCE_358 to Datasets/HDV[0m
[32m[1A[0KAdding SEQUENCE_358[0m
[0m[31m[0m[32m[1mSEQUENCE_358 Added![0m

[32m[1ARelocating SEQUENCE_359 to Datasets/HDV[0m
[32m[1A[0KAdding SEQUENCE_359[0m
[0m[31m[0m[32m[1mSEQUENCE_359 Added![0m

[32m[1ARelocating SEQUENCE_360 to Datasets/HDV[0m
[32m[1A[0KAdding SEQUENCE_360[0m
[0m[31m[0m[32m[1mSEQUENCE_360 Added![0m

[32m[1ARelocating SEQUENCE_361 to Datasets/HDV[0m
[32m[1A[0KAdding SEQUENCE_361[0m
[0m[31m[0m[32m[1mSEQUENCE_361 Added![0m

[32m[1ARelocating SEQUENCE_362 to Datasets/HDV[0m
[32m[1A[0KAdding SEQUENCE_362[0m
[0m[31m[0m[32m[1mSEQUENCE_362 Added![0m

[32m[1ARelocating SEQUENCE_363 to Datasets/HDV[0m
[32m[1A[0KAdding SEQUENCE_363[0m
[0m[31m[0m[32m[1mSEQUENCE_363 Added![0m

[32m[1ARelocating SEQUENCE_364 to Datasets/HDV[0m
[32m[1A[0KAdding SEQUENCE_364[0m
[0m[31m[0m[32m[1mSEQUENCE_364 Added![0m

[32m[1ARelocating SEQUENCE_365 to Datasets/HDV[0m
[32m[1A[0KAdding SEQUENCE_365[0m
[0m[31m[0m[32m[1mSEQUENCE_365 Added![0m

[32m[1ARelocating SEQUENCE_366 to Datasets/HDV[0m
[32m[1A[0KAdding SEQUENCE_366[0m
[0m[31m[0m[32m[1mSEQUENCE_366 Added![0m

[32m[1ARelocating SEQUENCE_367 to Datasets/HDV[0m
[32m[1A[0KAdding SEQUENCE_367[0m
[0m[31m[0m[32m[1mSEQUENCE_367 Added![0m

[32m[1ARelocating SEQUENCE_368 to Datasets/HDV[0m
[32m[1A[0KAdding SEQUENCE_368[0m
[0m[31m[0m[32m[1mSEQUENCE_368 Added![0m

[32m[1ARelocating SEQUENCE_369 to Datasets/HDV[0m
[32m[1A[0KAdding SEQUENCE_369[0m
[0m[31m[0m[32m[1mSEQUENCE_369 Added![0m

[32m[1ARelocating SEQUENCE_370 to Datasets/HDV[0m
[32m[1A[0KAdding SEQUENCE_370[0m
[0m[31m[0m[32m[1mSEQUENCE_370 Added![0m

[32m[1ARelocating SEQUENCE_371 to Datasets/HDV[0m
[32m[1A[0KAdding SEQUENCE_371[0m
[0m[31m[0m[32m[1mSEQUENCE_371 Added![0m

[32m[1ARelocating SEQUENCE_372 to Datasets/HDV[0m
[32m[1A[0KAdding SEQUENCE_372[0m
[0m[31m[0m[32m[1mSEQUENCE_372 Added![0m

[32m[1ARelocating SEQUENCE_373 to Datasets/HDV[0m
[32m[1A[0KAdding SEQUENCE_373[0m
[0m[31m[0m[32m[1mSEQUENCE_373 Added![0m

[32m[1ARelocating SEQUENCE_374 to Datasets/HDV[0m
[32m[1A[0KAdding SEQUENCE_374[0m
[0m[31m[0m[32m[1mSEQUENCE_374 Added![0m

[32m[1ARelocating SEQUENCE_375 to Datasets/HDV[0m
[32m[1A[0KAdding SEQUENCE_375[0m
[0m[31m[0m[32m[1mSEQUENCE_375 Added![0m

[32m[1ARelocating SEQUENCE_376 to Datasets/HDV[0m
[32m[1A[0KAdding SEQUENCE_376[0m
[0m[31m[0m[32m[1mSEQUENCE_376 Added![0m

[32m[1ARelocating SEQUENCE_377 to Datasets/HDV[0m
[32m[1A[0KAdding SEQUENCE_377[0m
[0m[31m[0m[32m[1mSEQUENCE_377 Added![0m

[32m[1ARelocating SEQUENCE_378 to Datasets/HDV[0m
[32m[1A[0KAdding SEQUENCE_378[0m
[0m[31m[0m[32m[1mSEQUENCE_378 Added![0m

[32m[1ARelocating SEQUENCE_379 to Datasets/HDV[0m
[32m[1A[0KAdding SEQUENCE_379[0m
[0m[31m[0m[32m[1mSEQUENCE_379 Added![0m

[32m[1ARelocating SEQUENCE_380 to Datasets/HDV[0m
[32m[1A[0KAdding SEQUENCE_380[0m
[0m[31m[0m[32m[1mSEQUENCE_380 Added![0m

[32m[1ARelocating SEQUENCE_381 to Datasets/HDV[0m
[32m[1A[0KAdding SEQUENCE_381[0m
[0m[31m[0m[32m[1mSEQUENCE_381 Added![0m

[32m[1ARelocating SEQUENCE_382 to Datasets/HDV[0m
[32m[1A[0KAdding SEQUENCE_382[0m
[0m[31m[0m[32m[1mSEQUENCE_382 Added![0m

[32m[1ARelocating SEQUENCE_383 to Datasets/HDV[0m
[32m[1A[0KAdding SEQUENCE_383[0m
[0m[31m[0m[32m[1mSEQUENCE_383 Added![0m

[32m[1ARelocating SEQUENCE_384 to Datasets/HDV[0m
[32m[1A[0KAdding SEQUENCE_384[0m
[0m[31m[0m[32m[1mSEQUENCE_384 Added![0m

[32m[1ARelocating SEQUENCE_385 to Datasets/HDV[0m
[32m[1A[0KAdding SEQUENCE_385[0m
[0m[31m[0m[32m[1mSEQUENCE_385 Added![0m

[32m[1ARelocating SEQUENCE_386 to Datasets/HDV[0m
[32m[1A[0KAdding SEQUENCE_386[0m
[0m[31m[0m[32m[1mSEQUENCE_386 Added![0m

[32m[1ARelocating SEQUENCE_387 to Datasets/HDV[0m
[32m[1A[0KAdding SEQUENCE_387[0m
[0m[31m[0m[32m[1mSEQUENCE_387 Added![0m

[32m[1ARelocating SEQUENCE_388 to Datasets/HDV[0m
[32m[1A[0KAdding SEQUENCE_388[0m
[0m[31m[0m[32m[1mSEQUENCE_388 Added![0m

[32m[1ARelocating SEQUENCE_389 to Datasets/HDV[0m
[32m[1A[0KAdding SEQUENCE_389[0m
[0m[31m[0m[32m[1mSEQUENCE_389 Added![0m

[32m[1ARelocating SEQUENCE_390 to Datasets/HDV[0m
[32m[1A[0KAdding SEQUENCE_390[0m
[0m[31m[0m[32m[1mSEQUENCE_390 Added![0m

[32m[1ARelocating SEQUENCE_391 to Datasets/HDV[0m
[32m[1A[0KAdding SEQUENCE_391[0m
[0m[31m[0m[32m[1mSEQUENCE_391 Added![0m

[32m[1ARelocating SEQUENCE_392 to Datasets/HDV[0m
[32m[1A[0KAdding SEQUENCE_392[0m
[0m[31m[0m[32m[1mSEQUENCE_392 Added![0m

[32m[1ARelocating SEQUENCE_393 to Datasets/HDV[0m
[32m[1A[0KAdding SEQUENCE_393[0m
[0m[31m[0m[32m[1mSEQUENCE_393 Added![0m

[32m[1ARelocating SEQUENCE_394 to Datasets/HDV[0m
[32m[1A[0KAdding SEQUENCE_394[0m
[0m[31m[0m[32m[1mSEQUENCE_394 Added![0m

[32m[1ARelocating SEQUENCE_395 to Datasets/HDV[0m
[32m[1A[0KAdding SEQUENCE_395[0m
[0m[31m[0m[32m[1mSEQUENCE_395 Added![0m

[32m[1ARelocating SEQUENCE_396 to Datasets/HDV[0m
[32m[1A[0KAdding SEQUENCE_396[0m
[0m[31m[0m[32m[1mSEQUENCE_396 Added![0m

[32m[1ARelocating SEQUENCE_397 to Datasets/HDV[0m
[32m[1A[0KAdding SEQUENCE_397[0m
[0m[31m[0m[32m[1mSEQUENCE_397 Added![0m

[32m[1ARelocating SEQUENCE_398 to Datasets/HDV[0m
[32m[1A[0KAdding SEQUENCE_398[0m
[0m[31m[0m[32m[1mSEQUENCE_398 Added![0m

[32m[1ARelocating SEQUENCE_399 to Datasets/HDV[0m
[32m[1A[0KAdding SEQUENCE_399[0m
[0m[31m[0m[32m[1mSEQUENCE_399 Added![0m
Commit Ready for SEQUENCE_350_to_399
