A	Datasets/HDV/bpseq/SEQUENCE_300.bpseq
A	Datasets/HDV/bpseq/SEQUENCE_301.bpseq
A	Datasets/HDV/bpseq/SEQUENCE_302.bpseq
A	Datasets/HDV/bpseq/SEQUENCE_303.bpseq
A	Datasets/HDV/bpseq/SEQUENCE_304.bpseq
A	Datasets/HDV/bpseq/SEQUENCE_305.bpseq
A	Datasets/HDV/bpseq/SEQUENCE_306.bpseq
A	Datasets/HDV/bpseq/SEQUENCE_307.bpseq
A	Datasets/HDV/bpseq/SEQUENCE_308.bpseq
A	Datasets/HDV/bpseq/SEQUENCE_309.bpseq
A	Datasets/HDV/bpseq/SEQUENCE_310.bpseq
A	Datasets/HDV/bpseq/SEQUENCE_311.bpseq
A	Datasets/HDV/bpseq/SEQUENCE_312.bpseq
A	Datasets/HDV/bpseq/SEQUENCE_313.bpseq
A	Datasets/HDV/bpseq/SEQUENCE_314.bpseq
A	Datasets/HDV/bpseq/SEQUENCE_315.bpseq
A	Datasets/HDV/bpseq/SEQUENCE_316.bpseq
A	Datasets/HDV/bpseq/SEQUENCE_317.bpseq
A	Datasets/HDV/bpseq/SEQUENCE_318.bpseq
A	Datasets/HDV/bpseq/SEQUENCE_319.bpseq
A	Datasets/HDV/bpseq/SEQUENCE_320.bpseq
A	Datasets/HDV/bpseq/SEQUENCE_321.bpseq
A	Datasets/HDV/bpseq/SEQUENCE_322.bpseq
A	Datasets/HDV/bpseq/SEQUENCE_323.bpseq
A	Datasets/HDV/bpseq/SEQUENCE_324.bpseq
A	Datasets/HDV/bpseq/SEQUENCE_325.bpseq
A	Datasets/HDV/bpseq/SEQUENCE_326.bpseq
A	Datasets/HDV/bpseq/SEQUENCE_327.bpseq
A	Datasets/HDV/bpseq/SEQUENCE_328.bpseq
A	Datasets/HDV/bpseq/SEQUENCE_329.bpseq
A	Datasets/HDV/bpseq/SEQUENCE_330.bpseq
A	Datasets/HDV/bpseq/SEQUENCE_331.bpseq
A	Datasets/HDV/bpseq/SEQUENCE_332.bpseq
A	Datasets/HDV/bpseq/SEQUENCE_333.bpseq
A	Datasets/HDV/bpseq/SEQUENCE_334.bpseq
A	Datasets/HDV/bpseq/SEQUENCE_335.bpseq
A	Datasets/HDV/bpseq/SEQUENCE_336.bpseq
A	Datasets/HDV/bpseq/SEQUENCE_337.bpseq
A	Datasets/HDV/bpseq/SEQUENCE_338.bpseq
A	Datasets/HDV/bpseq/SEQUENCE_339.bpseq
A	Datasets/HDV/bpseq/SEQUENCE_340.bpseq
A	Datasets/HDV/bpseq/SEQUENCE_341.bpseq
A	Datasets/HDV/bpseq/SEQUENCE_342.bpseq
A	Datasets/HDV/bpseq/SEQUENCE_343.bpseq
A	Datasets/HDV/bpseq/SEQUENCE_344.bpseq
A	Datasets/HDV/bpseq/SEQUENCE_345.bpseq
A	Datasets/HDV/bpseq/SEQUENCE_346.bpseq
A	Datasets/HDV/bpseq/SEQUENCE_347.bpseq
A	Datasets/HDV/bpseq/SEQUENCE_348.bpseq
A	Datasets/HDV/bpseq/SEQUENCE_349.bpseq
A	Datasets/HDV/bpseq/SEQUENCE_350.bpseq
A	Datasets/HDV/bpseq/SEQUENCE_351.bpseq
A	Datasets/HDV/bpseq/SEQUENCE_352.bpseq
A	Datasets/HDV/bpseq/SEQUENCE_353.bpseq
A	Datasets/HDV/bpseq/SEQUENCE_354.bpseq
A	Datasets/HDV/bpseq/SEQUENCE_355.bpseq
A	Datasets/HDV/bpseq/SEQUENCE_356.bpseq
A	Datasets/HDV/bpseq/SEQUENCE_357.bpseq
A	Datasets/HDV/bpseq/SEQUENCE_358.bpseq
A	Datasets/HDV/bpseq/SEQUENCE_359.bpseq
A	Datasets/HDV/bpseq/SEQUENCE_360.bpseq
A	Datasets/HDV/bpseq/SEQUENCE_361.bpseq
A	Datasets/HDV/bpseq/SEQUENCE_362.bpseq
A	Datasets/HDV/bpseq/SEQUENCE_363.bpseq
A	Datasets/HDV/bpseq/SEQUENCE_364.bpseq
A	Datasets/HDV/bpseq/SEQUENCE_365.bpseq
A	Datasets/HDV/bpseq/SEQUENCE_366.bpseq
A	Datasets/HDV/bpseq/SEQUENCE_367.bpseq
A	Datasets/HDV/bpseq/SEQUENCE_368.bpseq
A	Datasets/HDV/bpseq/SEQUENCE_369.bpseq
A	Datasets/HDV/bpseq/SEQUENCE_370.bpseq
A	Datasets/HDV/bpseq/SEQUENCE_371.bpseq
A	Datasets/HDV/bpseq/SEQUENCE_372.bpseq
A	Datasets/HDV/bpseq/SEQUENCE_373.bpseq
A	Datasets/HDV/bpseq/SEQUENCE_374.bpseq
A	Datasets/HDV/bpseq/SEQUENCE_375.bpseq
A	Datasets/HDV/bpseq/SEQUENCE_376.bpseq
A	Datasets/HDV/bpseq/SEQUENCE_377.bpseq
A	Datasets/HDV/bpseq/SEQUENCE_378.bpseq
A	Datasets/HDV/bpseq/SEQUENCE_379.bpseq
A	Datasets/HDV/bpseq/SEQUENCE_380.bpseq
A	Datasets/HDV/bpseq/SEQUENCE_381.bpseq
A	Datasets/HDV/bpseq/SEQUENCE_382.bpseq
A	Datasets/HDV/bpseq/SEQUENCE_383.bpseq
A	Datasets/HDV/bpseq/SEQUENCE_384.bpseq
A	Datasets/HDV/bpseq/SEQUENCE_385.bpseq
A	Datasets/HDV/bpseq/SEQUENCE_386.bpseq
A	Datasets/HDV/bpseq/SEQUENCE_387.bpseq
A	Datasets/HDV/bpseq/SEQUENCE_388.bpseq
A	Datasets/HDV/bpseq/SEQUENCE_389.bpseq
A	Datasets/HDV/bpseq/SEQUENCE_390.bpseq
A	Datasets/HDV/bpseq/SEQUENCE_391.bpseq
A	Datasets/HDV/bpseq/SEQUENCE_392.bpseq
A	Datasets/HDV/bpseq/SEQUENCE_393.bpseq
A	Datasets/HDV/bpseq/SEQUENCE_394.bpseq
A	Datasets/HDV/bpseq/SEQUENCE_395.bpseq
A	Datasets/HDV/bpseq/SEQUENCE_396.bpseq
A	Datasets/HDV/bpseq/SEQUENCE_397.bpseq
A	Datasets/HDV/bpseq/SEQUENCE_398.bpseq
A	Datasets/HDV/bpseq/SEQUENCE_399.bpseq
A	Datasets/HDV/bpseq/SEQUENCE_400.bpseq
A	Datasets/HDV/bpseq/SEQUENCE_401.bpseq
A	Datasets/HDV/bpseq/SEQUENCE_402.bpseq
A	Datasets/HDV/bpseq/SEQUENCE_403.bpseq
A	Datasets/HDV/bpseq/SEQUENCE_404.bpseq
A	Datasets/HDV/bpseq/SEQUENCE_405.bpseq
A	Datasets/HDV/bpseq/SEQUENCE_406.bpseq
A	Datasets/HDV/bpseq/SEQUENCE_407.bpseq
A	Datasets/HDV/bpseq/SEQUENCE_408.bpseq
A	Datasets/HDV/bpseq/SEQUENCE_409.bpseq
A	Datasets/HDV/bpseq/SEQUENCE_410.bpseq
A	Datasets/HDV/bpseq/SEQUENCE_411.bpseq
A	Datasets/HDV/bpseq/SEQUENCE_412.bpseq
A	Datasets/HDV/bpseq/SEQUENCE_413.bpseq
A	Datasets/HDV/bpseq/SEQUENCE_414.bpseq
A	Datasets/HDV/bpseq/SEQUENCE_415.bpseq
A	Datasets/HDV/bpseq/SEQUENCE_416.bpseq
A	Datasets/HDV/bpseq/SEQUENCE_417.bpseq
A	Datasets/HDV/bpseq/SEQUENCE_418.bpseq
A	Datasets/HDV/bpseq/SEQUENCE_419.bpseq
A	Datasets/HDV/bpseq/SEQUENCE_420.bpseq
A	Datasets/HDV/bpseq/SEQUENCE_421.bpseq
A	Datasets/HDV/bpseq/SEQUENCE_422.bpseq
A	Datasets/HDV/bpseq/SEQUENCE_423.bpseq
A	Datasets/HDV/bpseq/SEQUENCE_424.bpseq
A	Datasets/HDV/bpseq/SEQUENCE_425.bpseq
A	Datasets/HDV/bpseq/SEQUENCE_426.bpseq
A	Datasets/HDV/bpseq/SEQUENCE_427.bpseq
A	Datasets/HDV/bpseq/SEQUENCE_428.bpseq
A	Datasets/HDV/bpseq/SEQUENCE_429.bpseq
A	Datasets/HDV/bpseq/SEQUENCE_430.bpseq
A	Datasets/HDV/bpseq/SEQUENCE_431.bpseq
A	Datasets/HDV/bpseq/SEQUENCE_432.bpseq
A	Datasets/HDV/bpseq/SEQUENCE_433.bpseq
A	Datasets/HDV/bpseq/SEQUENCE_434.bpseq
A	Datasets/HDV/bpseq/SEQUENCE_435.bpseq
A	Datasets/HDV/bpseq/SEQUENCE_436.bpseq
A	Datasets/HDV/bpseq/SEQUENCE_437.bpseq
A	Datasets/HDV/bpseq/SEQUENCE_438.bpseq
A	Datasets/HDV/bpseq/SEQUENCE_439.bpseq
A	Datasets/HDV/bpseq/SEQUENCE_440.bpseq
A	Datasets/HDV/bpseq/SEQUENCE_441.bpseq
A	Datasets/HDV/bpseq/SEQUENCE_442.bpseq
A	Datasets/HDV/bpseq/SEQUENCE_443.bpseq
A	Datasets/HDV/bpseq/SEQUENCE_444.bpseq
A	Datasets/HDV/bpseq/SEQUENCE_445.bpseq
A	Datasets/HDV/bpseq/SEQUENCE_446.bpseq
A	Datasets/HDV/bpseq/SEQUENCE_447.bpseq
A	Datasets/HDV/bpseq/SEQUENCE_448.bpseq
A	Datasets/HDV/bpseq/SEQUENCE_449.bpseq
A	Datasets/HDV/bpseq/SEQUENCE_450.bpseq
A	Datasets/HDV/bpseq/SEQUENCE_451.bpseq
A	Datasets/HDV/bpseq/SEQUENCE_452.bpseq
A	Datasets/HDV/bpseq/SEQUENCE_453.bpseq
A	Datasets/HDV/bpseq/SEQUENCE_454.bpseq
A	Datasets/HDV/bpseq/SEQUENCE_455.bpseq
A	Datasets/HDV/bpseq/SEQUENCE_456.bpseq
A	Datasets/HDV/bpseq/SEQUENCE_457.bpseq
A	Datasets/HDV/bpseq/SEQUENCE_458.bpseq
A	Datasets/HDV/bpseq/SEQUENCE_459.bpseq
A	Datasets/HDV/bpseq/SEQUENCE_460.bpseq
A	Datasets/HDV/bpseq/SEQUENCE_461.bpseq
A	Datasets/HDV/bpseq/SEQUENCE_462.bpseq
A	Datasets/HDV/bpseq/SEQUENCE_463.bpseq
A	Datasets/HDV/bpseq/SEQUENCE_464.bpseq
A	Datasets/HDV/bpseq/SEQUENCE_465.bpseq
A	Datasets/HDV/bpseq/SEQUENCE_466.bpseq
A	Datasets/HDV/bpseq/SEQUENCE_467.bpseq
A	Datasets/HDV/bpseq/SEQUENCE_468.bpseq
A	Datasets/HDV/bpseq/SEQUENCE_469.bpseq
A	Datasets/HDV/bpseq/SEQUENCE_470.bpseq
A	Datasets/HDV/bpseq/SEQUENCE_471.bpseq
A	Datasets/HDV/bpseq/SEQUENCE_472.bpseq
A	Datasets/HDV/bpseq/SEQUENCE_473.bpseq
A	Datasets/HDV/bpseq/SEQUENCE_474.bpseq
A	Datasets/HDV/bpseq/SEQUENCE_475.bpseq
A	Datasets/HDV/bpseq/SEQUENCE_476.bpseq
A	Datasets/HDV/bpseq/SEQUENCE_477.bpseq
A	Datasets/HDV/bpseq/SEQUENCE_478.bpseq
A	Datasets/HDV/bpseq/SEQUENCE_479.bpseq
A	Datasets/HDV/bpseq/SEQUENCE_480.bpseq
A	Datasets/HDV/bpseq/SEQUENCE_481.bpseq
A	Datasets/HDV/bpseq/SEQUENCE_482.bpseq
A	Datasets/HDV/bpseq/SEQUENCE_483.bpseq
A	Datasets/HDV/bpseq/SEQUENCE_484.bpseq
A	Datasets/HDV/bpseq/SEQUENCE_485.bpseq
A	Datasets/HDV/bpseq/SEQUENCE_486.bpseq
A	Datasets/HDV/bpseq/SEQUENCE_487.bpseq
A	Datasets/HDV/bpseq/SEQUENCE_488.bpseq
A	Datasets/HDV/bpseq/SEQUENCE_489.bpseq
A	Datasets/HDV/bpseq/SEQUENCE_490.bpseq
A	Datasets/HDV/bpseq/SEQUENCE_491.bpseq
A	Datasets/HDV/bpseq/SEQUENCE_492.bpseq
A	Datasets/HDV/bpseq/SEQUENCE_493.bpseq
A	Datasets/HDV/bpseq/SEQUENCE_494.bpseq
A	Datasets/HDV/bpseq/SEQUENCE_495.bpseq
A	Datasets/HDV/bpseq/SEQUENCE_496.bpseq
A	Datasets/HDV/bpseq/SEQUENCE_497.bpseq
A	Datasets/HDV/bpseq/SEQUENCE_498.bpseq
A	Datasets/HDV/bpseq/SEQUENCE_499.bpseq
A	Datasets/HDV/ct/SEQUENCE_300.ct
A	Datasets/HDV/ct/SEQUENCE_301.ct
A	Datasets/HDV/ct/SEQUENCE_302.ct
A	Datasets/HDV/ct/SEQUENCE_303.ct
A	Datasets/HDV/ct/SEQUENCE_304.ct
A	Datasets/HDV/ct/SEQUENCE_305.ct
A	Datasets/HDV/ct/SEQUENCE_306.ct
A	Datasets/HDV/ct/SEQUENCE_307.ct
A	Datasets/HDV/ct/SEQUENCE_308.ct
A	Datasets/HDV/ct/SEQUENCE_309.ct
A	Datasets/HDV/ct/SEQUENCE_310.ct
A	Datasets/HDV/ct/SEQUENCE_311.ct
A	Datasets/HDV/ct/SEQUENCE_312.ct
A	Datasets/HDV/ct/SEQUENCE_313.ct
A	Datasets/HDV/ct/SEQUENCE_314.ct
A	Datasets/HDV/ct/SEQUENCE_315.ct
A	Datasets/HDV/ct/SEQUENCE_316.ct
A	Datasets/HDV/ct/SEQUENCE_317.ct
A	Datasets/HDV/ct/SEQUENCE_318.ct
A	Datasets/HDV/ct/SEQUENCE_319.ct
A	Datasets/HDV/ct/SEQUENCE_320.ct
A	Datasets/HDV/ct/SEQUENCE_321.ct
A	Datasets/HDV/ct/SEQUENCE_322.ct
A	Datasets/HDV/ct/SEQUENCE_323.ct
A	Datasets/HDV/ct/SEQUENCE_324.ct
A	Datasets/HDV/ct/SEQUENCE_325.ct
A	Datasets/HDV/ct/SEQUENCE_326.ct
A	Datasets/HDV/ct/SEQUENCE_327.ct
A	Datasets/HDV/ct/SEQUENCE_328.ct
A	Datasets/HDV/ct/SEQUENCE_329.ct
A	Datasets/HDV/ct/SEQUENCE_330.ct
A	Datasets/HDV/ct/SEQUENCE_331.ct
A	Datasets/HDV/ct/SEQUENCE_332.ct
A	Datasets/HDV/ct/SEQUENCE_333.ct
A	Datasets/HDV/ct/SEQUENCE_334.ct
A	Datasets/HDV/ct/SEQUENCE_335.ct
A	Datasets/HDV/ct/SEQUENCE_336.ct
A	Datasets/HDV/ct/SEQUENCE_337.ct
A	Datasets/HDV/ct/SEQUENCE_338.ct
A	Datasets/HDV/ct/SEQUENCE_339.ct
A	Datasets/HDV/ct/SEQUENCE_340.ct
A	Datasets/HDV/ct/SEQUENCE_341.ct
A	Datasets/HDV/ct/SEQUENCE_342.ct
A	Datasets/HDV/ct/SEQUENCE_343.ct
A	Datasets/HDV/ct/SEQUENCE_344.ct
A	Datasets/HDV/ct/SEQUENCE_345.ct
A	Datasets/HDV/ct/SEQUENCE_346.ct
A	Datasets/HDV/ct/SEQUENCE_347.ct
A	Datasets/HDV/ct/SEQUENCE_348.ct
A	Datasets/HDV/ct/SEQUENCE_349.ct
A	Datasets/HDV/ct/SEQUENCE_350.ct
A	Datasets/HDV/ct/SEQUENCE_351.ct
A	Datasets/HDV/ct/SEQUENCE_352.ct
A	Datasets/HDV/ct/SEQUENCE_353.ct
A	Datasets/HDV/ct/SEQUENCE_354.ct
A	Datasets/HDV/ct/SEQUENCE_355.ct
A	Datasets/HDV/ct/SEQUENCE_356.ct
A	Datasets/HDV/ct/SEQUENCE_357.ct
A	Datasets/HDV/ct/SEQUENCE_358.ct
A	Datasets/HDV/ct/SEQUENCE_359.ct
A	Datasets/HDV/ct/SEQUENCE_360.ct
A	Datasets/HDV/ct/SEQUENCE_361.ct
A	Datasets/HDV/ct/SEQUENCE_362.ct
A	Datasets/HDV/ct/SEQUENCE_363.ct
A	Datasets/HDV/ct/SEQUENCE_364.ct
A	Datasets/HDV/ct/SEQUENCE_365.ct
A	Datasets/HDV/ct/SEQUENCE_366.ct
A	Datasets/HDV/ct/SEQUENCE_367.ct
A	Datasets/HDV/ct/SEQUENCE_368.ct
A	Datasets/HDV/ct/SEQUENCE_369.ct
A	Datasets/HDV/ct/SEQUENCE_370.ct
A	Datasets/HDV/ct/SEQUENCE_371.ct
A	Datasets/HDV/ct/SEQUENCE_372.ct
A	Datasets/HDV/ct/SEQUENCE_373.ct
A	Datasets/HDV/ct/SEQUENCE_374.ct
A	Datasets/HDV/ct/SEQUENCE_375.ct
A	Datasets/HDV/ct/SEQUENCE_376.ct
A	Datasets/HDV/ct/SEQUENCE_377.ct
A	Datasets/HDV/ct/SEQUENCE_378.ct
A	Datasets/HDV/ct/SEQUENCE_379.ct
A	Datasets/HDV/ct/SEQUENCE_380.ct
A	Datasets/HDV/ct/SEQUENCE_381.ct
A	Datasets/HDV/ct/SEQUENCE_382.ct
A	Datasets/HDV/ct/SEQUENCE_383.ct
A	Datasets/HDV/ct/SEQUENCE_384.ct
A	Datasets/HDV/ct/SEQUENCE_385.ct
A	Datasets/HDV/ct/SEQUENCE_386.ct
A	Datasets/HDV/ct/SEQUENCE_387.ct
A	Datasets/HDV/ct/SEQUENCE_388.ct
A	Datasets/HDV/ct/SEQUENCE_389.ct
A	Datasets/HDV/ct/SEQUENCE_390.ct
A	Datasets/HDV/ct/SEQUENCE_391.ct
A	Datasets/HDV/ct/SEQUENCE_392.ct
A	Datasets/HDV/ct/SEQUENCE_393.ct
A	Datasets/HDV/ct/SEQUENCE_394.ct
A	Datasets/HDV/ct/SEQUENCE_395.ct
A	Datasets/HDV/ct/SEQUENCE_396.ct
A	Datasets/HDV/ct/SEQUENCE_397.ct
A	Datasets/HDV/ct/SEQUENCE_398.ct
A	Datasets/HDV/ct/SEQUENCE_399.ct
A	Datasets/HDV/ct/SEQUENCE_400.ct
A	Datasets/HDV/ct/SEQUENCE_401.ct
A	Datasets/HDV/ct/SEQUENCE_402.ct
A	Datasets/HDV/ct/SEQUENCE_403.ct
A	Datasets/HDV/ct/SEQUENCE_404.ct
A	Datasets/HDV/ct/SEQUENCE_405.ct
A	Datasets/HDV/ct/SEQUENCE_406.ct
A	Datasets/HDV/ct/SEQUENCE_407.ct
A	Datasets/HDV/ct/SEQUENCE_408.ct
A	Datasets/HDV/ct/SEQUENCE_409.ct
A	Datasets/HDV/ct/SEQUENCE_410.ct
A	Datasets/HDV/ct/SEQUENCE_411.ct
A	Datasets/HDV/ct/SEQUENCE_412.ct
A	Datasets/HDV/ct/SEQUENCE_413.ct
A	Datasets/HDV/ct/SEQUENCE_414.ct
A	Datasets/HDV/ct/SEQUENCE_415.ct
A	Datasets/HDV/ct/SEQUENCE_416.ct
A	Datasets/HDV/ct/SEQUENCE_417.ct
A	Datasets/HDV/ct/SEQUENCE_418.ct
A	Datasets/HDV/ct/SEQUENCE_419.ct
A	Datasets/HDV/ct/SEQUENCE_420.ct
A	Datasets/HDV/ct/SEQUENCE_421.ct
A	Datasets/HDV/ct/SEQUENCE_422.ct
A	Datasets/HDV/ct/SEQUENCE_423.ct
A	Datasets/HDV/ct/SEQUENCE_424.ct
A	Datasets/HDV/ct/SEQUENCE_425.ct
A	Datasets/HDV/ct/SEQUENCE_426.ct
A	Datasets/HDV/ct/SEQUENCE_427.ct
A	Datasets/HDV/ct/SEQUENCE_428.ct
A	Datasets/HDV/ct/SEQUENCE_429.ct
A	Datasets/HDV/ct/SEQUENCE_430.ct
A	Datasets/HDV/ct/SEQUENCE_431.ct
A	Datasets/HDV/ct/SEQUENCE_432.ct
A	Datasets/HDV/ct/SEQUENCE_433.ct
A	Datasets/HDV/ct/SEQUENCE_434.ct
A	Datasets/HDV/ct/SEQUENCE_435.ct
A	Datasets/HDV/ct/SEQUENCE_436.ct
A	Datasets/HDV/ct/SEQUENCE_437.ct
A	Datasets/HDV/ct/SEQUENCE_438.ct
A	Datasets/HDV/ct/SEQUENCE_439.ct
A	Datasets/HDV/ct/SEQUENCE_440.ct
A	Datasets/HDV/ct/SEQUENCE_441.ct
A	Datasets/HDV/ct/SEQUENCE_442.ct
A	Datasets/HDV/ct/SEQUENCE_443.ct
A	Datasets/HDV/ct/SEQUENCE_444.ct
A	Datasets/HDV/ct/SEQUENCE_445.ct
A	Datasets/HDV/ct/SEQUENCE_446.ct
A	Datasets/HDV/ct/SEQUENCE_447.ct
A	Datasets/HDV/ct/SEQUENCE_448.ct
A	Datasets/HDV/ct/SEQUENCE_449.ct
A	Datasets/HDV/ct/SEQUENCE_450.ct
A	Datasets/HDV/ct/SEQUENCE_451.ct
A	Datasets/HDV/ct/SEQUENCE_452.ct
A	Datasets/HDV/ct/SEQUENCE_453.ct
A	Datasets/HDV/ct/SEQUENCE_454.ct
A	Datasets/HDV/ct/SEQUENCE_455.ct
A	Datasets/HDV/ct/SEQUENCE_456.ct
A	Datasets/HDV/ct/SEQUENCE_457.ct
A	Datasets/HDV/ct/SEQUENCE_458.ct
A	Datasets/HDV/ct/SEQUENCE_459.ct
A	Datasets/HDV/ct/SEQUENCE_460.ct
A	Datasets/HDV/ct/SEQUENCE_461.ct
A	Datasets/HDV/ct/SEQUENCE_462.ct
A	Datasets/HDV/ct/SEQUENCE_463.ct
A	Datasets/HDV/ct/SEQUENCE_464.ct
A	Datasets/HDV/ct/SEQUENCE_465.ct
A	Datasets/HDV/ct/SEQUENCE_466.ct
A	Datasets/HDV/ct/SEQUENCE_467.ct
A	Datasets/HDV/ct/SEQUENCE_468.ct
A	Datasets/HDV/ct/SEQUENCE_469.ct
A	Datasets/HDV/ct/SEQUENCE_470.ct
A	Datasets/HDV/ct/SEQUENCE_471.ct
A	Datasets/HDV/ct/SEQUENCE_472.ct
A	Datasets/HDV/ct/SEQUENCE_473.ct
A	Datasets/HDV/ct/SEQUENCE_474.ct
A	Datasets/HDV/ct/SEQUENCE_475.ct
A	Datasets/HDV/ct/SEQUENCE_476.ct
A	Datasets/HDV/ct/SEQUENCE_477.ct
A	Datasets/HDV/ct/SEQUENCE_478.ct
A	Datasets/HDV/ct/SEQUENCE_479.ct
A	Datasets/HDV/ct/SEQUENCE_480.ct
A	Datasets/HDV/ct/SEQUENCE_481.ct
A	Datasets/HDV/ct/SEQUENCE_482.ct
A	Datasets/HDV/ct/SEQUENCE_483.ct
A	Datasets/HDV/ct/SEQUENCE_484.ct
A	Datasets/HDV/ct/SEQUENCE_485.ct
A	Datasets/HDV/ct/SEQUENCE_486.ct
A	Datasets/HDV/ct/SEQUENCE_487.ct
A	Datasets/HDV/ct/SEQUENCE_488.ct
A	Datasets/HDV/ct/SEQUENCE_489.ct
A	Datasets/HDV/ct/SEQUENCE_490.ct
A	Datasets/HDV/ct/SEQUENCE_491.ct
A	Datasets/HDV/ct/SEQUENCE_492.ct
A	Datasets/HDV/ct/SEQUENCE_493.ct
A	Datasets/HDV/ct/SEQUENCE_494.ct
A	Datasets/HDV/ct/SEQUENCE_495.ct
A	Datasets/HDV/ct/SEQUENCE_496.ct
A	Datasets/HDV/ct/SEQUENCE_497.ct
A	Datasets/HDV/ct/SEQUENCE_498.ct
A	Datasets/HDV/ct/SEQUENCE_499.ct
A	Datasets/HDV/dbn/SEQUENCE_300.dbn
A	Datasets/HDV/dbn/SEQUENCE_301.dbn
A	Datasets/HDV/dbn/SEQUENCE_302.dbn
A	Datasets/HDV/dbn/SEQUENCE_303.dbn
A	Datasets/HDV/dbn/SEQUENCE_304.dbn
A	Datasets/HDV/dbn/SEQUENCE_305.dbn
A	Datasets/HDV/dbn/SEQUENCE_306.dbn
A	Datasets/HDV/dbn/SEQUENCE_307.dbn
A	Datasets/HDV/dbn/SEQUENCE_308.dbn
A	Datasets/HDV/dbn/SEQUENCE_309.dbn
A	Datasets/HDV/dbn/SEQUENCE_310.dbn
A	Datasets/HDV/dbn/SEQUENCE_311.dbn
A	Datasets/HDV/dbn/SEQUENCE_312.dbn
A	Datasets/HDV/dbn/SEQUENCE_313.dbn
A	Datasets/HDV/dbn/SEQUENCE_314.dbn
A	Datasets/HDV/dbn/SEQUENCE_315.dbn
A	Datasets/HDV/dbn/SEQUENCE_316.dbn
A	Datasets/HDV/dbn/SEQUENCE_317.dbn
A	Datasets/HDV/dbn/SEQUENCE_318.dbn
A	Datasets/HDV/dbn/SEQUENCE_319.dbn
A	Datasets/HDV/dbn/SEQUENCE_320.dbn
A	Datasets/HDV/dbn/SEQUENCE_321.dbn
A	Datasets/HDV/dbn/SEQUENCE_322.dbn
A	Datasets/HDV/dbn/SEQUENCE_323.dbn
A	Datasets/HDV/dbn/SEQUENCE_324.dbn
A	Datasets/HDV/dbn/SEQUENCE_325.dbn
A	Datasets/HDV/dbn/SEQUENCE_326.dbn
A	Datasets/HDV/dbn/SEQUENCE_327.dbn
A	Datasets/HDV/dbn/SEQUENCE_328.dbn
A	Datasets/HDV/dbn/SEQUENCE_329.dbn
A	Datasets/HDV/dbn/SEQUENCE_330.dbn
A	Datasets/HDV/dbn/SEQUENCE_331.dbn
A	Datasets/HDV/dbn/SEQUENCE_332.dbn
A	Datasets/HDV/dbn/SEQUENCE_333.dbn
A	Datasets/HDV/dbn/SEQUENCE_334.dbn
A	Datasets/HDV/dbn/SEQUENCE_335.dbn
A	Datasets/HDV/dbn/SEQUENCE_336.dbn
A	Datasets/HDV/dbn/SEQUENCE_337.dbn
A	Datasets/HDV/dbn/SEQUENCE_338.dbn
A	Datasets/HDV/dbn/SEQUENCE_339.dbn
A	Datasets/HDV/dbn/SEQUENCE_340.dbn
A	Datasets/HDV/dbn/SEQUENCE_341.dbn
A	Datasets/HDV/dbn/SEQUENCE_342.dbn
A	Datasets/HDV/dbn/SEQUENCE_343.dbn
A	Datasets/HDV/dbn/SEQUENCE_344.dbn
A	Datasets/HDV/dbn/SEQUENCE_345.dbn
A	Datasets/HDV/dbn/SEQUENCE_346.dbn
A	Datasets/HDV/dbn/SEQUENCE_347.dbn
A	Datasets/HDV/dbn/SEQUENCE_348.dbn
A	Datasets/HDV/dbn/SEQUENCE_349.dbn
A	Datasets/HDV/dbn/SEQUENCE_350.dbn
A	Datasets/HDV/dbn/SEQUENCE_351.dbn
A	Datasets/HDV/dbn/SEQUENCE_352.dbn
A	Datasets/HDV/dbn/SEQUENCE_353.dbn
A	Datasets/HDV/dbn/SEQUENCE_354.dbn
A	Datasets/HDV/dbn/SEQUENCE_355.dbn
A	Datasets/HDV/dbn/SEQUENCE_356.dbn
A	Datasets/HDV/dbn/SEQUENCE_357.dbn
A	Datasets/HDV/dbn/SEQUENCE_358.dbn
A	Datasets/HDV/dbn/SEQUENCE_359.dbn
A	Datasets/HDV/dbn/SEQUENCE_360.dbn
A	Datasets/HDV/dbn/SEQUENCE_361.dbn
A	Datasets/HDV/dbn/SEQUENCE_362.dbn
A	Datasets/HDV/dbn/SEQUENCE_363.dbn
A	Datasets/HDV/dbn/SEQUENCE_364.dbn
A	Datasets/HDV/dbn/SEQUENCE_365.dbn
A	Datasets/HDV/dbn/SEQUENCE_366.dbn
A	Datasets/HDV/dbn/SEQUENCE_367.dbn
A	Datasets/HDV/dbn/SEQUENCE_368.dbn
A	Datasets/HDV/dbn/SEQUENCE_369.dbn
A	Datasets/HDV/dbn/SEQUENCE_370.dbn
A	Datasets/HDV/dbn/SEQUENCE_371.dbn
A	Datasets/HDV/dbn/SEQUENCE_372.dbn
A	Datasets/HDV/dbn/SEQUENCE_373.dbn
A	Datasets/HDV/dbn/SEQUENCE_374.dbn
A	Datasets/HDV/dbn/SEQUENCE_375.dbn
A	Datasets/HDV/dbn/SEQUENCE_376.dbn
A	Datasets/HDV/dbn/SEQUENCE_377.dbn
A	Datasets/HDV/dbn/SEQUENCE_378.dbn
A	Datasets/HDV/dbn/SEQUENCE_379.dbn
A	Datasets/HDV/dbn/SEQUENCE_380.dbn
A	Datasets/HDV/dbn/SEQUENCE_381.dbn
A	Datasets/HDV/dbn/SEQUENCE_382.dbn
A	Datasets/HDV/dbn/SEQUENCE_383.dbn
A	Datasets/HDV/dbn/SEQUENCE_384.dbn
A	Datasets/HDV/dbn/SEQUENCE_385.dbn
A	Datasets/HDV/dbn/SEQUENCE_386.dbn
A	Datasets/HDV/dbn/SEQUENCE_387.dbn
A	Datasets/HDV/dbn/SEQUENCE_388.dbn
A	Datasets/HDV/dbn/SEQUENCE_389.dbn
A	Datasets/HDV/dbn/SEQUENCE_390.dbn
A	Datasets/HDV/dbn/SEQUENCE_391.dbn
A	Datasets/HDV/dbn/SEQUENCE_392.dbn
A	Datasets/HDV/dbn/SEQUENCE_393.dbn
A	Datasets/HDV/dbn/SEQUENCE_394.dbn
A	Datasets/HDV/dbn/SEQUENCE_395.dbn
A	Datasets/HDV/dbn/SEQUENCE_396.dbn
A	Datasets/HDV/dbn/SEQUENCE_397.dbn
A	Datasets/HDV/dbn/SEQUENCE_398.dbn
A	Datasets/HDV/dbn/SEQUENCE_399.dbn
A	Datasets/HDV/dbn/SEQUENCE_400.dbn
A	Datasets/HDV/dbn/SEQUENCE_401.dbn
A	Datasets/HDV/dbn/SEQUENCE_402.dbn
A	Datasets/HDV/dbn/SEQUENCE_403.dbn
A	Datasets/HDV/dbn/SEQUENCE_404.dbn
A	Datasets/HDV/dbn/SEQUENCE_405.dbn
A	Datasets/HDV/dbn/SEQUENCE_406.dbn
A	Datasets/HDV/dbn/SEQUENCE_407.dbn
A	Datasets/HDV/dbn/SEQUENCE_408.dbn
A	Datasets/HDV/dbn/SEQUENCE_409.dbn
A	Datasets/HDV/dbn/SEQUENCE_410.dbn
A	Datasets/HDV/dbn/SEQUENCE_411.dbn
A	Datasets/HDV/dbn/SEQUENCE_412.dbn
A	Datasets/HDV/dbn/SEQUENCE_413.dbn
A	Datasets/HDV/dbn/SEQUENCE_414.dbn
A	Datasets/HDV/dbn/SEQUENCE_415.dbn
A	Datasets/HDV/dbn/SEQUENCE_416.dbn
A	Datasets/HDV/dbn/SEQUENCE_417.dbn
A	Datasets/HDV/dbn/SEQUENCE_418.dbn
A	Datasets/HDV/dbn/SEQUENCE_419.dbn
A	Datasets/HDV/dbn/SEQUENCE_420.dbn
A	Datasets/HDV/dbn/SEQUENCE_421.dbn
A	Datasets/HDV/dbn/SEQUENCE_422.dbn
A	Datasets/HDV/dbn/SEQUENCE_423.dbn
A	Datasets/HDV/dbn/SEQUENCE_424.dbn
A	Datasets/HDV/dbn/SEQUENCE_425.dbn
A	Datasets/HDV/dbn/SEQUENCE_426.dbn
A	Datasets/HDV/dbn/SEQUENCE_427.dbn
A	Datasets/HDV/dbn/SEQUENCE_428.dbn
A	Datasets/HDV/dbn/SEQUENCE_429.dbn
A	Datasets/HDV/dbn/SEQUENCE_430.dbn
A	Datasets/HDV/dbn/SEQUENCE_431.dbn
A	Datasets/HDV/dbn/SEQUENCE_432.dbn
A	Datasets/HDV/dbn/SEQUENCE_433.dbn
A	Datasets/HDV/dbn/SEQUENCE_434.dbn
A	Datasets/HDV/dbn/SEQUENCE_435.dbn
A	Datasets/HDV/dbn/SEQUENCE_436.dbn
A	Datasets/HDV/dbn/SEQUENCE_437.dbn
A	Datasets/HDV/dbn/SEQUENCE_438.dbn
A	Datasets/HDV/dbn/SEQUENCE_439.dbn
A	Datasets/HDV/dbn/SEQUENCE_440.dbn
A	Datasets/HDV/dbn/SEQUENCE_441.dbn
A	Datasets/HDV/dbn/SEQUENCE_442.dbn
A	Datasets/HDV/dbn/SEQUENCE_443.dbn
A	Datasets/HDV/dbn/SEQUENCE_444.dbn
A	Datasets/HDV/dbn/SEQUENCE_445.dbn
A	Datasets/HDV/dbn/SEQUENCE_446.dbn
A	Datasets/HDV/dbn/SEQUENCE_447.dbn
A	Datasets/HDV/dbn/SEQUENCE_448.dbn
A	Datasets/HDV/dbn/SEQUENCE_449.dbn
A	Datasets/HDV/dbn/SEQUENCE_450.dbn
A	Datasets/HDV/dbn/SEQUENCE_451.dbn
A	Datasets/HDV/dbn/SEQUENCE_452.dbn
A	Datasets/HDV/dbn/SEQUENCE_453.dbn
A	Datasets/HDV/dbn/SEQUENCE_454.dbn
A	Datasets/HDV/dbn/SEQUENCE_455.dbn
A	Datasets/HDV/dbn/SEQUENCE_456.dbn
A	Datasets/HDV/dbn/SEQUENCE_457.dbn
A	Datasets/HDV/dbn/SEQUENCE_458.dbn
A	Datasets/HDV/dbn/SEQUENCE_459.dbn
A	Datasets/HDV/dbn/SEQUENCE_460.dbn
A	Datasets/HDV/dbn/SEQUENCE_461.dbn
A	Datasets/HDV/dbn/SEQUENCE_462.dbn
A	Datasets/HDV/dbn/SEQUENCE_463.dbn
A	Datasets/HDV/dbn/SEQUENCE_464.dbn
A	Datasets/HDV/dbn/SEQUENCE_465.dbn
A	Datasets/HDV/dbn/SEQUENCE_466.dbn
A	Datasets/HDV/dbn/SEQUENCE_467.dbn
A	Datasets/HDV/dbn/SEQUENCE_468.dbn
A	Datasets/HDV/dbn/SEQUENCE_469.dbn
A	Datasets/HDV/dbn/SEQUENCE_470.dbn
A	Datasets/HDV/dbn/SEQUENCE_471.dbn
A	Datasets/HDV/dbn/SEQUENCE_472.dbn
A	Datasets/HDV/dbn/SEQUENCE_473.dbn
A	Datasets/HDV/dbn/SEQUENCE_474.dbn
A	Datasets/HDV/dbn/SEQUENCE_475.dbn
A	Datasets/HDV/dbn/SEQUENCE_476.dbn
A	Datasets/HDV/dbn/SEQUENCE_477.dbn
A	Datasets/HDV/dbn/SEQUENCE_478.dbn
A	Datasets/HDV/dbn/SEQUENCE_479.dbn
A	Datasets/HDV/dbn/SEQUENCE_480.dbn
A	Datasets/HDV/dbn/SEQUENCE_481.dbn
A	Datasets/HDV/dbn/SEQUENCE_482.dbn
A	Datasets/HDV/dbn/SEQUENCE_483.dbn
A	Datasets/HDV/dbn/SEQUENCE_484.dbn
A	Datasets/HDV/dbn/SEQUENCE_485.dbn
A	Datasets/HDV/dbn/SEQUENCE_486.dbn
A	Datasets/HDV/dbn/SEQUENCE_487.dbn
A	Datasets/HDV/dbn/SEQUENCE_488.dbn
A	Datasets/HDV/dbn/SEQUENCE_489.dbn
A	Datasets/HDV/dbn/SEQUENCE_490.dbn
A	Datasets/HDV/dbn/SEQUENCE_491.dbn
A	Datasets/HDV/dbn/SEQUENCE_492.dbn
A	Datasets/HDV/dbn/SEQUENCE_493.dbn
A	Datasets/HDV/dbn/SEQUENCE_494.dbn
A	Datasets/HDV/dbn/SEQUENCE_495.dbn
A	Datasets/HDV/dbn/SEQUENCE_496.dbn
A	Datasets/HDV/dbn/SEQUENCE_497.dbn
A	Datasets/HDV/dbn/SEQUENCE_498.dbn
A	Datasets/HDV/dbn/SEQUENCE_499.dbn
A	Datasets/HDV/line/SEQUENCE_300_line.png
A	Datasets/HDV/line/SEQUENCE_301_line.png
A	Datasets/HDV/line/SEQUENCE_302_line.png
A	Datasets/HDV/line/SEQUENCE_303_line.png
A	Datasets/HDV/line/SEQUENCE_304_line.png
A	Datasets/HDV/line/SEQUENCE_305_line.png
A	Datasets/HDV/line/SEQUENCE_306_line.png
A	Datasets/HDV/line/SEQUENCE_307_line.png
A	Datasets/HDV/line/SEQUENCE_308_line.png
A	Datasets/HDV/line/SEQUENCE_309_line.png
A	Datasets/HDV/line/SEQUENCE_310_line.png
A	Datasets/HDV/line/SEQUENCE_311_line.png
A	Datasets/HDV/line/SEQUENCE_312_line.png
A	Datasets/HDV/line/SEQUENCE_313_line.png
A	Datasets/HDV/line/SEQUENCE_314_line.png
A	Datasets/HDV/line/SEQUENCE_315_line.png
A	Datasets/HDV/line/SEQUENCE_316_line.png
A	Datasets/HDV/line/SEQUENCE_317_line.png
A	Datasets/HDV/line/SEQUENCE_318_line.png
A	Datasets/HDV/line/SEQUENCE_319_line.png
A	Datasets/HDV/line/SEQUENCE_320_line.png
A	Datasets/HDV/line/SEQUENCE_321_line.png
A	Datasets/HDV/line/SEQUENCE_322_line.png
A	Datasets/HDV/line/SEQUENCE_323_line.png
A	Datasets/HDV/line/SEQUENCE_324_line.png
A	Datasets/HDV/line/SEQUENCE_325_line.png
A	Datasets/HDV/line/SEQUENCE_326_line.png
A	Datasets/HDV/line/SEQUENCE_327_line.png
A	Datasets/HDV/line/SEQUENCE_328_line.png
A	Datasets/HDV/line/SEQUENCE_329_line.png
A	Datasets/HDV/line/SEQUENCE_330_line.png
A	Datasets/HDV/line/SEQUENCE_331_line.png
A	Datasets/HDV/line/SEQUENCE_332_line.png
A	Datasets/HDV/line/SEQUENCE_333_line.png
A	Datasets/HDV/line/SEQUENCE_334_line.png
A	Datasets/HDV/line/SEQUENCE_335_line.png
A	Datasets/HDV/line/SEQUENCE_336_line.png
A	Datasets/HDV/line/SEQUENCE_337_line.png
A	Datasets/HDV/line/SEQUENCE_338_line.png
A	Datasets/HDV/line/SEQUENCE_339_line.png
A	Datasets/HDV/line/SEQUENCE_340_line.png
A	Datasets/HDV/line/SEQUENCE_341_line.png
A	Datasets/HDV/line/SEQUENCE_342_line.png
A	Datasets/HDV/line/SEQUENCE_343_line.png
A	Datasets/HDV/line/SEQUENCE_344_line.png
A	Datasets/HDV/line/SEQUENCE_345_line.png
A	Datasets/HDV/line/SEQUENCE_346_line.png
A	Datasets/HDV/line/SEQUENCE_347_line.png
A	Datasets/HDV/line/SEQUENCE_348_line.png
A	Datasets/HDV/line/SEQUENCE_349_line.png
A	Datasets/HDV/line/SEQUENCE_350_line.png
A	Datasets/HDV/line/SEQUENCE_351_line.png
A	Datasets/HDV/line/SEQUENCE_352_line.png
A	Datasets/HDV/line/SEQUENCE_353_line.png
A	Datasets/HDV/line/SEQUENCE_354_line.png
A	Datasets/HDV/line/SEQUENCE_355_line.png
A	Datasets/HDV/line/SEQUENCE_356_line.png
A	Datasets/HDV/line/SEQUENCE_357_line.png
A	Datasets/HDV/line/SEQUENCE_358_line.png
A	Datasets/HDV/line/SEQUENCE_359_line.png
A	Datasets/HDV/line/SEQUENCE_360_line.png
A	Datasets/HDV/line/SEQUENCE_361_line.png
A	Datasets/HDV/line/SEQUENCE_362_line.png
A	Datasets/HDV/line/SEQUENCE_363_line.png
A	Datasets/HDV/line/SEQUENCE_364_line.png
A	Datasets/HDV/line/SEQUENCE_365_line.png
A	Datasets/HDV/line/SEQUENCE_366_line.png
A	Datasets/HDV/line/SEQUENCE_367_line.png
A	Datasets/HDV/line/SEQUENCE_368_line.png
A	Datasets/HDV/line/SEQUENCE_369_line.png
A	Datasets/HDV/line/SEQUENCE_370_line.png
A	Datasets/HDV/line/SEQUENCE_371_line.png
A	Datasets/HDV/line/SEQUENCE_372_line.png
A	Datasets/HDV/line/SEQUENCE_373_line.png
A	Datasets/HDV/line/SEQUENCE_374_line.png
A	Datasets/HDV/line/SEQUENCE_375_line.png
A	Datasets/HDV/line/SEQUENCE_376_line.png
A	Datasets/HDV/line/SEQUENCE_377_line.png
A	Datasets/HDV/line/SEQUENCE_378_line.png
A	Datasets/HDV/line/SEQUENCE_379_line.png
A	Datasets/HDV/line/SEQUENCE_380_line.png
A	Datasets/HDV/line/SEQUENCE_381_line.png
A	Datasets/HDV/line/SEQUENCE_382_line.png
A	Datasets/HDV/line/SEQUENCE_383_line.png
A	Datasets/HDV/line/SEQUENCE_384_line.png
A	Datasets/HDV/line/SEQUENCE_385_line.png
A	Datasets/HDV/line/SEQUENCE_386_line.png
A	Datasets/HDV/line/SEQUENCE_387_line.png
A	Datasets/HDV/line/SEQUENCE_388_line.png
A	Datasets/HDV/line/SEQUENCE_389_line.png
A	Datasets/HDV/line/SEQUENCE_390_line.png
A	Datasets/HDV/line/SEQUENCE_391_line.png
A	Datasets/HDV/line/SEQUENCE_392_line.png
A	Datasets/HDV/line/SEQUENCE_393_line.png
A	Datasets/HDV/line/SEQUENCE_394_line.png
A	Datasets/HDV/line/SEQUENCE_395_line.png
A	Datasets/HDV/line/SEQUENCE_396_line.png
A	Datasets/HDV/line/SEQUENCE_397_line.png
A	Datasets/HDV/line/SEQUENCE_398_line.png
A	Datasets/HDV/line/SEQUENCE_399_line.png
A	Datasets/HDV/line/SEQUENCE_400_line.png
A	Datasets/HDV/line/SEQUENCE_401_line.png
A	Datasets/HDV/line/SEQUENCE_402_line.png
A	Datasets/HDV/line/SEQUENCE_403_line.png
A	Datasets/HDV/line/SEQUENCE_404_line.png
A	Datasets/HDV/line/SEQUENCE_405_line.png
A	Datasets/HDV/line/SEQUENCE_406_line.png
A	Datasets/HDV/line/SEQUENCE_407_line.png
A	Datasets/HDV/line/SEQUENCE_408_line.png
A	Datasets/HDV/line/SEQUENCE_409_line.png
A	Datasets/HDV/line/SEQUENCE_410_line.png
A	Datasets/HDV/line/SEQUENCE_411_line.png
A	Datasets/HDV/line/SEQUENCE_412_line.png
A	Datasets/HDV/line/SEQUENCE_413_line.png
A	Datasets/HDV/line/SEQUENCE_414_line.png
A	Datasets/HDV/line/SEQUENCE_415_line.png
A	Datasets/HDV/line/SEQUENCE_416_line.png
A	Datasets/HDV/line/SEQUENCE_417_line.png
A	Datasets/HDV/line/SEQUENCE_418_line.png
A	Datasets/HDV/line/SEQUENCE_419_line.png
A	Datasets/HDV/line/SEQUENCE_420_line.png
A	Datasets/HDV/line/SEQUENCE_421_line.png
A	Datasets/HDV/line/SEQUENCE_422_line.png
A	Datasets/HDV/line/SEQUENCE_423_line.png
A	Datasets/HDV/line/SEQUENCE_424_line.png
A	Datasets/HDV/line/SEQUENCE_425_line.png
A	Datasets/HDV/line/SEQUENCE_426_line.png
A	Datasets/HDV/line/SEQUENCE_427_line.png
A	Datasets/HDV/line/SEQUENCE_428_line.png
A	Datasets/HDV/line/SEQUENCE_429_line.png
A	Datasets/HDV/line/SEQUENCE_430_line.png
A	Datasets/HDV/line/SEQUENCE_431_line.png
A	Datasets/HDV/line/SEQUENCE_432_line.png
A	Datasets/HDV/line/SEQUENCE_433_line.png
A	Datasets/HDV/line/SEQUENCE_434_line.png
A	Datasets/HDV/line/SEQUENCE_435_line.png
A	Datasets/HDV/line/SEQUENCE_436_line.png
A	Datasets/HDV/line/SEQUENCE_437_line.png
A	Datasets/HDV/line/SEQUENCE_438_line.png
A	Datasets/HDV/line/SEQUENCE_439_line.png
A	Datasets/HDV/line/SEQUENCE_440_line.png
A	Datasets/HDV/line/SEQUENCE_441_line.png
A	Datasets/HDV/line/SEQUENCE_442_line.png
A	Datasets/HDV/line/SEQUENCE_443_line.png
A	Datasets/HDV/line/SEQUENCE_444_line.png
A	Datasets/HDV/line/SEQUENCE_445_line.png
A	Datasets/HDV/line/SEQUENCE_446_line.png
A	Datasets/HDV/line/SEQUENCE_447_line.png
A	Datasets/HDV/line/SEQUENCE_448_line.png
A	Datasets/HDV/line/SEQUENCE_449_line.png
A	Datasets/HDV/line/SEQUENCE_450_line.png
A	Datasets/HDV/line/SEQUENCE_451_line.png
A	Datasets/HDV/line/SEQUENCE_452_line.png
A	Datasets/HDV/line/SEQUENCE_453_line.png
A	Datasets/HDV/line/SEQUENCE_454_line.png
A	Datasets/HDV/line/SEQUENCE_455_line.png
A	Datasets/HDV/line/SEQUENCE_456_line.png
A	Datasets/HDV/line/SEQUENCE_457_line.png
A	Datasets/HDV/line/SEQUENCE_458_line.png
A	Datasets/HDV/line/SEQUENCE_459_line.png
A	Datasets/HDV/line/SEQUENCE_460_line.png
A	Datasets/HDV/line/SEQUENCE_461_line.png
A	Datasets/HDV/line/SEQUENCE_462_line.png
A	Datasets/HDV/line/SEQUENCE_463_line.png
A	Datasets/HDV/line/SEQUENCE_464_line.png
A	Datasets/HDV/line/SEQUENCE_465_line.png
A	Datasets/HDV/line/SEQUENCE_466_line.png
A	Datasets/HDV/line/SEQUENCE_467_line.png
A	Datasets/HDV/line/SEQUENCE_468_line.png
A	Datasets/HDV/line/SEQUENCE_469_line.png
A	Datasets/HDV/line/SEQUENCE_470_line.png
A	Datasets/HDV/line/SEQUENCE_471_line.png
A	Datasets/HDV/line/SEQUENCE_472_line.png
A	Datasets/HDV/line/SEQUENCE_473_line.png
A	Datasets/HDV/line/SEQUENCE_474_line.png
A	Datasets/HDV/line/SEQUENCE_475_line.png
A	Datasets/HDV/line/SEQUENCE_476_line.png
A	Datasets/HDV/line/SEQUENCE_477_line.png
A	Datasets/HDV/line/SEQUENCE_478_line.png
A	Datasets/HDV/line/SEQUENCE_479_line.png
A	Datasets/HDV/line/SEQUENCE_480_line.png
A	Datasets/HDV/line/SEQUENCE_481_line.png
A	Datasets/HDV/line/SEQUENCE_482_line.png
A	Datasets/HDV/line/SEQUENCE_483_line.png
A	Datasets/HDV/line/SEQUENCE_484_line.png
A	Datasets/HDV/line/SEQUENCE_485_line.png
A	Datasets/HDV/line/SEQUENCE_486_line.png
A	Datasets/HDV/line/SEQUENCE_487_line.png
A	Datasets/HDV/line/SEQUENCE_488_line.png
A	Datasets/HDV/line/SEQUENCE_489_line.png
A	Datasets/HDV/line/SEQUENCE_490_line.png
A	Datasets/HDV/line/SEQUENCE_491_line.png
A	Datasets/HDV/line/SEQUENCE_492_line.png
A	Datasets/HDV/line/SEQUENCE_493_line.png
A	Datasets/HDV/line/SEQUENCE_494_line.png
A	Datasets/HDV/line/SEQUENCE_495_line.png
A	Datasets/HDV/line/SEQUENCE_496_line.png
A	Datasets/HDV/line/SEQUENCE_497_line.png
A	Datasets/HDV/line/SEQUENCE_498_line.png
A	Datasets/HDV/line/SEQUENCE_499_line.png
A	Datasets/HDV/prob/SEQUENCE_300.prob
A	Datasets/HDV/prob/SEQUENCE_301.prob
A	Datasets/HDV/prob/SEQUENCE_302.prob
A	Datasets/HDV/prob/SEQUENCE_303.prob
A	Datasets/HDV/prob/SEQUENCE_304.prob
A	Datasets/HDV/prob/SEQUENCE_305.prob
A	Datasets/HDV/prob/SEQUENCE_306.prob
A	Datasets/HDV/prob/SEQUENCE_307.prob
A	Datasets/HDV/prob/SEQUENCE_308.prob
A	Datasets/HDV/prob/SEQUENCE_309.prob
A	Datasets/HDV/prob/SEQUENCE_310.prob
A	Datasets/HDV/prob/SEQUENCE_311.prob
A	Datasets/HDV/prob/SEQUENCE_312.prob
A	Datasets/HDV/prob/SEQUENCE_313.prob
A	Datasets/HDV/prob/SEQUENCE_314.prob
A	Datasets/HDV/prob/SEQUENCE_315.prob
A	Datasets/HDV/prob/SEQUENCE_316.prob
A	Datasets/HDV/prob/SEQUENCE_317.prob
A	Datasets/HDV/prob/SEQUENCE_318.prob
A	Datasets/HDV/prob/SEQUENCE_319.prob
A	Datasets/HDV/prob/SEQUENCE_320.prob
A	Datasets/HDV/prob/SEQUENCE_321.prob
A	Datasets/HDV/prob/SEQUENCE_322.prob
A	Datasets/HDV/prob/SEQUENCE_323.prob
A	Datasets/HDV/prob/SEQUENCE_324.prob
A	Datasets/HDV/prob/SEQUENCE_325.prob
A	Datasets/HDV/prob/SEQUENCE_326.prob
A	Datasets/HDV/prob/SEQUENCE_327.prob
A	Datasets/HDV/prob/SEQUENCE_328.prob
A	Datasets/HDV/prob/SEQUENCE_329.prob
A	Datasets/HDV/prob/SEQUENCE_330.prob
A	Datasets/HDV/prob/SEQUENCE_331.prob
A	Datasets/HDV/prob/SEQUENCE_332.prob
A	Datasets/HDV/prob/SEQUENCE_333.prob
A	Datasets/HDV/prob/SEQUENCE_334.prob
A	Datasets/HDV/prob/SEQUENCE_335.prob
A	Datasets/HDV/prob/SEQUENCE_336.prob
A	Datasets/HDV/prob/SEQUENCE_337.prob
A	Datasets/HDV/prob/SEQUENCE_338.prob
A	Datasets/HDV/prob/SEQUENCE_339.prob
A	Datasets/HDV/prob/SEQUENCE_340.prob
A	Datasets/HDV/prob/SEQUENCE_341.prob
A	Datasets/HDV/prob/SEQUENCE_342.prob
A	Datasets/HDV/prob/SEQUENCE_343.prob
A	Datasets/HDV/prob/SEQUENCE_344.prob
A	Datasets/HDV/prob/SEQUENCE_345.prob
A	Datasets/HDV/prob/SEQUENCE_346.prob
A	Datasets/HDV/prob/SEQUENCE_347.prob
A	Datasets/HDV/prob/SEQUENCE_348.prob
A	Datasets/HDV/prob/SEQUENCE_349.prob
A	Datasets/HDV/prob/SEQUENCE_350.prob
A	Datasets/HDV/prob/SEQUENCE_351.prob
A	Datasets/HDV/prob/SEQUENCE_352.prob
A	Datasets/HDV/prob/SEQUENCE_353.prob
A	Datasets/HDV/prob/SEQUENCE_354.prob
A	Datasets/HDV/prob/SEQUENCE_355.prob
A	Datasets/HDV/prob/SEQUENCE_356.prob
A	Datasets/HDV/prob/SEQUENCE_357.prob
A	Datasets/HDV/prob/SEQUENCE_358.prob
A	Datasets/HDV/prob/SEQUENCE_359.prob
A	Datasets/HDV/prob/SEQUENCE_360.prob
A	Datasets/HDV/prob/SEQUENCE_361.prob
A	Datasets/HDV/prob/SEQUENCE_362.prob
A	Datasets/HDV/prob/SEQUENCE_363.prob
A	Datasets/HDV/prob/SEQUENCE_364.prob
A	Datasets/HDV/prob/SEQUENCE_365.prob
A	Datasets/HDV/prob/SEQUENCE_366.prob
A	Datasets/HDV/prob/SEQUENCE_367.prob
A	Datasets/HDV/prob/SEQUENCE_368.prob
A	Datasets/HDV/prob/SEQUENCE_369.prob
A	Datasets/HDV/prob/SEQUENCE_370.prob
A	Datasets/HDV/prob/SEQUENCE_371.prob
A	Datasets/HDV/prob/SEQUENCE_372.prob
A	Datasets/HDV/prob/SEQUENCE_373.prob
A	Datasets/HDV/prob/SEQUENCE_374.prob
A	Datasets/HDV/prob/SEQUENCE_375.prob
A	Datasets/HDV/prob/SEQUENCE_376.prob
A	Datasets/HDV/prob/SEQUENCE_377.prob
A	Datasets/HDV/prob/SEQUENCE_378.prob
A	Datasets/HDV/prob/SEQUENCE_379.prob
A	Datasets/HDV/prob/SEQUENCE_380.prob
A	Datasets/HDV/prob/SEQUENCE_381.prob
A	Datasets/HDV/prob/SEQUENCE_382.prob
A	Datasets/HDV/prob/SEQUENCE_383.prob
A	Datasets/HDV/prob/SEQUENCE_384.prob
A	Datasets/HDV/prob/SEQUENCE_385.prob
A	Datasets/HDV/prob/SEQUENCE_386.prob
A	Datasets/HDV/prob/SEQUENCE_387.prob
A	Datasets/HDV/prob/SEQUENCE_388.prob
A	Datasets/HDV/prob/SEQUENCE_389.prob
A	Datasets/HDV/prob/SEQUENCE_390.prob
A	Datasets/HDV/prob/SEQUENCE_391.prob
A	Datasets/HDV/prob/SEQUENCE_392.prob
A	Datasets/HDV/prob/SEQUENCE_393.prob
A	Datasets/HDV/prob/SEQUENCE_394.prob
A	Datasets/HDV/prob/SEQUENCE_395.prob
A	Datasets/HDV/prob/SEQUENCE_396.prob
A	Datasets/HDV/prob/SEQUENCE_397.prob
A	Datasets/HDV/prob/SEQUENCE_398.prob
A	Datasets/HDV/prob/SEQUENCE_399.prob
A	Datasets/HDV/prob/SEQUENCE_400.prob
A	Datasets/HDV/prob/SEQUENCE_401.prob
A	Datasets/HDV/prob/SEQUENCE_402.prob
A	Datasets/HDV/prob/SEQUENCE_403.prob
A	Datasets/HDV/prob/SEQUENCE_404.prob
A	Datasets/HDV/prob/SEQUENCE_405.prob
A	Datasets/HDV/prob/SEQUENCE_406.prob
A	Datasets/HDV/prob/SEQUENCE_407.prob
A	Datasets/HDV/prob/SEQUENCE_408.prob
A	Datasets/HDV/prob/SEQUENCE_409.prob
A	Datasets/HDV/prob/SEQUENCE_410.prob
A	Datasets/HDV/prob/SEQUENCE_411.prob
A	Datasets/HDV/prob/SEQUENCE_412.prob
A	Datasets/HDV/prob/SEQUENCE_413.prob
A	Datasets/HDV/prob/SEQUENCE_414.prob
A	Datasets/HDV/prob/SEQUENCE_415.prob
A	Datasets/HDV/prob/SEQUENCE_416.prob
A	Datasets/HDV/prob/SEQUENCE_417.prob
A	Datasets/HDV/prob/SEQUENCE_418.prob
A	Datasets/HDV/prob/SEQUENCE_419.prob
A	Datasets/HDV/prob/SEQUENCE_420.prob
A	Datasets/HDV/prob/SEQUENCE_421.prob
A	Datasets/HDV/prob/SEQUENCE_422.prob
A	Datasets/HDV/prob/SEQUENCE_423.prob
A	Datasets/HDV/prob/SEQUENCE_424.prob
A	Datasets/HDV/prob/SEQUENCE_425.prob
A	Datasets/HDV/prob/SEQUENCE_426.prob
A	Datasets/HDV/prob/SEQUENCE_427.prob
A	Datasets/HDV/prob/SEQUENCE_428.prob
A	Datasets/HDV/prob/SEQUENCE_429.prob
A	Datasets/HDV/prob/SEQUENCE_430.prob
A	Datasets/HDV/prob/SEQUENCE_431.prob
A	Datasets/HDV/prob/SEQUENCE_432.prob
A	Datasets/HDV/prob/SEQUENCE_433.prob
A	Datasets/HDV/prob/SEQUENCE_434.prob
A	Datasets/HDV/prob/SEQUENCE_435.prob
A	Datasets/HDV/prob/SEQUENCE_436.prob
A	Datasets/HDV/prob/SEQUENCE_437.prob
A	Datasets/HDV/prob/SEQUENCE_438.prob
A	Datasets/HDV/prob/SEQUENCE_439.prob
A	Datasets/HDV/prob/SEQUENCE_440.prob
A	Datasets/HDV/prob/SEQUENCE_441.prob
A	Datasets/HDV/prob/SEQUENCE_442.prob
A	Datasets/HDV/prob/SEQUENCE_443.prob
A	Datasets/HDV/prob/SEQUENCE_444.prob
A	Datasets/HDV/prob/SEQUENCE_445.prob
A	Datasets/HDV/prob/SEQUENCE_446.prob
A	Datasets/HDV/prob/SEQUENCE_447.prob
A	Datasets/HDV/prob/SEQUENCE_448.prob
A	Datasets/HDV/prob/SEQUENCE_449.prob
A	Datasets/HDV/prob/SEQUENCE_450.prob
A	Datasets/HDV/prob/SEQUENCE_451.prob
A	Datasets/HDV/prob/SEQUENCE_452.prob
A	Datasets/HDV/prob/SEQUENCE_453.prob
A	Datasets/HDV/prob/SEQUENCE_454.prob
A	Datasets/HDV/prob/SEQUENCE_455.prob
A	Datasets/HDV/prob/SEQUENCE_456.prob
A	Datasets/HDV/prob/SEQUENCE_457.prob
A	Datasets/HDV/prob/SEQUENCE_458.prob
A	Datasets/HDV/prob/SEQUENCE_459.prob
A	Datasets/HDV/prob/SEQUENCE_460.prob
A	Datasets/HDV/prob/SEQUENCE_461.prob
A	Datasets/HDV/prob/SEQUENCE_462.prob
A	Datasets/HDV/prob/SEQUENCE_463.prob
A	Datasets/HDV/prob/SEQUENCE_464.prob
A	Datasets/HDV/prob/SEQUENCE_465.prob
A	Datasets/HDV/prob/SEQUENCE_466.prob
A	Datasets/HDV/prob/SEQUENCE_467.prob
A	Datasets/HDV/prob/SEQUENCE_468.prob
A	Datasets/HDV/prob/SEQUENCE_469.prob
A	Datasets/HDV/prob/SEQUENCE_470.prob
A	Datasets/HDV/prob/SEQUENCE_471.prob
A	Datasets/HDV/prob/SEQUENCE_472.prob
A	Datasets/HDV/prob/SEQUENCE_473.prob
A	Datasets/HDV/prob/SEQUENCE_474.prob
A	Datasets/HDV/prob/SEQUENCE_475.prob
A	Datasets/HDV/prob/SEQUENCE_476.prob
A	Datasets/HDV/prob/SEQUENCE_477.prob
A	Datasets/HDV/prob/SEQUENCE_478.prob
A	Datasets/HDV/prob/SEQUENCE_479.prob
A	Datasets/HDV/prob/SEQUENCE_480.prob
A	Datasets/HDV/prob/SEQUENCE_481.prob
A	Datasets/HDV/prob/SEQUENCE_482.prob
A	Datasets/HDV/prob/SEQUENCE_483.prob
A	Datasets/HDV/prob/SEQUENCE_484.prob
A	Datasets/HDV/prob/SEQUENCE_485.prob
A	Datasets/HDV/prob/SEQUENCE_486.prob
A	Datasets/HDV/prob/SEQUENCE_487.prob
A	Datasets/HDV/prob/SEQUENCE_488.prob
A	Datasets/HDV/prob/SEQUENCE_489.prob
A	Datasets/HDV/prob/SEQUENCE_490.prob
A	Datasets/HDV/prob/SEQUENCE_491.prob
A	Datasets/HDV/prob/SEQUENCE_492.prob
A	Datasets/HDV/prob/SEQUENCE_493.prob
A	Datasets/HDV/prob/SEQUENCE_494.prob
A	Datasets/HDV/prob/SEQUENCE_495.prob
A	Datasets/HDV/prob/SEQUENCE_496.prob
A	Datasets/HDV/prob/SEQUENCE_497.prob
A	Datasets/HDV/prob/SEQUENCE_498.prob
A	Datasets/HDV/prob/SEQUENCE_499.prob
A	Datasets/HDV/radiate/SEQUENCE_300_radiate.png
A	Datasets/HDV/radiate/SEQUENCE_301_radiate.png
A	Datasets/HDV/radiate/SEQUENCE_302_radiate.png
A	Datasets/HDV/radiate/SEQUENCE_303_radiate.png
A	Datasets/HDV/radiate/SEQUENCE_304_radiate.png
A	Datasets/HDV/radiate/SEQUENCE_305_radiate.png
A	Datasets/HDV/radiate/SEQUENCE_306_radiate.png
A	Datasets/HDV/radiate/SEQUENCE_307_radiate.png
A	Datasets/HDV/radiate/SEQUENCE_308_radiate.png
A	Datasets/HDV/radiate/SEQUENCE_309_radiate.png
A	Datasets/HDV/radiate/SEQUENCE_310_radiate.png
A	Datasets/HDV/radiate/SEQUENCE_311_radiate.png
A	Datasets/HDV/radiate/SEQUENCE_312_radiate.png
A	Datasets/HDV/radiate/SEQUENCE_313_radiate.png
A	Datasets/HDV/radiate/SEQUENCE_314_radiate.png
A	Datasets/HDV/radiate/SEQUENCE_315_radiate.png
A	Datasets/HDV/radiate/SEQUENCE_316_radiate.png
A	Datasets/HDV/radiate/SEQUENCE_317_radiate.png
A	Datasets/HDV/radiate/SEQUENCE_318_radiate.png
A	Datasets/HDV/radiate/SEQUENCE_319_radiate.png
A	Datasets/HDV/radiate/SEQUENCE_320_radiate.png
A	Datasets/HDV/radiate/SEQUENCE_321_radiate.png
A	Datasets/HDV/radiate/SEQUENCE_322_radiate.png
A	Datasets/HDV/radiate/SEQUENCE_323_radiate.png
A	Datasets/HDV/radiate/SEQUENCE_324_radiate.png
A	Datasets/HDV/radiate/SEQUENCE_325_radiate.png
A	Datasets/HDV/radiate/SEQUENCE_326_radiate.png
A	Datasets/HDV/radiate/SEQUENCE_327_radiate.png
A	Datasets/HDV/radiate/SEQUENCE_328_radiate.png
A	Datasets/HDV/radiate/SEQUENCE_329_radiate.png
A	Datasets/HDV/radiate/SEQUENCE_330_radiate.png
A	Datasets/HDV/radiate/SEQUENCE_331_radiate.png
A	Datasets/HDV/radiate/SEQUENCE_332_radiate.png
A	Datasets/HDV/radiate/SEQUENCE_333_radiate.png
A	Datasets/HDV/radiate/SEQUENCE_334_radiate.png
A	Datasets/HDV/radiate/SEQUENCE_335_radiate.png
A	Datasets/HDV/radiate/SEQUENCE_336_radiate.png
A	Datasets/HDV/radiate/SEQUENCE_337_radiate.png
A	Datasets/HDV/radiate/SEQUENCE_338_radiate.png
A	Datasets/HDV/radiate/SEQUENCE_339_radiate.png
A	Datasets/HDV/radiate/SEQUENCE_340_radiate.png
A	Datasets/HDV/radiate/SEQUENCE_341_radiate.png
A	Datasets/HDV/radiate/SEQUENCE_342_radiate.png
A	Datasets/HDV/radiate/SEQUENCE_343_radiate.png
A	Datasets/HDV/radiate/SEQUENCE_344_radiate.png
A	Datasets/HDV/radiate/SEQUENCE_345_radiate.png
A	Datasets/HDV/radiate/SEQUENCE_346_radiate.png
A	Datasets/HDV/radiate/SEQUENCE_347_radiate.png
A	Datasets/HDV/radiate/SEQUENCE_348_radiate.png
A	Datasets/HDV/radiate/SEQUENCE_349_radiate.png
A	Datasets/HDV/radiate/SEQUENCE_350_radiate.png
A	Datasets/HDV/radiate/SEQUENCE_351_radiate.png
A	Datasets/HDV/radiate/SEQUENCE_352_radiate.png
A	Datasets/HDV/radiate/SEQUENCE_353_radiate.png
A	Datasets/HDV/radiate/SEQUENCE_354_radiate.png
A	Datasets/HDV/radiate/SEQUENCE_355_radiate.png
A	Datasets/HDV/radiate/SEQUENCE_356_radiate.png
A	Datasets/HDV/radiate/SEQUENCE_357_radiate.png
A	Datasets/HDV/radiate/SEQUENCE_358_radiate.png
A	Datasets/HDV/radiate/SEQUENCE_359_radiate.png
A	Datasets/HDV/radiate/SEQUENCE_360_radiate.png
A	Datasets/HDV/radiate/SEQUENCE_361_radiate.png
A	Datasets/HDV/radiate/SEQUENCE_362_radiate.png
A	Datasets/HDV/radiate/SEQUENCE_363_radiate.png
A	Datasets/HDV/radiate/SEQUENCE_364_radiate.png
A	Datasets/HDV/radiate/SEQUENCE_365_radiate.png
A	Datasets/HDV/radiate/SEQUENCE_366_radiate.png
A	Datasets/HDV/radiate/SEQUENCE_367_radiate.png
A	Datasets/HDV/radiate/SEQUENCE_368_radiate.png
A	Datasets/HDV/radiate/SEQUENCE_369_radiate.png
A	Datasets/HDV/radiate/SEQUENCE_370_radiate.png
A	Datasets/HDV/radiate/SEQUENCE_371_radiate.png
A	Datasets/HDV/radiate/SEQUENCE_372_radiate.png
A	Datasets/HDV/radiate/SEQUENCE_373_radiate.png
A	Datasets/HDV/radiate/SEQUENCE_374_radiate.png
A	Datasets/HDV/radiate/SEQUENCE_375_radiate.png
A	Datasets/HDV/radiate/SEQUENCE_376_radiate.png
A	Datasets/HDV/radiate/SEQUENCE_377_radiate.png
A	Datasets/HDV/radiate/SEQUENCE_378_radiate.png
A	Datasets/HDV/radiate/SEQUENCE_379_radiate.png
A	Datasets/HDV/radiate/SEQUENCE_380_radiate.png
A	Datasets/HDV/radiate/SEQUENCE_381_radiate.png
A	Datasets/HDV/radiate/SEQUENCE_382_radiate.png
A	Datasets/HDV/radiate/SEQUENCE_383_radiate.png
A	Datasets/HDV/radiate/SEQUENCE_384_radiate.png
A	Datasets/HDV/radiate/SEQUENCE_385_radiate.png
A	Datasets/HDV/radiate/SEQUENCE_386_radiate.png
A	Datasets/HDV/radiate/SEQUENCE_387_radiate.png
A	Datasets/HDV/radiate/SEQUENCE_388_radiate.png
A	Datasets/HDV/radiate/SEQUENCE_389_radiate.png
A	Datasets/HDV/radiate/SEQUENCE_390_radiate.png
A	Datasets/HDV/radiate/SEQUENCE_391_radiate.png
A	Datasets/HDV/radiate/SEQUENCE_392_radiate.png
A	Datasets/HDV/radiate/SEQUENCE_393_radiate.png
A	Datasets/HDV/radiate/SEQUENCE_394_radiate.png
A	Datasets/HDV/radiate/SEQUENCE_395_radiate.png
A	Datasets/HDV/radiate/SEQUENCE_396_radiate.png
A	Datasets/HDV/radiate/SEQUENCE_397_radiate.png
A	Datasets/HDV/radiate/SEQUENCE_398_radiate.png
A	Datasets/HDV/radiate/SEQUENCE_399_radiate.png
A	Datasets/HDV/radiate/SEQUENCE_400_radiate.png
A	Datasets/HDV/radiate/SEQUENCE_401_radiate.png
A	Datasets/HDV/radiate/SEQUENCE_402_radiate.png
A	Datasets/HDV/radiate/SEQUENCE_403_radiate.png
A	Datasets/HDV/radiate/SEQUENCE_404_radiate.png
A	Datasets/HDV/radiate/SEQUENCE_405_radiate.png
A	Datasets/HDV/radiate/SEQUENCE_406_radiate.png
A	Datasets/HDV/radiate/SEQUENCE_407_radiate.png
A	Datasets/HDV/radiate/SEQUENCE_408_radiate.png
A	Datasets/HDV/radiate/SEQUENCE_409_radiate.png
A	Datasets/HDV/radiate/SEQUENCE_410_radiate.png
A	Datasets/HDV/radiate/SEQUENCE_411_radiate.png
A	Datasets/HDV/radiate/SEQUENCE_412_radiate.png
A	Datasets/HDV/radiate/SEQUENCE_413_radiate.png
A	Datasets/HDV/radiate/SEQUENCE_414_radiate.png
A	Datasets/HDV/radiate/SEQUENCE_415_radiate.png
A	Datasets/HDV/radiate/SEQUENCE_416_radiate.png
A	Datasets/HDV/radiate/SEQUENCE_417_radiate.png
A	Datasets/HDV/radiate/SEQUENCE_418_radiate.png
A	Datasets/HDV/radiate/SEQUENCE_419_radiate.png
A	Datasets/HDV/radiate/SEQUENCE_420_radiate.png
A	Datasets/HDV/radiate/SEQUENCE_421_radiate.png
A	Datasets/HDV/radiate/SEQUENCE_422_radiate.png
A	Datasets/HDV/radiate/SEQUENCE_423_radiate.png
A	Datasets/HDV/radiate/SEQUENCE_424_radiate.png
A	Datasets/HDV/radiate/SEQUENCE_425_radiate.png
A	Datasets/HDV/radiate/SEQUENCE_426_radiate.png
A	Datasets/HDV/radiate/SEQUENCE_427_radiate.png
A	Datasets/HDV/radiate/SEQUENCE_428_radiate.png
A	Datasets/HDV/radiate/SEQUENCE_429_radiate.png
A	Datasets/HDV/radiate/SEQUENCE_430_radiate.png
A	Datasets/HDV/radiate/SEQUENCE_431_radiate.png
A	Datasets/HDV/radiate/SEQUENCE_432_radiate.png
A	Datasets/HDV/radiate/SEQUENCE_433_radiate.png
A	Datasets/HDV/radiate/SEQUENCE_434_radiate.png
A	Datasets/HDV/radiate/SEQUENCE_435_radiate.png
A	Datasets/HDV/radiate/SEQUENCE_436_radiate.png
A	Datasets/HDV/radiate/SEQUENCE_437_radiate.png
A	Datasets/HDV/radiate/SEQUENCE_438_radiate.png
A	Datasets/HDV/radiate/SEQUENCE_439_radiate.png
A	Datasets/HDV/radiate/SEQUENCE_440_radiate.png
A	Datasets/HDV/radiate/SEQUENCE_441_radiate.png
A	Datasets/HDV/radiate/SEQUENCE_442_radiate.png
A	Datasets/HDV/radiate/SEQUENCE_443_radiate.png
A	Datasets/HDV/radiate/SEQUENCE_444_radiate.png
A	Datasets/HDV/radiate/SEQUENCE_445_radiate.png
A	Datasets/HDV/radiate/SEQUENCE_446_radiate.png
A	Datasets/HDV/radiate/SEQUENCE_447_radiate.png
A	Datasets/HDV/radiate/SEQUENCE_448_radiate.png
A	Datasets/HDV/radiate/SEQUENCE_449_radiate.png
A	Datasets/HDV/radiate/SEQUENCE_450_radiate.png
A	Datasets/HDV/radiate/SEQUENCE_451_radiate.png
A	Datasets/HDV/radiate/SEQUENCE_452_radiate.png
A	Datasets/HDV/radiate/SEQUENCE_453_radiate.png
A	Datasets/HDV/radiate/SEQUENCE_454_radiate.png
A	Datasets/HDV/radiate/SEQUENCE_455_radiate.png
A	Datasets/HDV/radiate/SEQUENCE_456_radiate.png
A	Datasets/HDV/radiate/SEQUENCE_457_radiate.png
A	Datasets/HDV/radiate/SEQUENCE_458_radiate.png
A	Datasets/HDV/radiate/SEQUENCE_459_radiate.png
A	Datasets/HDV/radiate/SEQUENCE_460_radiate.png
A	Datasets/HDV/radiate/SEQUENCE_461_radiate.png
A	Datasets/HDV/radiate/SEQUENCE_462_radiate.png
A	Datasets/HDV/radiate/SEQUENCE_463_radiate.png
A	Datasets/HDV/radiate/SEQUENCE_464_radiate.png
A	Datasets/HDV/radiate/SEQUENCE_465_radiate.png
A	Datasets/HDV/radiate/SEQUENCE_466_radiate.png
A	Datasets/HDV/radiate/SEQUENCE_467_radiate.png
A	Datasets/HDV/radiate/SEQUENCE_468_radiate.png
A	Datasets/HDV/radiate/SEQUENCE_469_radiate.png
A	Datasets/HDV/radiate/SEQUENCE_470_radiate.png
A	Datasets/HDV/radiate/SEQUENCE_471_radiate.png
A	Datasets/HDV/radiate/SEQUENCE_472_radiate.png
A	Datasets/HDV/radiate/SEQUENCE_473_radiate.png
A	Datasets/HDV/radiate/SEQUENCE_474_radiate.png
A	Datasets/HDV/radiate/SEQUENCE_475_radiate.png
A	Datasets/HDV/radiate/SEQUENCE_476_radiate.png
A	Datasets/HDV/radiate/SEQUENCE_477_radiate.png
A	Datasets/HDV/radiate/SEQUENCE_478_radiate.png
A	Datasets/HDV/radiate/SEQUENCE_479_radiate.png
A	Datasets/HDV/radiate/SEQUENCE_480_radiate.png
A	Datasets/HDV/radiate/SEQUENCE_481_radiate.png
A	Datasets/HDV/radiate/SEQUENCE_482_radiate.png
A	Datasets/HDV/radiate/SEQUENCE_483_radiate.png
A	Datasets/HDV/radiate/SEQUENCE_484_radiate.png
A	Datasets/HDV/radiate/SEQUENCE_485_radiate.png
A	Datasets/HDV/radiate/SEQUENCE_486_radiate.png
A	Datasets/HDV/radiate/SEQUENCE_487_radiate.png
A	Datasets/HDV/radiate/SEQUENCE_488_radiate.png
A	Datasets/HDV/radiate/SEQUENCE_489_radiate.png
A	Datasets/HDV/radiate/SEQUENCE_490_radiate.png
A	Datasets/HDV/radiate/SEQUENCE_491_radiate.png
A	Datasets/HDV/radiate/SEQUENCE_492_radiate.png
A	Datasets/HDV/radiate/SEQUENCE_493_radiate.png
A	Datasets/HDV/radiate/SEQUENCE_494_radiate.png
A	Datasets/HDV/radiate/SEQUENCE_495_radiate.png
A	Datasets/HDV/radiate/SEQUENCE_496_radiate.png
A	Datasets/HDV/radiate/SEQUENCE_497_radiate.png
A	Datasets/HDV/radiate/SEQUENCE_498_radiate.png
A	Datasets/HDV/radiate/SEQUENCE_499_radiate.png
A	Datasets/HDV/st/SEQUENCE_300.st
A	Datasets/HDV/st/SEQUENCE_301.st
A	Datasets/HDV/st/SEQUENCE_302.st
A	Datasets/HDV/st/SEQUENCE_303.st
A	Datasets/HDV/st/SEQUENCE_304.st
A	Datasets/HDV/st/SEQUENCE_305.st
A	Datasets/HDV/st/SEQUENCE_306.st
A	Datasets/HDV/st/SEQUENCE_307.st
A	Datasets/HDV/st/SEQUENCE_308.st
A	Datasets/HDV/st/SEQUENCE_309.st
A	Datasets/HDV/st/SEQUENCE_310.st
A	Datasets/HDV/st/SEQUENCE_311.st
A	Datasets/HDV/st/SEQUENCE_312.st
A	Datasets/HDV/st/SEQUENCE_313.st
A	Datasets/HDV/st/SEQUENCE_314.st
A	Datasets/HDV/st/SEQUENCE_315.st
A	Datasets/HDV/st/SEQUENCE_316.st
A	Datasets/HDV/st/SEQUENCE_317.st
A	Datasets/HDV/st/SEQUENCE_318.st
A	Datasets/HDV/st/SEQUENCE_319.st
A	Datasets/HDV/st/SEQUENCE_320.st
A	Datasets/HDV/st/SEQUENCE_321.st
A	Datasets/HDV/st/SEQUENCE_322.st
A	Datasets/HDV/st/SEQUENCE_323.st
A	Datasets/HDV/st/SEQUENCE_324.st
A	Datasets/HDV/st/SEQUENCE_325.st
A	Datasets/HDV/st/SEQUENCE_326.st
A	Datasets/HDV/st/SEQUENCE_327.st
A	Datasets/HDV/st/SEQUENCE_328.st
A	Datasets/HDV/st/SEQUENCE_329.st
A	Datasets/HDV/st/SEQUENCE_330.st
A	Datasets/HDV/st/SEQUENCE_331.st
A	Datasets/HDV/st/SEQUENCE_332.st
A	Datasets/HDV/st/SEQUENCE_333.st
A	Datasets/HDV/st/SEQUENCE_334.st
A	Datasets/HDV/st/SEQUENCE_335.st
A	Datasets/HDV/st/SEQUENCE_336.st
A	Datasets/HDV/st/SEQUENCE_337.st
A	Datasets/HDV/st/SEQUENCE_338.st
A	Datasets/HDV/st/SEQUENCE_339.st
A	Datasets/HDV/st/SEQUENCE_340.st
A	Datasets/HDV/st/SEQUENCE_341.st
A	Datasets/HDV/st/SEQUENCE_342.st
A	Datasets/HDV/st/SEQUENCE_343.st
A	Datasets/HDV/st/SEQUENCE_344.st
A	Datasets/HDV/st/SEQUENCE_345.st
A	Datasets/HDV/st/SEQUENCE_346.st
A	Datasets/HDV/st/SEQUENCE_347.st
A	Datasets/HDV/st/SEQUENCE_348.st
A	Datasets/HDV/st/SEQUENCE_349.st
A	Datasets/HDV/st/SEQUENCE_350.st
A	Datasets/HDV/st/SEQUENCE_351.st
A	Datasets/HDV/st/SEQUENCE_352.st
A	Datasets/HDV/st/SEQUENCE_353.st
A	Datasets/HDV/st/SEQUENCE_354.st
A	Datasets/HDV/st/SEQUENCE_355.st
A	Datasets/HDV/st/SEQUENCE_356.st
A	Datasets/HDV/st/SEQUENCE_357.st
A	Datasets/HDV/st/SEQUENCE_358.st
A	Datasets/HDV/st/SEQUENCE_359.st
A	Datasets/HDV/st/SEQUENCE_360.st
A	Datasets/HDV/st/SEQUENCE_361.st
A	Datasets/HDV/st/SEQUENCE_362.st
A	Datasets/HDV/st/SEQUENCE_363.st
A	Datasets/HDV/st/SEQUENCE_364.st
A	Datasets/HDV/st/SEQUENCE_365.st
A	Datasets/HDV/st/SEQUENCE_366.st
A	Datasets/HDV/st/SEQUENCE_367.st
A	Datasets/HDV/st/SEQUENCE_368.st
A	Datasets/HDV/st/SEQUENCE_369.st
A	Datasets/HDV/st/SEQUENCE_370.st
A	Datasets/HDV/st/SEQUENCE_371.st
A	Datasets/HDV/st/SEQUENCE_372.st
A	Datasets/HDV/st/SEQUENCE_373.st
A	Datasets/HDV/st/SEQUENCE_374.st
A	Datasets/HDV/st/SEQUENCE_375.st
A	Datasets/HDV/st/SEQUENCE_376.st
A	Datasets/HDV/st/SEQUENCE_377.st
A	Datasets/HDV/st/SEQUENCE_378.st
A	Datasets/HDV/st/SEQUENCE_379.st
A	Datasets/HDV/st/SEQUENCE_380.st
A	Datasets/HDV/st/SEQUENCE_381.st
A	Datasets/HDV/st/SEQUENCE_382.st
A	Datasets/HDV/st/SEQUENCE_383.st
A	Datasets/HDV/st/SEQUENCE_384.st
A	Datasets/HDV/st/SEQUENCE_385.st
A	Datasets/HDV/st/SEQUENCE_386.st
A	Datasets/HDV/st/SEQUENCE_387.st
A	Datasets/HDV/st/SEQUENCE_388.st
A	Datasets/HDV/st/SEQUENCE_389.st
A	Datasets/HDV/st/SEQUENCE_390.st
A	Datasets/HDV/st/SEQUENCE_391.st
A	Datasets/HDV/st/SEQUENCE_392.st
A	Datasets/HDV/st/SEQUENCE_393.st
A	Datasets/HDV/st/SEQUENCE_394.st
A	Datasets/HDV/st/SEQUENCE_395.st
A	Datasets/HDV/st/SEQUENCE_396.st
A	Datasets/HDV/st/SEQUENCE_397.st
A	Datasets/HDV/st/SEQUENCE_398.st
A	Datasets/HDV/st/SEQUENCE_399.st
A	Datasets/HDV/st/SEQUENCE_400.st
A	Datasets/HDV/st/SEQUENCE_401.st
A	Datasets/HDV/st/SEQUENCE_402.st
A	Datasets/HDV/st/SEQUENCE_403.st
A	Datasets/HDV/st/SEQUENCE_404.st
A	Datasets/HDV/st/SEQUENCE_405.st
A	Datasets/HDV/st/SEQUENCE_406.st
A	Datasets/HDV/st/SEQUENCE_407.st
A	Datasets/HDV/st/SEQUENCE_408.st
A	Datasets/HDV/st/SEQUENCE_409.st
A	Datasets/HDV/st/SEQUENCE_410.st
A	Datasets/HDV/st/SEQUENCE_411.st
A	Datasets/HDV/st/SEQUENCE_412.st
A	Datasets/HDV/st/SEQUENCE_413.st
A	Datasets/HDV/st/SEQUENCE_414.st
A	Datasets/HDV/st/SEQUENCE_415.st
A	Datasets/HDV/st/SEQUENCE_416.st
A	Datasets/HDV/st/SEQUENCE_417.st
A	Datasets/HDV/st/SEQUENCE_418.st
A	Datasets/HDV/st/SEQUENCE_419.st
A	Datasets/HDV/st/SEQUENCE_420.st
A	Datasets/HDV/st/SEQUENCE_421.st
A	Datasets/HDV/st/SEQUENCE_422.st
A	Datasets/HDV/st/SEQUENCE_423.st
A	Datasets/HDV/st/SEQUENCE_424.st
A	Datasets/HDV/st/SEQUENCE_425.st
A	Datasets/HDV/st/SEQUENCE_426.st
A	Datasets/HDV/st/SEQUENCE_427.st
A	Datasets/HDV/st/SEQUENCE_428.st
A	Datasets/HDV/st/SEQUENCE_429.st
A	Datasets/HDV/st/SEQUENCE_430.st
A	Datasets/HDV/st/SEQUENCE_431.st
A	Datasets/HDV/st/SEQUENCE_432.st
A	Datasets/HDV/st/SEQUENCE_433.st
A	Datasets/HDV/st/SEQUENCE_434.st
A	Datasets/HDV/st/SEQUENCE_435.st
A	Datasets/HDV/st/SEQUENCE_436.st
A	Datasets/HDV/st/SEQUENCE_437.st
A	Datasets/HDV/st/SEQUENCE_438.st
A	Datasets/HDV/st/SEQUENCE_439.st
A	Datasets/HDV/st/SEQUENCE_440.st
A	Datasets/HDV/st/SEQUENCE_441.st
A	Datasets/HDV/st/SEQUENCE_442.st
A	Datasets/HDV/st/SEQUENCE_443.st
A	Datasets/HDV/st/SEQUENCE_444.st
A	Datasets/HDV/st/SEQUENCE_445.st
A	Datasets/HDV/st/SEQUENCE_446.st
A	Datasets/HDV/st/SEQUENCE_447.st
A	Datasets/HDV/st/SEQUENCE_448.st
A	Datasets/HDV/st/SEQUENCE_449.st
A	Datasets/HDV/st/SEQUENCE_450.st
A	Datasets/HDV/st/SEQUENCE_451.st
A	Datasets/HDV/st/SEQUENCE_452.st
A	Datasets/HDV/st/SEQUENCE_453.st
A	Datasets/HDV/st/SEQUENCE_454.st
A	Datasets/HDV/st/SEQUENCE_455.st
A	Datasets/HDV/st/SEQUENCE_456.st
A	Datasets/HDV/st/SEQUENCE_457.st
A	Datasets/HDV/st/SEQUENCE_458.st
A	Datasets/HDV/st/SEQUENCE_459.st
A	Datasets/HDV/st/SEQUENCE_460.st
A	Datasets/HDV/st/SEQUENCE_461.st
A	Datasets/HDV/st/SEQUENCE_462.st
A	Datasets/HDV/st/SEQUENCE_463.st
A	Datasets/HDV/st/SEQUENCE_464.st
A	Datasets/HDV/st/SEQUENCE_465.st
A	Datasets/HDV/st/SEQUENCE_466.st
A	Datasets/HDV/st/SEQUENCE_467.st
A	Datasets/HDV/st/SEQUENCE_468.st
A	Datasets/HDV/st/SEQUENCE_469.st
A	Datasets/HDV/st/SEQUENCE_470.st
A	Datasets/HDV/st/SEQUENCE_471.st
A	Datasets/HDV/st/SEQUENCE_472.st
A	Datasets/HDV/st/SEQUENCE_473.st
A	Datasets/HDV/st/SEQUENCE_474.st
A	Datasets/HDV/st/SEQUENCE_475.st
A	Datasets/HDV/st/SEQUENCE_476.st
A	Datasets/HDV/st/SEQUENCE_477.st
A	Datasets/HDV/st/SEQUENCE_478.st
A	Datasets/HDV/st/SEQUENCE_479.st
A	Datasets/HDV/st/SEQUENCE_480.st
A	Datasets/HDV/st/SEQUENCE_481.st
A	Datasets/HDV/st/SEQUENCE_482.st
A	Datasets/HDV/st/SEQUENCE_483.st
A	Datasets/HDV/st/SEQUENCE_484.st
A	Datasets/HDV/st/SEQUENCE_485.st
A	Datasets/HDV/st/SEQUENCE_486.st
A	Datasets/HDV/st/SEQUENCE_487.st
A	Datasets/HDV/st/SEQUENCE_488.st
A	Datasets/HDV/st/SEQUENCE_489.st
A	Datasets/HDV/st/SEQUENCE_490.st
A	Datasets/HDV/st/SEQUENCE_491.st
A	Datasets/HDV/st/SEQUENCE_492.st
A	Datasets/HDV/st/SEQUENCE_493.st
A	Datasets/HDV/st/SEQUENCE_494.st
A	Datasets/HDV/st/SEQUENCE_495.st
A	Datasets/HDV/st/SEQUENCE_496.st
A	Datasets/HDV/st/SEQUENCE_497.st
A	Datasets/HDV/st/SEQUENCE_498.st
A	Datasets/HDV/st/SEQUENCE_499.st
Your branch is up to date with 'origin/DatasetGenerator'.
To https://github.com/vincbeaulieu/HDV-LIG14.git
 ! [rejected]            DatasetGenerator -> DatasetGenerator (fetch first)
error: failed to push some refs to 'https://github.com/vincbeaulieu/HDV-LIG14.git'
hint: Updates were rejected because the remote contains work that you do
hint: not have locally. This is usually caused by another repository pushing
hint: to the same ref. You may want to first integrate the remote changes
hint: (e.g., 'git pull ...') before pushing again.
hint: See the 'Note about fast-forwards' in 'git push --help' for details.
[1mGenerating batch #500[0m
>> Opening FASTA file...
>> Converting FASTA file from multiline to single line and writing to file.
>> Done!

Preparing tfr records file for SPOT-RNA:
  0%|          | 0/100 [00:00<?, ?it/s]  4%|         | 4/100 [00:00<00:02, 32.09it/s]  8%|         | 8/100 [00:00<00:02, 33.10it/s] 12%|        | 12/100 [00:00<00:02, 34.18it/s] 16%|        | 16/100 [00:00<00:02, 34.98it/s] 20%|        | 20/100 [00:00<00:02, 35.57it/s] 24%|       | 24/100 [00:00<00:02, 35.78it/s] 28%|       | 28/100 [00:00<00:02, 35.91it/s] 32%|      | 32/100 [00:00<00:01, 35.90it/s] 36%|      | 36/100 [00:01<00:01, 36.05it/s] 40%|      | 40/100 [00:01<00:01, 35.67it/s] 44%|     | 44/100 [00:01<00:01, 35.66it/s] 48%|     | 48/100 [00:01<00:01, 34.67it/s] 52%|    | 52/100 [00:01<00:01, 35.22it/s] 56%|    | 56/100 [00:01<00:01, 35.52it/s] 60%|    | 60/100 [00:01<00:01, 35.51it/s] 64%|   | 64/100 [00:01<00:01, 35.58it/s] 68%|   | 68/100 [00:01<00:00, 35.73it/s] 72%|  | 72/100 [00:02<00:00, 35.83it/s] 76%|  | 76/100 [00:02<00:00, 36.09it/s] 80%|  | 80/100 [00:02<00:00, 35.98it/s] 84%| | 84/100 [00:02<00:00, 36.09it/s] 88%| | 88/100 [00:02<00:00, 36.03it/s] 92%|| 92/100 [00:02<00:00, 35.64it/s] 96%|| 96/100 [00:02<00:00, 35.60it/s]100%|| 100/100 [00:02<00:00, 35.85it/s]100%|| 100/100 [00:02<00:00, 35.55it/s]

Predicting for SPOT-RNA model 0
  0%|          | 0/100 [00:00<?, ?it/s]  1%|          | 1/100 [00:02<03:35,  2.18s/it]  2%|         | 2/100 [00:03<02:21,  1.44s/it]  3%|         | 3/100 [00:04<01:56,  1.21s/it]  4%|         | 4/100 [00:04<01:45,  1.10s/it]  5%|         | 5/100 [00:05<01:38,  1.04s/it]  6%|         | 6/100 [00:06<01:33,  1.00it/s]  7%|         | 7/100 [00:07<01:30,  1.03it/s]  8%|         | 8/100 [00:08<01:28,  1.05it/s]  9%|         | 9/100 [00:09<01:26,  1.05it/s] 10%|         | 10/100 [00:10<01:24,  1.06it/s] 11%|         | 11/100 [00:11<01:23,  1.07it/s] 12%|        | 12/100 [00:12<01:22,  1.06it/s] 13%|        | 13/100 [00:13<01:21,  1.07it/s] 14%|        | 14/100 [00:14<01:20,  1.07it/s] 15%|        | 15/100 [00:15<01:19,  1.07it/s] 16%|        | 16/100 [00:16<01:18,  1.07it/s] 17%|        | 17/100 [00:17<01:17,  1.06it/s] 18%|        | 18/100 [00:17<01:16,  1.07it/s] 19%|        | 19/100 [00:18<01:15,  1.07it/s] 20%|        | 20/100 [00:19<01:14,  1.08it/s] 21%|        | 21/100 [00:20<01:13,  1.08it/s] 22%|       | 22/100 [00:21<01:12,  1.07it/s] 23%|       | 23/100 [00:22<01:11,  1.07it/s] 24%|       | 24/100 [00:23<01:12,  1.05it/s] 25%|       | 25/100 [00:24<01:15,  1.01s/it] 26%|       | 26/100 [00:25<01:15,  1.01s/it] 27%|       | 27/100 [00:26<01:14,  1.02s/it] 28%|       | 28/100 [00:27<01:12,  1.01s/it] 29%|       | 29/100 [00:28<01:09,  1.01it/s] 30%|       | 30/100 [00:29<01:08,  1.03it/s] 31%|       | 31/100 [00:30<01:06,  1.03it/s] 32%|      | 32/100 [00:31<01:06,  1.03it/s] 33%|      | 33/100 [00:32<01:05,  1.02it/s] 34%|      | 34/100 [00:33<01:04,  1.03it/s] 35%|      | 35/100 [00:34<01:02,  1.03it/s] 36%|      | 36/100 [00:35<01:01,  1.04it/s] 37%|      | 37/100 [00:36<01:00,  1.04it/s] 38%|      | 38/100 [00:37<00:59,  1.04it/s] 39%|      | 39/100 [00:38<00:58,  1.03it/s] 40%|      | 40/100 [00:39<00:58,  1.02it/s] 41%|      | 41/100 [00:40<00:57,  1.02it/s] 42%|     | 42/100 [00:41<00:56,  1.02it/s] 43%|     | 43/100 [00:42<00:55,  1.03it/s] 44%|     | 44/100 [00:43<00:54,  1.03it/s] 45%|     | 45/100 [00:44<00:53,  1.03it/s] 46%|     | 46/100 [00:45<00:52,  1.03it/s] 47%|     | 47/100 [00:46<00:51,  1.03it/s] 48%|     | 48/100 [00:47<00:50,  1.02it/s] 49%|     | 49/100 [00:48<00:49,  1.02it/s] 50%|     | 50/100 [00:49<00:48,  1.02it/s] 51%|     | 51/100 [00:50<00:47,  1.03it/s] 52%|    | 52/100 [00:51<00:46,  1.03it/s] 53%|    | 53/100 [00:52<00:45,  1.03it/s] 54%|    | 54/100 [00:53<00:45,  1.02it/s] 55%|    | 55/100 [00:54<00:44,  1.01it/s] 56%|    | 56/100 [00:55<00:43,  1.01it/s] 57%|    | 57/100 [00:56<00:42,  1.01it/s] 58%|    | 58/100 [00:57<00:41,  1.01it/s] 59%|    | 59/100 [00:58<00:40,  1.01it/s] 60%|    | 60/100 [00:59<00:39,  1.01it/s] 61%|    | 61/100 [01:00<00:38,  1.01it/s] 62%|   | 62/100 [01:01<00:37,  1.01it/s] 63%|   | 63/100 [01:01<00:36,  1.02it/s] 64%|   | 64/100 [01:02<00:35,  1.02it/s] 65%|   | 65/100 [01:03<00:34,  1.02it/s] 66%|   | 66/100 [01:04<00:33,  1.01it/s] 67%|   | 67/100 [01:05<00:32,  1.01it/s] 68%|   | 68/100 [01:06<00:31,  1.01it/s] 69%|   | 69/100 [01:07<00:30,  1.02it/s] 70%|   | 70/100 [01:08<00:29,  1.01it/s] 71%|   | 71/100 [01:09<00:28,  1.01it/s] 72%|  | 72/100 [01:10<00:27,  1.01it/s] 73%|  | 73/100 [01:11<00:26,  1.01it/s] 74%|  | 74/100 [01:12<00:25,  1.01it/s] 75%|  | 75/100 [01:13<00:24,  1.02it/s] 76%|  | 76/100 [01:14<00:23,  1.02it/s] 77%|  | 77/100 [01:15<00:22,  1.02it/s] 78%|  | 78/100 [01:16<00:21,  1.01it/s] 79%|  | 79/100 [01:17<00:20,  1.01it/s] 80%|  | 80/100 [01:18<00:20,  1.00s/it] 81%|  | 81/100 [01:19<00:19,  1.01s/it] 82%| | 82/100 [01:20<00:18,  1.01s/it] 83%| | 83/100 [01:21<00:17,  1.01s/it] 84%| | 84/100 [01:22<00:16,  1.00s/it] 85%| | 85/100 [01:23<00:14,  1.01it/s] 86%| | 86/100 [01:24<00:13,  1.01it/s] 87%| | 87/100 [01:25<00:12,  1.01it/s] 88%| | 88/100 [01:26<00:11,  1.01it/s] 89%| | 89/100 [01:27<00:10,  1.00it/s] 90%| | 90/100 [01:28<00:09,  1.00it/s] 91%| | 91/100 [01:29<00:08,  1.01it/s] 92%|| 92/100 [01:30<00:07,  1.01it/s] 93%|| 93/100 [01:31<00:06,  1.01it/s] 94%|| 94/100 [01:32<00:05,  1.01it/s] 95%|| 95/100 [01:33<00:04,  1.00it/s] 96%|| 96/100 [01:34<00:03,  1.01it/s] 97%|| 97/100 [01:35<00:02,  1.01it/s] 98%|| 98/100 [01:36<00:01,  1.01it/s] 99%|| 99/100 [01:37<00:00,  1.02it/s]100%|| 100/100 [01:38<00:00,  1.02it/s]100%|| 100/100 [01:38<00:00,  1.01it/s]

Predicting for SPOT-RNA model 1
  0%|          | 0/100 [00:00<?, ?it/s]  1%|          | 1/100 [00:03<05:44,  3.48s/it]  2%|         | 2/100 [00:05<03:54,  2.40s/it]  3%|         | 3/100 [00:06<03:20,  2.06s/it]  4%|         | 4/100 [00:08<03:06,  1.94s/it]  5%|         | 5/100 [00:10<02:57,  1.87s/it]  6%|         | 6/100 [00:12<02:52,  1.84s/it]  7%|         | 7/100 [00:13<02:49,  1.82s/it]  8%|         | 8/100 [00:15<02:45,  1.80s/it]  9%|         | 9/100 [00:17<02:42,  1.78s/it] 10%|         | 10/100 [00:19<02:40,  1.78s/it] 11%|         | 11/100 [00:20<02:38,  1.78s/it] 12%|        | 12/100 [00:22<02:36,  1.78s/it] 13%|        | 13/100 [00:24<02:33,  1.77s/it] 14%|        | 14/100 [00:26<02:31,  1.76s/it] 15%|        | 15/100 [00:27<02:29,  1.76s/it] 16%|        | 16/100 [00:29<02:26,  1.74s/it] 17%|        | 17/100 [00:31<02:25,  1.75s/it] 18%|        | 18/100 [00:33<02:23,  1.75s/it] 19%|        | 19/100 [00:34<02:19,  1.72s/it] 20%|        | 20/100 [00:36<02:19,  1.74s/it] 21%|        | 21/100 [00:38<02:16,  1.73s/it] 22%|       | 22/100 [00:40<02:15,  1.74s/it] 23%|       | 23/100 [00:41<02:14,  1.75s/it] 24%|       | 24/100 [00:43<02:11,  1.73s/it] 25%|       | 25/100 [00:45<02:09,  1.73s/it] 26%|       | 26/100 [00:46<02:08,  1.74s/it] 27%|       | 27/100 [00:48<02:07,  1.74s/it] 28%|       | 28/100 [00:50<02:04,  1.73s/it] 29%|       | 29/100 [00:52<02:03,  1.74s/it] 30%|       | 30/100 [00:53<02:02,  1.74s/it] 31%|       | 31/100 [00:55<01:59,  1.73s/it] 32%|      | 32/100 [00:57<01:57,  1.72s/it] 33%|      | 33/100 [00:59<01:55,  1.73s/it] 34%|      | 34/100 [01:00<01:54,  1.74s/it] 35%|      | 35/100 [01:02<01:52,  1.74s/it] 36%|      | 36/100 [01:04<01:50,  1.73s/it] 37%|      | 37/100 [01:06<01:49,  1.74s/it] 38%|      | 38/100 [01:07<01:47,  1.73s/it] 39%|      | 39/100 [01:09<01:45,  1.73s/it] 40%|      | 40/100 [01:11<01:44,  1.74s/it] 41%|      | 41/100 [01:13<01:43,  1.75s/it] 42%|     | 42/100 [01:14<01:41,  1.74s/it] 43%|     | 43/100 [01:16<01:39,  1.74s/it] 44%|     | 44/100 [01:18<01:37,  1.74s/it] 45%|     | 45/100 [01:19<01:35,  1.74s/it] 46%|     | 46/100 [01:21<01:34,  1.75s/it] 47%|     | 47/100 [01:23<01:32,  1.75s/it] 48%|     | 48/100 [01:25<01:30,  1.74s/it] 49%|     | 49/100 [01:26<01:29,  1.75s/it] 50%|     | 50/100 [01:28<01:27,  1.75s/it] 51%|     | 51/100 [01:30<01:25,  1.75s/it] 52%|    | 52/100 [01:32<01:24,  1.75s/it] 53%|    | 53/100 [01:33<01:21,  1.74s/it] 54%|    | 54/100 [01:35<01:19,  1.74s/it] 55%|    | 55/100 [01:37<01:18,  1.74s/it] 56%|    | 56/100 [01:39<01:16,  1.75s/it] 57%|    | 57/100 [01:40<01:15,  1.75s/it] 58%|    | 58/100 [01:42<01:12,  1.74s/it] 59%|    | 59/100 [01:44<01:11,  1.74s/it] 60%|    | 60/100 [01:46<01:09,  1.75s/it] 61%|    | 61/100 [01:47<01:08,  1.76s/it] 62%|   | 62/100 [01:49<01:06,  1.76s/it] 63%|   | 63/100 [01:51<01:04,  1.74s/it] 64%|   | 64/100 [01:53<01:02,  1.74s/it] 65%|   | 65/100 [01:54<01:01,  1.75s/it] 66%|   | 66/100 [01:56<00:59,  1.76s/it] 67%|   | 67/100 [01:58<00:58,  1.76s/it] 68%|   | 68/100 [02:00<00:56,  1.76s/it] 69%|   | 69/100 [02:01<00:54,  1.75s/it] 70%|   | 70/100 [02:03<00:52,  1.74s/it] 71%|   | 71/100 [02:05<00:50,  1.74s/it] 72%|  | 72/100 [02:07<00:49,  1.75s/it] 73%|  | 73/100 [02:08<00:47,  1.76s/it] 74%|  | 74/100 [02:10<00:45,  1.76s/it] 75%|  | 75/100 [02:12<00:43,  1.76s/it] 76%|  | 76/100 [02:14<00:42,  1.76s/it] 77%|  | 77/100 [02:16<00:40,  1.76s/it] 78%|  | 78/100 [02:17<00:38,  1.76s/it] 79%|  | 79/100 [02:19<00:36,  1.75s/it] 80%|  | 80/100 [02:21<00:34,  1.73s/it] 81%|  | 81/100 [02:22<00:33,  1.74s/it] 82%| | 82/100 [02:24<00:31,  1.75s/it] 83%| | 83/100 [02:26<00:29,  1.75s/it] 84%| | 84/100 [02:28<00:28,  1.76s/it] 85%| | 85/100 [02:29<00:26,  1.75s/it] 86%| | 86/100 [02:31<00:24,  1.74s/it] 87%| | 87/100 [02:33<00:22,  1.75s/it] 88%| | 88/100 [02:35<00:20,  1.75s/it] 89%| | 89/100 [02:36<00:19,  1.75s/it] 90%| | 90/100 [02:38<00:17,  1.75s/it] 91%| | 91/100 [02:40<00:15,  1.77s/it] 92%|| 92/100 [02:42<00:14,  1.76s/it] 93%|| 93/100 [02:44<00:12,  1.76s/it] 94%|| 94/100 [02:45<00:10,  1.75s/it] 95%|| 95/100 [02:47<00:08,  1.74s/it] 96%|| 96/100 [02:49<00:06,  1.74s/it] 97%|| 97/100 [02:50<00:05,  1.74s/it] 98%|| 98/100 [02:52<00:03,  1.75s/it] 99%|| 99/100 [02:54<00:01,  1.75s/it]100%|| 100/100 [02:56<00:00,  1.75s/it]100%|| 100/100 [02:56<00:00,  1.76s/it]

Predicting for SPOT-RNA model 2
  0%|          | 0/100 [00:00<?, ?it/s]  1%|          | 1/100 [00:04<07:35,  4.60s/it]  2%|         | 2/100 [00:06<05:12,  3.19s/it]  3%|         | 3/100 [00:09<04:29,  2.77s/it]  4%|         | 4/100 [00:11<04:07,  2.58s/it]  5%|         | 5/100 [00:13<03:55,  2.48s/it]  6%|         | 6/100 [00:15<03:46,  2.41s/it]  7%|         | 7/100 [00:18<03:39,  2.36s/it]  8%|         | 8/100 [00:20<03:34,  2.33s/it]  9%|         | 9/100 [00:22<03:30,  2.31s/it] 10%|         | 10/100 [00:24<03:23,  2.27s/it] 11%|         | 11/100 [00:27<03:22,  2.27s/it] 12%|        | 12/100 [00:29<03:17,  2.25s/it] 13%|        | 13/100 [00:31<03:15,  2.25s/it] 14%|        | 14/100 [00:33<03:11,  2.23s/it] 15%|        | 15/100 [00:36<03:10,  2.24s/it] 16%|        | 16/100 [00:38<03:06,  2.22s/it] 17%|        | 17/100 [00:40<03:05,  2.23s/it] 18%|        | 18/100 [00:42<03:01,  2.22s/it] 19%|        | 19/100 [00:44<02:59,  2.22s/it] 20%|        | 20/100 [00:47<02:57,  2.22s/it] 21%|        | 21/100 [00:49<02:53,  2.20s/it] 22%|       | 22/100 [00:51<02:52,  2.21s/it] 23%|       | 23/100 [00:53<02:50,  2.21s/it] 24%|       | 24/100 [00:55<02:47,  2.20s/it] 25%|       | 25/100 [00:58<02:45,  2.20s/it] 26%|       | 26/100 [01:00<02:42,  2.20s/it] 27%|       | 27/100 [01:02<02:41,  2.21s/it] 28%|       | 28/100 [01:04<02:38,  2.20s/it] 29%|       | 29/100 [01:06<02:37,  2.22s/it] 30%|       | 30/100 [01:09<02:34,  2.20s/it] 31%|       | 31/100 [01:11<02:33,  2.22s/it] 32%|      | 32/100 [01:13<02:30,  2.21s/it] 33%|      | 33/100 [01:15<02:28,  2.22s/it] 34%|      | 34/100 [01:18<02:26,  2.21s/it] 35%|      | 35/100 [01:20<02:23,  2.21s/it] 36%|      | 36/100 [01:22<02:22,  2.22s/it] 37%|      | 37/100 [01:24<02:19,  2.21s/it] 38%|      | 38/100 [01:26<02:17,  2.22s/it] 39%|      | 39/100 [01:29<02:14,  2.20s/it] 40%|      | 40/100 [01:31<02:13,  2.22s/it] 41%|      | 41/100 [01:33<02:10,  2.21s/it] 42%|     | 42/100 [01:35<02:09,  2.23s/it] 43%|     | 43/100 [01:37<02:05,  2.21s/it] 44%|     | 44/100 [01:40<02:04,  2.23s/it] 45%|     | 45/100 [01:42<02:01,  2.22s/it] 46%|     | 46/100 [01:44<01:59,  2.22s/it] 47%|     | 47/100 [01:46<01:57,  2.22s/it] 48%|     | 48/100 [01:49<01:55,  2.22s/it] 49%|     | 49/100 [01:51<01:53,  2.22s/it] 50%|     | 50/100 [01:53<01:50,  2.21s/it] 51%|     | 51/100 [01:55<01:49,  2.23s/it] 52%|    | 52/100 [01:57<01:45,  2.20s/it] 53%|    | 53/100 [02:00<01:44,  2.22s/it] 54%|    | 54/100 [02:02<01:41,  2.21s/it] 55%|    | 55/100 [02:04<01:40,  2.23s/it] 56%|    | 56/100 [02:06<01:36,  2.20s/it] 57%|    | 57/100 [02:09<01:35,  2.22s/it] 58%|    | 58/100 [02:11<01:33,  2.22s/it] 59%|    | 59/100 [02:13<01:31,  2.22s/it] 60%|    | 60/100 [02:15<01:28,  2.22s/it] 61%|    | 61/100 [02:17<01:26,  2.22s/it] 62%|   | 62/100 [02:20<01:23,  2.21s/it] 63%|   | 63/100 [02:22<01:22,  2.22s/it] 64%|   | 64/100 [02:24<01:19,  2.22s/it] 65%|   | 65/100 [02:26<01:17,  2.22s/it] 66%|   | 66/100 [02:28<01:15,  2.21s/it] 67%|   | 67/100 [02:31<01:13,  2.22s/it] 68%|   | 68/100 [02:33<01:10,  2.21s/it] 69%|   | 69/100 [02:35<01:08,  2.22s/it] 70%|   | 70/100 [02:37<01:06,  2.21s/it] 71%|   | 71/100 [02:40<01:04,  2.21s/it] 72%|  | 72/100 [02:42<01:02,  2.21s/it] 73%|  | 73/100 [02:44<00:59,  2.21s/it] 74%|  | 74/100 [02:46<00:57,  2.23s/it] 75%|  | 75/100 [02:48<00:55,  2.22s/it] 76%|  | 76/100 [02:51<00:53,  2.23s/it] 77%|  | 77/100 [02:53<00:50,  2.21s/it] 78%|  | 78/100 [02:55<00:49,  2.23s/it] 79%|  | 79/100 [02:57<00:46,  2.21s/it] 80%|  | 80/100 [03:00<00:44,  2.23s/it] 81%|  | 81/100 [03:02<00:42,  2.23s/it] 82%| | 82/100 [03:04<00:40,  2.23s/it] 83%| | 83/100 [03:06<00:37,  2.22s/it] 84%| | 84/100 [03:08<00:35,  2.22s/it] 85%| | 85/100 [03:11<00:33,  2.21s/it] 86%| | 86/100 [03:13<00:31,  2.23s/it] 87%| | 87/100 [03:15<00:28,  2.23s/it] 88%| | 88/100 [03:17<00:26,  2.23s/it] 89%| | 89/100 [03:20<00:24,  2.21s/it] 90%| | 90/100 [03:22<00:22,  2.23s/it] 91%| | 91/100 [03:24<00:19,  2.22s/it] 92%|| 92/100 [03:26<00:17,  2.24s/it] 93%|| 93/100 [03:29<00:15,  2.22s/it] 94%|| 94/100 [03:31<00:13,  2.23s/it] 95%|| 95/100 [03:33<00:11,  2.22s/it] 96%|| 96/100 [03:35<00:08,  2.24s/it] 97%|| 97/100 [03:37<00:06,  2.22s/it] 98%|| 98/100 [03:40<00:04,  2.23s/it] 99%|| 99/100 [03:42<00:02,  2.22s/it]100%|| 100/100 [03:44<00:00,  2.23s/it]100%|| 100/100 [03:44<00:00,  2.25s/it]

Predicting for SPOT-RNA model 3
  0%|          | 0/100 [00:00<?, ?it/s]  1%|          | 1/100 [00:05<09:35,  5.81s/it]  2%|         | 2/100 [00:09<06:58,  4.27s/it]  3%|         | 3/100 [00:12<06:22,  3.94s/it]  4%|         | 4/100 [00:15<05:55,  3.70s/it]  5%|         | 5/100 [00:19<05:37,  3.55s/it]  6%|         | 6/100 [00:22<05:22,  3.43s/it]  7%|         | 7/100 [00:25<05:14,  3.38s/it]  8%|         | 8/100 [00:28<05:04,  3.31s/it]  9%|         | 9/100 [00:31<04:56,  3.26s/it] 10%|         | 10/100 [00:35<04:50,  3.23s/it] 11%|         | 11/100 [00:38<04:44,  3.20s/it] 12%|        | 12/100 [00:41<04:40,  3.18s/it] 13%|        | 13/100 [00:44<04:35,  3.17s/it] 14%|        | 14/100 [00:47<04:31,  3.16s/it] 15%|        | 15/100 [00:50<04:28,  3.16s/it] 16%|        | 16/100 [00:53<04:24,  3.15s/it] 17%|        | 17/100 [00:57<04:21,  3.15s/it] 18%|        | 18/100 [01:00<04:17,  3.14s/it] 19%|        | 19/100 [01:03<04:14,  3.14s/it] 20%|        | 20/100 [01:06<04:11,  3.14s/it] 21%|        | 21/100 [01:09<04:08,  3.14s/it] 22%|       | 22/100 [01:12<04:04,  3.14s/it] 23%|       | 23/100 [01:15<04:01,  3.14s/it] 24%|       | 24/100 [01:19<03:58,  3.13s/it] 25%|       | 25/100 [01:22<03:57,  3.16s/it] 26%|       | 26/100 [01:25<03:54,  3.17s/it] 27%|       | 27/100 [01:28<03:50,  3.16s/it] 28%|       | 28/100 [01:31<03:52,  3.23s/it] 29%|       | 29/100 [01:35<03:49,  3.23s/it] 30%|       | 30/100 [01:38<03:45,  3.22s/it] 31%|       | 31/100 [01:41<03:40,  3.19s/it] 32%|      | 32/100 [01:44<03:39,  3.22s/it] 33%|      | 33/100 [01:47<03:34,  3.20s/it] 34%|      | 34/100 [01:51<03:32,  3.23s/it] 35%|      | 35/100 [01:54<03:29,  3.23s/it] 36%|      | 36/100 [01:57<03:28,  3.26s/it] 37%|      | 37/100 [02:01<03:24,  3.25s/it] 38%|      | 38/100 [02:04<03:19,  3.21s/it] 39%|      | 39/100 [02:07<03:16,  3.23s/it] 40%|      | 40/100 [02:10<03:12,  3.21s/it] 41%|      | 41/100 [02:13<03:07,  3.19s/it] 42%|     | 42/100 [02:17<03:06,  3.21s/it] 43%|     | 43/100 [02:20<03:03,  3.21s/it] 44%|     | 44/100 [02:23<02:59,  3.21s/it] 45%|     | 45/100 [02:26<02:56,  3.22s/it] 46%|     | 46/100 [02:29<02:52,  3.19s/it] 47%|     | 47/100 [02:33<02:50,  3.21s/it] 48%|     | 48/100 [02:36<02:45,  3.19s/it] 49%|     | 49/100 [02:39<02:43,  3.21s/it] 50%|     | 50/100 [02:42<02:39,  3.20s/it] 51%|     | 51/100 [02:45<02:37,  3.21s/it] 52%|    | 52/100 [02:49<02:33,  3.20s/it] 53%|    | 53/100 [02:52<02:30,  3.19s/it] 54%|    | 54/100 [02:55<02:26,  3.17s/it] 55%|    | 55/100 [02:58<02:24,  3.21s/it] 56%|    | 56/100 [03:01<02:20,  3.19s/it] 57%|    | 57/100 [03:05<02:17,  3.21s/it] 58%|    | 58/100 [03:08<02:13,  3.18s/it] 59%|    | 59/100 [03:11<02:11,  3.20s/it] 60%|    | 60/100 [03:14<02:07,  3.18s/it] 61%|    | 61/100 [03:17<02:04,  3.20s/it] 62%|   | 62/100 [03:20<02:00,  3.18s/it] 63%|   | 63/100 [03:24<01:58,  3.20s/it] 64%|   | 64/100 [03:27<01:54,  3.19s/it] 65%|   | 65/100 [03:30<01:52,  3.20s/it] 66%|   | 66/100 [03:33<01:48,  3.18s/it] 67%|   | 67/100 [03:36<01:45,  3.21s/it] 68%|   | 68/100 [03:40<01:42,  3.21s/it] 69%|   | 69/100 [03:43<01:39,  3.21s/it] 70%|   | 70/100 [03:46<01:36,  3.21s/it] 71%|   | 71/100 [03:49<01:32,  3.20s/it] 72%|  | 72/100 [03:52<01:29,  3.20s/it] 73%|  | 73/100 [03:56<01:26,  3.22s/it] 74%|  | 74/100 [03:59<01:25,  3.27s/it] 75%|  | 75/100 [04:02<01:21,  3.27s/it] 76%|  | 76/100 [04:06<01:18,  3.27s/it] 77%|  | 77/100 [04:09<01:15,  3.27s/it] 78%|  | 78/100 [04:12<01:11,  3.27s/it] 79%|  | 79/100 [04:15<01:08,  3.27s/it] 80%|  | 80/100 [04:19<01:05,  3.27s/it] 81%|  | 81/100 [04:22<01:02,  3.27s/it] 82%| | 82/100 [04:25<00:58,  3.27s/it] 83%| | 83/100 [04:29<00:55,  3.27s/it] 84%| | 84/100 [04:32<00:52,  3.26s/it] 85%| | 85/100 [04:35<00:49,  3.28s/it] 86%| | 86/100 [04:38<00:46,  3.30s/it] 87%| | 87/100 [04:42<00:44,  3.39s/it] 88%| | 88/100 [04:46<00:41,  3.44s/it] 89%| | 89/100 [04:49<00:38,  3.49s/it] 90%| | 90/100 [04:53<00:35,  3.53s/it] 91%| | 91/100 [04:56<00:31,  3.54s/it] 92%|| 92/100 [05:00<00:27,  3.48s/it] 93%|| 93/100 [05:03<00:23,  3.41s/it] 94%|| 94/100 [05:06<00:20,  3.40s/it] 95%|| 95/100 [05:10<00:16,  3.36s/it] 96%|| 96/100 [05:13<00:13,  3.35s/it] 97%|| 97/100 [05:16<00:10,  3.34s/it] 98%|| 98/100 [05:20<00:06,  3.32s/it] 99%|| 99/100 [05:23<00:03,  3.31s/it]100%|| 100/100 [05:26<00:00,  3.31s/it]100%|| 100/100 [05:26<00:00,  3.27s/it]

Predicting for SPOT-RNA model 4
  0%|          | 0/100 [00:00<?, ?it/s]  1%|          | 1/100 [00:07<12:57,  7.85s/it]  2%|         | 2/100 [00:10<07:43,  4.73s/it]  3%|         | 3/100 [00:12<06:03,  3.74s/it]  4%|         | 4/100 [00:15<05:19,  3.33s/it]  5%|         | 5/100 [00:18<04:55,  3.11s/it]  6%|         | 6/100 [00:21<04:38,  2.96s/it]  7%|         | 7/100 [00:23<04:22,  2.82s/it]  8%|         | 8/100 [00:26<04:10,  2.73s/it]  9%|         | 9/100 [00:28<04:03,  2.68s/it] 10%|         | 10/100 [00:31<04:01,  2.68s/it] 11%|         | 11/100 [00:34<03:58,  2.68s/it] 12%|        | 12/100 [00:36<03:56,  2.69s/it] 13%|        | 13/100 [00:39<03:52,  2.68s/it] 14%|        | 14/100 [00:41<03:44,  2.61s/it] 15%|        | 15/100 [00:44<03:39,  2.58s/it] 16%|        | 16/100 [00:47<03:40,  2.63s/it] 17%|        | 17/100 [00:49<03:39,  2.65s/it] 18%|        | 18/100 [00:52<03:39,  2.68s/it] 19%|        | 19/100 [00:55<03:37,  2.69s/it] 20%|        | 20/100 [00:57<03:35,  2.69s/it] 21%|        | 21/100 [01:00<03:33,  2.70s/it] 22%|       | 22/100 [01:03<03:30,  2.70s/it] 23%|       | 23/100 [01:06<03:27,  2.69s/it] 24%|       | 24/100 [01:08<03:23,  2.68s/it] 25%|       | 25/100 [01:11<03:20,  2.67s/it] 26%|       | 26/100 [01:14<03:17,  2.66s/it] 27%|       | 27/100 [01:16<03:13,  2.65s/it] 28%|       | 28/100 [01:19<03:07,  2.60s/it] 29%|       | 29/100 [01:21<03:00,  2.55s/it] 30%|       | 30/100 [01:24<03:00,  2.58s/it] 31%|       | 31/100 [01:26<02:59,  2.60s/it] 32%|      | 32/100 [01:29<02:57,  2.62s/it] 33%|      | 33/100 [01:32<02:55,  2.62s/it] 34%|      | 34/100 [01:34<02:52,  2.61s/it] 35%|      | 35/100 [01:37<02:45,  2.55s/it] 36%|      | 36/100 [01:39<02:40,  2.51s/it] 37%|      | 37/100 [01:42<02:40,  2.55s/it] 38%|      | 38/100 [01:44<02:39,  2.57s/it] 39%|      | 39/100 [01:47<02:37,  2.58s/it] 40%|      | 40/100 [01:50<02:35,  2.59s/it] 41%|      | 41/100 [01:52<02:31,  2.57s/it] 42%|     | 42/100 [01:54<02:26,  2.52s/it] 43%|     | 43/100 [01:57<02:24,  2.54s/it] 44%|     | 44/100 [02:00<02:25,  2.61s/it] 45%|     | 45/100 [02:02<02:24,  2.63s/it] 46%|     | 46/100 [02:05<02:22,  2.63s/it] 47%|     | 47/100 [02:08<02:19,  2.64s/it] 48%|     | 48/100 [02:10<02:18,  2.66s/it] 49%|     | 49/100 [02:13<02:16,  2.67s/it] 50%|     | 50/100 [02:16<02:14,  2.68s/it] 51%|     | 51/100 [02:19<02:12,  2.70s/it] 52%|    | 52/100 [02:21<02:08,  2.69s/it] 53%|    | 53/100 [02:24<02:06,  2.69s/it] 54%|    | 54/100 [02:27<02:03,  2.68s/it] 55%|    | 55/100 [02:29<02:00,  2.68s/it] 56%|    | 56/100 [02:32<01:58,  2.68s/it] 57%|    | 57/100 [02:35<01:53,  2.64s/it] 58%|    | 58/100 [02:37<01:49,  2.61s/it] 59%|    | 59/100 [02:40<01:47,  2.61s/it] 60%|    | 60/100 [02:43<01:46,  2.67s/it] 61%|    | 61/100 [02:45<01:45,  2.71s/it] 62%|   | 62/100 [02:48<01:43,  2.71s/it] 63%|   | 63/100 [02:51<01:41,  2.73s/it] 64%|   | 64/100 [02:54<01:38,  2.74s/it] 65%|   | 65/100 [02:56<01:35,  2.73s/it] 66%|   | 66/100 [02:59<01:33,  2.74s/it] 67%|   | 67/100 [03:02<01:30,  2.73s/it] 68%|   | 68/100 [03:04<01:27,  2.72s/it] 69%|   | 69/100 [03:07<01:24,  2.72s/it] 70%|   | 70/100 [03:10<01:21,  2.72s/it] 71%|   | 71/100 [03:13<01:18,  2.71s/it] 72%|  | 72/100 [03:15<01:15,  2.69s/it] 73%|  | 73/100 [03:18<01:12,  2.69s/it] 74%|  | 74/100 [03:21<01:09,  2.69s/it] 75%|  | 75/100 [03:23<01:07,  2.70s/it] 76%|  | 76/100 [03:26<01:04,  2.70s/it] 77%|  | 77/100 [03:29<01:02,  2.70s/it] 78%|  | 78/100 [03:31<00:59,  2.71s/it] 79%|  | 79/100 [03:34<00:56,  2.71s/it] 80%|  | 80/100 [03:37<00:53,  2.68s/it] 81%|  | 81/100 [03:39<00:50,  2.67s/it] 82%| | 82/100 [03:42<00:48,  2.67s/it] 83%| | 83/100 [03:45<00:45,  2.68s/it] 84%| | 84/100 [03:48<00:43,  2.70s/it] 85%| | 85/100 [03:50<00:40,  2.71s/it] 86%| | 86/100 [03:53<00:38,  2.72s/it] 87%| | 87/100 [03:56<00:35,  2.71s/it] 88%| | 88/100 [03:58<00:32,  2.71s/it] 89%| | 89/100 [04:01<00:29,  2.72s/it] 90%| | 90/100 [04:04<00:27,  2.72s/it] 91%| | 91/100 [04:07<00:24,  2.72s/it] 92%|| 92/100 [04:09<00:21,  2.72s/it] 93%|| 93/100 [04:12<00:19,  2.72s/it] 94%|| 94/100 [04:15<00:16,  2.71s/it] 95%|| 95/100 [04:17<00:13,  2.71s/it] 96%|| 96/100 [04:20<00:10,  2.71s/it] 97%|| 97/100 [04:23<00:08,  2.70s/it] 98%|| 98/100 [04:25<00:05,  2.68s/it] 99%|| 99/100 [04:28<00:02,  2.67s/it]100%|| 100/100 [04:31<00:00,  2.68s/it]100%|| 100/100 [04:31<00:00,  2.71s/it]

Post Processing and Saving Output

Finished!

Processsing Time 1499.7839260101318 seconds

[32m[1ARelocating SEQUENCE_500 to Datasets/HDV[0m
[32m[1A[0KAdding SEQUENCE_500[0m
[0m[31m[0m[32m[1mSEQUENCE_500 Added![0m

[32m[1ARelocating SEQUENCE_501 to Datasets/HDV[0m
[32m[1A[0KAdding SEQUENCE_501[0m
[0m[31m[0m[32m[1mSEQUENCE_501 Added![0m

[32m[1ARelocating SEQUENCE_502 to Datasets/HDV[0m
[32m[1A[0KAdding SEQUENCE_502[0m
[0m[31m[0m[32m[1mSEQUENCE_502 Added![0m

[32m[1ARelocating SEQUENCE_503 to Datasets/HDV[0m
[32m[1A[0KAdding SEQUENCE_503[0m
[0m[31m[0m[32m[1mSEQUENCE_503 Added![0m

[32m[1ARelocating SEQUENCE_504 to Datasets/HDV[0m
[32m[1A[0KAdding SEQUENCE_504[0m
[0m[31m[0m[32m[1mSEQUENCE_504 Added![0m

[32m[1ARelocating SEQUENCE_505 to Datasets/HDV[0m
[32m[1A[0KAdding SEQUENCE_505[0m
[0m[31m[0m[32m[1mSEQUENCE_505 Added![0m

[32m[1ARelocating SEQUENCE_506 to Datasets/HDV[0m
[32m[1A[0KAdding SEQUENCE_506[0m
[0m[31m[0m[32m[1mSEQUENCE_506 Added![0m

[32m[1ARelocating SEQUENCE_507 to Datasets/HDV[0m
[32m[1A[0KAdding SEQUENCE_507[0m
[0m[31m[0m[32m[1mSEQUENCE_507 Added![0m

[32m[1ARelocating SEQUENCE_508 to Datasets/HDV[0m
[32m[1A[0KAdding SEQUENCE_508[0m
[0m[31m[0m[32m[1mSEQUENCE_508 Added![0m

[32m[1ARelocating SEQUENCE_509 to Datasets/HDV[0m
[32m[1A[0KAdding SEQUENCE_509[0m
[0m[31m[0m[32m[1mSEQUENCE_509 Added![0m

[32m[1ARelocating SEQUENCE_510 to Datasets/HDV[0m
[32m[1A[0KAdding SEQUENCE_510[0m
[0m[31m[0m[32m[1mSEQUENCE_510 Added![0m

[32m[1ARelocating SEQUENCE_511 to Datasets/HDV[0m
[32m[1A[0KAdding SEQUENCE_511[0m
[0m[31m[0m[32m[1mSEQUENCE_511 Added![0m

[32m[1ARelocating SEQUENCE_512 to Datasets/HDV[0m
[32m[1A[0KAdding SEQUENCE_512[0m
[0m[31m[0m[32m[1mSEQUENCE_512 Added![0m

[32m[1ARelocating SEQUENCE_513 to Datasets/HDV[0m
[32m[1A[0KAdding SEQUENCE_513[0m
[0m[31m[0m[32m[1mSEQUENCE_513 Added![0m

[32m[1ARelocating SEQUENCE_514 to Datasets/HDV[0m
[32m[1A[0KAdding SEQUENCE_514[0m
[0m[31m[0m[32m[1mSEQUENCE_514 Added![0m

[32m[1ARelocating SEQUENCE_515 to Datasets/HDV[0m
[32m[1A[0KAdding SEQUENCE_515[0m
[0m[31m[0m[32m[1mSEQUENCE_515 Added![0m

[32m[1ARelocating SEQUENCE_516 to Datasets/HDV[0m
[32m[1A[0KAdding SEQUENCE_516[0m
[0m[31m[0m[32m[1mSEQUENCE_516 Added![0m

[32m[1ARelocating SEQUENCE_517 to Datasets/HDV[0m
[32m[1A[0KAdding SEQUENCE_517[0m
[0m[31m[0m[32m[1mSEQUENCE_517 Added![0m

[32m[1ARelocating SEQUENCE_518 to Datasets/HDV[0m
[32m[1A[0KAdding SEQUENCE_518[0m
[0m[31m[0m[32m[1mSEQUENCE_518 Added![0m

[32m[1ARelocating SEQUENCE_519 to Datasets/HDV[0m
[32m[1A[0KAdding SEQUENCE_519[0m
[0m[31m[0m[32m[1mSEQUENCE_519 Added![0m

[32m[1ARelocating SEQUENCE_520 to Datasets/HDV[0m
[32m[1A[0KAdding SEQUENCE_520[0m
[0m[31m[0m[32m[1mSEQUENCE_520 Added![0m

[32m[1ARelocating SEQUENCE_521 to Datasets/HDV[0m
[32m[1A[0KAdding SEQUENCE_521[0m
[0m[31m[0m[32m[1mSEQUENCE_521 Added![0m

[32m[1ARelocating SEQUENCE_522 to Datasets/HDV[0m
[32m[1A[0KAdding SEQUENCE_522[0m
[0m[31m[0m[32m[1mSEQUENCE_522 Added![0m

[32m[1ARelocating SEQUENCE_523 to Datasets/HDV[0m
[32m[1A[0KAdding SEQUENCE_523[0m
[0m[31m[0m[32m[1mSEQUENCE_523 Added![0m

[32m[1ARelocating SEQUENCE_524 to Datasets/HDV[0m
[32m[1A[0KAdding SEQUENCE_524[0m
[0m[31m[0m[32m[1mSEQUENCE_524 Added![0m

[32m[1ARelocating SEQUENCE_525 to Datasets/HDV[0m
[32m[1A[0KAdding SEQUENCE_525[0m
[0m[31m[0m[32m[1mSEQUENCE_525 Added![0m

[32m[1ARelocating SEQUENCE_526 to Datasets/HDV[0m
[32m[1A[0KAdding SEQUENCE_526[0m
[0m[31m[0m[32m[1mSEQUENCE_526 Added![0m

[32m[1ARelocating SEQUENCE_527 to Datasets/HDV[0m
[32m[1A[0KAdding SEQUENCE_527[0m
[0m[31m[0m[32m[1mSEQUENCE_527 Added![0m

[32m[1ARelocating SEQUENCE_528 to Datasets/HDV[0m
[32m[1A[0KAdding SEQUENCE_528[0m
[0m[31m[0m[32m[1mSEQUENCE_528 Added![0m

[32m[1ARelocating SEQUENCE_529 to Datasets/HDV[0m
[32m[1A[0KAdding SEQUENCE_529[0m
[0m[31m[0m[32m[1mSEQUENCE_529 Added![0m

[32m[1ARelocating SEQUENCE_530 to Datasets/HDV[0m
[32m[1A[0KAdding SEQUENCE_530[0m
[0m[31m[0m[32m[1mSEQUENCE_530 Added![0m

[32m[1ARelocating SEQUENCE_531 to Datasets/HDV[0m
[32m[1A[0KAdding SEQUENCE_531[0m
[0m[31m[0m[32m[1mSEQUENCE_531 Added![0m

[32m[1ARelocating SEQUENCE_532 to Datasets/HDV[0m
[32m[1A[0KAdding SEQUENCE_532[0m
[0m[31m[0m[32m[1mSEQUENCE_532 Added![0m

[32m[1ARelocating SEQUENCE_533 to Datasets/HDV[0m
[32m[1A[0KAdding SEQUENCE_533[0m
[0m[31m[0m[32m[1mSEQUENCE_533 Added![0m

[32m[1ARelocating SEQUENCE_534 to Datasets/HDV[0m
[32m[1A[0KAdding SEQUENCE_534[0m
[0m[31m[0m[32m[1mSEQUENCE_534 Added![0m

[32m[1ARelocating SEQUENCE_535 to Datasets/HDV[0m
[32m[1A[0KAdding SEQUENCE_535[0m
[0m[31m[0m[32m[1mSEQUENCE_535 Added![0m

[32m[1ARelocating SEQUENCE_536 to Datasets/HDV[0m
[32m[1A[0KAdding SEQUENCE_536[0m
[0m[31m[0m[32m[1mSEQUENCE_536 Added![0m

[32m[1ARelocating SEQUENCE_537 to Datasets/HDV[0m
[32m[1A[0KAdding SEQUENCE_537[0m
[0m[31m[0m[32m[1mSEQUENCE_537 Added![0m

[32m[1ARelocating SEQUENCE_538 to Datasets/HDV[0m
[32m[1A[0KAdding SEQUENCE_538[0m
[0m[31m[0m[32m[1mSEQUENCE_538 Added![0m

[32m[1ARelocating SEQUENCE_539 to Datasets/HDV[0m
[32m[1A[0KAdding SEQUENCE_539[0m
[0m[31m[0m[32m[1mSEQUENCE_539 Added![0m

[32m[1ARelocating SEQUENCE_540 to Datasets/HDV[0m
[32m[1A[0KAdding SEQUENCE_540[0m
[0m[31m[0m[32m[1mSEQUENCE_540 Added![0m

[32m[1ARelocating SEQUENCE_541 to Datasets/HDV[0m
[32m[1A[0KAdding SEQUENCE_541[0m
[0m[31m[0m[32m[1mSEQUENCE_541 Added![0m

[32m[1ARelocating SEQUENCE_542 to Datasets/HDV[0m
[32m[1A[0KAdding SEQUENCE_542[0m
[0m[31m[0m[32m[1mSEQUENCE_542 Added![0m

[32m[1ARelocating SEQUENCE_543 to Datasets/HDV[0m
[32m[1A[0KAdding SEQUENCE_543[0m
[0m[31m[0m[32m[1mSEQUENCE_543 Added![0m

[32m[1ARelocating SEQUENCE_544 to Datasets/HDV[0m
[32m[1A[0KAdding SEQUENCE_544[0m
[0m[31m[0m[32m[1mSEQUENCE_544 Added![0m

[32m[1ARelocating SEQUENCE_545 to Datasets/HDV[0m
[32m[1A[0KAdding SEQUENCE_545[0m
[0m[31m[0m[32m[1mSEQUENCE_545 Added![0m

[32m[1ARelocating SEQUENCE_546 to Datasets/HDV[0m
[32m[1A[0KAdding SEQUENCE_546[0m
[0m[31m[0m[32m[1mSEQUENCE_546 Added![0m

[32m[1ARelocating SEQUENCE_547 to Datasets/HDV[0m
[32m[1A[0KAdding SEQUENCE_547[0m
[0m[31m[0m[32m[1mSEQUENCE_547 Added![0m

[32m[1ARelocating SEQUENCE_548 to Datasets/HDV[0m
[32m[1A[0KAdding SEQUENCE_548[0m
[0m[31m[0m[32m[1mSEQUENCE_548 Added![0m

[32m[1ARelocating SEQUENCE_549 to Datasets/HDV[0m
[32m[1A[0KAdding SEQUENCE_549[0m
[0m[31m[0m[32m[1mSEQUENCE_549 Added![0m
Commit Ready for SEQUENCE_500_to_549

[32m[1ARelocating SEQUENCE_550 to Datasets/HDV[0m
[32m[1A[0KAdding SEQUENCE_550[0m
[0m[31m[0m[32m[1mSEQUENCE_550 Added![0m

[32m[1ARelocating SEQUENCE_551 to Datasets/HDV[0m
[32m[1A[0KAdding SEQUENCE_551[0m
[0m[31m[0m[32m[1mSEQUENCE_551 Added![0m

[32m[1ARelocating SEQUENCE_552 to Datasets/HDV[0m
[32m[1A[0KAdding SEQUENCE_552[0m
[0m[31m[0m[32m[1mSEQUENCE_552 Added![0m

[32m[1ARelocating SEQUENCE_553 to Datasets/HDV[0m
[32m[1A[0KAdding SEQUENCE_553[0m
[0m[31m[0m[32m[1mSEQUENCE_553 Added![0m

[32m[1ARelocating SEQUENCE_554 to Datasets/HDV[0m
[32m[1A[0KAdding SEQUENCE_554[0m
[0m[31m[0m[32m[1mSEQUENCE_554 Added![0m

[32m[1ARelocating SEQUENCE_555 to Datasets/HDV[0m
[32m[1A[0KAdding SEQUENCE_555[0m
[0m[31m[0m[32m[1mSEQUENCE_555 Added![0m

[32m[1ARelocating SEQUENCE_556 to Datasets/HDV[0m
[32m[1A[0KAdding SEQUENCE_556[0m
[0m[31m[0m[32m[1mSEQUENCE_556 Added![0m

[32m[1ARelocating SEQUENCE_557 to Datasets/HDV[0m
[32m[1A[0KAdding SEQUENCE_557[0m
[0m[31m[0m[32m[1mSEQUENCE_557 Added![0m

[32m[1ARelocating SEQUENCE_558 to Datasets/HDV[0m
[32m[1A[0KAdding SEQUENCE_558[0m
[0m[31m[0m[32m[1mSEQUENCE_558 Added![0m

[32m[1ARelocating SEQUENCE_559 to Datasets/HDV[0m
[32m[1A[0KAdding SEQUENCE_559[0m
[0m[31m[0m[32m[1mSEQUENCE_559 Added![0m

[32m[1ARelocating SEQUENCE_560 to Datasets/HDV[0m
[32m[1A[0KAdding SEQUENCE_560[0m
[0m[31m[0m[32m[1mSEQUENCE_560 Added![0m

[32m[1ARelocating SEQUENCE_561 to Datasets/HDV[0m
[32m[1A[0KAdding SEQUENCE_561[0m
[0m[31m[0m[32m[1mSEQUENCE_561 Added![0m

[32m[1ARelocating SEQUENCE_562 to Datasets/HDV[0m
[32m[1A[0KAdding SEQUENCE_562[0m
[0m[31m[0m[32m[1mSEQUENCE_562 Added![0m

[32m[1ARelocating SEQUENCE_563 to Datasets/HDV[0m
[32m[1A[0KAdding SEQUENCE_563[0m
[0m[31m[0m[32m[1mSEQUENCE_563 Added![0m

[32m[1ARelocating SEQUENCE_564 to Datasets/HDV[0m
[32m[1A[0KAdding SEQUENCE_564[0m
[0m[31m[0m[32m[1mSEQUENCE_564 Added![0m

[32m[1ARelocating SEQUENCE_565 to Datasets/HDV[0m
[32m[1A[0KAdding SEQUENCE_565[0m
[0m[31m[0m[32m[1mSEQUENCE_565 Added![0m

[32m[1ARelocating SEQUENCE_566 to Datasets/HDV[0m
[32m[1A[0KAdding SEQUENCE_566[0m
[0m[31m[0m[32m[1mSEQUENCE_566 Added![0m

[32m[1ARelocating SEQUENCE_567 to Datasets/HDV[0m
[32m[1A[0KAdding SEQUENCE_567[0m
[0m[31m[0m[32m[1mSEQUENCE_567 Added![0m

[32m[1ARelocating SEQUENCE_568 to Datasets/HDV[0m
[32m[1A[0KAdding SEQUENCE_568[0m
[0m[31m[0m[32m[1mSEQUENCE_568 Added![0m

[32m[1ARelocating SEQUENCE_569 to Datasets/HDV[0m
[32m[1A[0KAdding SEQUENCE_569[0m
[0m[31m[0m[32m[1mSEQUENCE_569 Added![0m

[32m[1ARelocating SEQUENCE_570 to Datasets/HDV[0m
[32m[1A[0KAdding SEQUENCE_570[0m
[0m[31m[0m[32m[1mSEQUENCE_570 Added![0m

[32m[1ARelocating SEQUENCE_571 to Datasets/HDV[0m
[32m[1A[0KAdding SEQUENCE_571[0m
[0m[31m[0m[32m[1mSEQUENCE_571 Added![0m

[32m[1ARelocating SEQUENCE_572 to Datasets/HDV[0m
[32m[1A[0KAdding SEQUENCE_572[0m
[0m[31m[0m[32m[1mSEQUENCE_572 Added![0m

[32m[1ARelocating SEQUENCE_573 to Datasets/HDV[0m
[32m[1A[0KAdding SEQUENCE_573[0m
[0m[31m[0m[32m[1mSEQUENCE_573 Added![0m

[32m[1ARelocating SEQUENCE_574 to Datasets/HDV[0m
[32m[1A[0KAdding SEQUENCE_574[0m
[0m[31m[0m[32m[1mSEQUENCE_574 Added![0m

[32m[1ARelocating SEQUENCE_575 to Datasets/HDV[0m
[32m[1A[0KAdding SEQUENCE_575[0m
[0m[31m[0m[32m[1mSEQUENCE_575 Added![0m

[32m[1ARelocating SEQUENCE_576 to Datasets/HDV[0m
[32m[1A[0KAdding SEQUENCE_576[0m
[0m[31m[0m[32m[1mSEQUENCE_576 Added![0m

[32m[1ARelocating SEQUENCE_577 to Datasets/HDV[0m
[32m[1A[0KAdding SEQUENCE_577[0m
[0m[31m[0m[32m[1mSEQUENCE_577 Added![0m

[32m[1ARelocating SEQUENCE_578 to Datasets/HDV[0m
[32m[1A[0KAdding SEQUENCE_578[0m
[0m[31m[0m[32m[1mSEQUENCE_578 Added![0m

[32m[1ARelocating SEQUENCE_579 to Datasets/HDV[0m
[32m[1A[0KAdding SEQUENCE_579[0m
[0m[31m[0m[32m[1mSEQUENCE_579 Added![0m

[32m[1ARelocating SEQUENCE_580 to Datasets/HDV[0m
[32m[1A[0KAdding SEQUENCE_580[0m
[0m[31m[0m[32m[1mSEQUENCE_580 Added![0m

[32m[1ARelocating SEQUENCE_581 to Datasets/HDV[0m
[32m[1A[0KAdding SEQUENCE_581[0m
[0m[31m[0m[32m[1mSEQUENCE_581 Added![0m

[32m[1ARelocating SEQUENCE_582 to Datasets/HDV[0m
[32m[1A[0KAdding SEQUENCE_582[0m
[0m[31m[0m[32m[1mSEQUENCE_582 Added![0m

[32m[1ARelocating SEQUENCE_583 to Datasets/HDV[0m
[32m[1A[0KAdding SEQUENCE_583[0m
[0m[31m[0m[32m[1mSEQUENCE_583 Added![0m

[32m[1ARelocating SEQUENCE_584 to Datasets/HDV[0m
[32m[1A[0KAdding SEQUENCE_584[0m
[0m[31m[0m[32m[1mSEQUENCE_584 Added![0m

[32m[1ARelocating SEQUENCE_585 to Datasets/HDV[0m
[32m[1A[0KAdding SEQUENCE_585[0m
[0m[31m[0m[32m[1mSEQUENCE_585 Added![0m

[32m[1ARelocating SEQUENCE_586 to Datasets/HDV[0m
[32m[1A[0KAdding SEQUENCE_586[0m
[0m[31m[0m[32m[1mSEQUENCE_586 Added![0m

[32m[1ARelocating SEQUENCE_587 to Datasets/HDV[0m
[32m[1A[0KAdding SEQUENCE_587[0m
[0m[31m[0m[32m[1mSEQUENCE_587 Added![0m

[32m[1ARelocating SEQUENCE_588 to Datasets/HDV[0m
[32m[1A[0KAdding SEQUENCE_588[0m
[0m[31m[0m[32m[1mSEQUENCE_588 Added![0m

[32m[1ARelocating SEQUENCE_589 to Datasets/HDV[0m
[32m[1A[0KAdding SEQUENCE_589[0m
[0m[31m[0m[32m[1mSEQUENCE_589 Added![0m

[32m[1ARelocating SEQUENCE_590 to Datasets/HDV[0m
[32m[1A[0KAdding SEQUENCE_590[0m
[0m[31m[0m[32m[1mSEQUENCE_590 Added![0m

[32m[1ARelocating SEQUENCE_591 to Datasets/HDV[0m
[32m[1A[0KAdding SEQUENCE_591[0m
[0m[31m[0m[32m[1mSEQUENCE_591 Added![0m

[32m[1ARelocating SEQUENCE_592 to Datasets/HDV[0m
[32m[1A[0KAdding SEQUENCE_592[0m
[0m[31m[0m[32m[1mSEQUENCE_592 Added![0m

[32m[1ARelocating SEQUENCE_593 to Datasets/HDV[0m
[32m[1A[0KAdding SEQUENCE_593[0m
[0m[31m[0m[32m[1mSEQUENCE_593 Added![0m

[32m[1ARelocating SEQUENCE_594 to Datasets/HDV[0m
[32m[1A[0KAdding SEQUENCE_594[0m
[0m[31m[0m[32m[1mSEQUENCE_594 Added![0m

[32m[1ARelocating SEQUENCE_595 to Datasets/HDV[0m
[32m[1A[0KAdding SEQUENCE_595[0m
[0m[31m[0m[32m[1mSEQUENCE_595 Added![0m

[32m[1ARelocating SEQUENCE_596 to Datasets/HDV[0m
[32m[1A[0KAdding SEQUENCE_596[0m
[0m[31m[0m[32m[1mSEQUENCE_596 Added![0m

[32m[1ARelocating SEQUENCE_597 to Datasets/HDV[0m
[32m[1A[0KAdding SEQUENCE_597[0m
[0m[31m[0m[32m[1mSEQUENCE_597 Added![0m

[32m[1ARelocating SEQUENCE_598 to Datasets/HDV[0m
[32m[1A[0KAdding SEQUENCE_598[0m
[0m[31m[0m[32m[1mSEQUENCE_598 Added![0m

[32m[1ARelocating SEQUENCE_599 to Datasets/HDV[0m
[32m[1A[0KAdding SEQUENCE_599[0m
[0m[31m[0m[32m[1mSEQUENCE_599 Added![0m
Commit Ready for SEQUENCE_550_to_599
